<?xml version="1.0" encoding="utf-8"?>
<!DOCTYPE coverage SYSTEM "http://cobertura.sourceforge.net/xml/coverage-04.dtd">
<coverage line-rate="0.98371335504886" branch-rate="0.946808510638298" lines-covered="604" lines-valid="614" branches-covered="89" branches-valid="94" complexity="155" version="0" timestamp="1696960263">
  <sources>
    <source>C:\Users\HP\</source>
  </sources>
  <packages>
    <package name="CustomLinkedListTesting" line-rate="0.997389033942559" branch-rate="1" complexity="41">
      <classes>
        <class name="AutoGeneratedProgram" filename="C:\Users\HP\.nuget\packages\microsoft.net.test.sdk\17.7.1\build\netcoreapp3.1\Microsoft.NET.Test.Sdk.Program.cs" line-rate="0" branch-rate="1" complexity="1">
          <methods>
            <method name="Main" signature="(...)" line-rate="0" branch-rate="1" complexity="1">
              <lines>
                <line number="4" hits="0" branch="false" />
              </lines>
            </method>
          </methods>
          <lines>
            <line number="4" hits="0" branch="false" />
          </lines>
        </class>
        <class name="CustomLinkedListTesting.MessageManagerTests" filename="C:\Users\HP\Documents\kpi\.NET\Part 2\lab1-dotnet2\Lab1\CustomLinkedListTesting\MessageManagerTests.cs" line-rate="1" branch-rate="1" complexity="7">
          <methods>
            <method name="SetUp" signature="()" line-rate="1" branch-rate="1" complexity="1">
              <lines>
                <line number="17" hits="6" branch="false" />
                <line number="18" hits="6" branch="false" />
                <line number="19" hits="6" branch="false" />
                <line number="20" hits="6" branch="false" />
              </lines>
            </method>
            <method name="InitHandlers_NoHandlers_TrueReturned" signature="()" line-rate="1" branch-rate="1" complexity="1">
              <lines>
                <line number="24" hits="1" branch="false" />
                <line number="25" hits="1" branch="false" />
                <line number="27" hits="1" branch="false" />
                <line number="28" hits="1" branch="false" />
              </lines>
            </method>
            <method name="OnBeginPlacedHandler_AddHandler_TrueReturned" signature="()" line-rate="1" branch-rate="1" complexity="1">
              <lines>
                <line number="32" hits="1" branch="false" />
                <line number="33" hits="1" branch="false" />
                <line number="35" hits="1" branch="false" />
                <line number="37" hits="2" branch="false" />
                <line number="39" hits="1" branch="false" />
                <line number="41" hits="1" branch="false" />
                <line number="43" hits="1" branch="false" />
              </lines>
            </method>
            <method name="OnAddingHandler_AddHandler_TrueReturned" signature="()" line-rate="1" branch-rate="1" complexity="1">
              <lines>
                <line number="47" hits="1" branch="false" />
                <line number="48" hits="1" branch="false" />
                <line number="50" hits="1" branch="false" />
                <line number="51" hits="2" branch="false" />
                <line number="53" hits="1" branch="false" />
                <line number="54" hits="1" branch="false" />
                <line number="55" hits="1" branch="false" />
                <line number="56" hits="1" branch="false" />
                <line number="57" hits="1" branch="false" />
                <line number="59" hits="1" branch="false" />
                <line number="60" hits="1" branch="false" />
              </lines>
            </method>
            <method name="OnClearedHandler_AddHandler_TrueReturned" signature="()" line-rate="1" branch-rate="1" complexity="1">
              <lines>
                <line number="64" hits="1" branch="false" />
                <line number="65" hits="1" branch="false" />
                <line number="67" hits="1" branch="false" />
                <line number="68" hits="2" branch="false" />
                <line number="70" hits="1" branch="false" />
                <line number="71" hits="1" branch="false" />
                <line number="72" hits="1" branch="false" />
                <line number="73" hits="1" branch="false" />
                <line number="74" hits="1" branch="false" />
                <line number="76" hits="1" branch="false" />
                <line number="77" hits="1" branch="false" />
              </lines>
            </method>
            <method name="OnRemovingHandler_AddHandler_TrueReturned" signature="()" line-rate="1" branch-rate="1" complexity="1">
              <lines>
                <line number="81" hits="1" branch="false" />
                <line number="82" hits="1" branch="false" />
                <line number="84" hits="1" branch="false" />
                <line number="85" hits="2" branch="false" />
                <line number="87" hits="1" branch="false" />
                <line number="88" hits="1" branch="false" />
                <line number="89" hits="1" branch="false" />
                <line number="90" hits="1" branch="false" />
                <line number="91" hits="1" branch="false" />
                <line number="93" hits="1" branch="false" />
                <line number="94" hits="1" branch="false" />
              </lines>
            </method>
            <method name="OnCopiedHandler_AddHandler_TrueReturned" signature="()" line-rate="1" branch-rate="1" complexity="1">
              <lines>
                <line number="98" hits="1" branch="false" />
                <line number="99" hits="1" branch="false" />
                <line number="101" hits="1" branch="false" />
                <line number="102" hits="2" branch="false" />
                <line number="104" hits="1" branch="false" />
                <line number="106" hits="1" branch="false" />
                <line number="107" hits="1" branch="false" />
                <line number="108" hits="1" branch="false" />
                <line number="109" hits="1" branch="false" />
                <line number="110" hits="1" branch="false" />
                <line number="112" hits="1" branch="false" />
                <line number="113" hits="1" branch="false" />
              </lines>
            </method>
          </methods>
          <lines>
            <line number="17" hits="6" branch="false" />
            <line number="18" hits="6" branch="false" />
            <line number="19" hits="6" branch="false" />
            <line number="20" hits="6" branch="false" />
            <line number="24" hits="1" branch="false" />
            <line number="25" hits="1" branch="false" />
            <line number="27" hits="1" branch="false" />
            <line number="28" hits="1" branch="false" />
            <line number="32" hits="1" branch="false" />
            <line number="33" hits="1" branch="false" />
            <line number="35" hits="1" branch="false" />
            <line number="37" hits="2" branch="false" />
            <line number="39" hits="1" branch="false" />
            <line number="41" hits="1" branch="false" />
            <line number="43" hits="1" branch="false" />
            <line number="47" hits="1" branch="false" />
            <line number="48" hits="1" branch="false" />
            <line number="50" hits="1" branch="false" />
            <line number="51" hits="2" branch="false" />
            <line number="53" hits="1" branch="false" />
            <line number="54" hits="1" branch="false" />
            <line number="55" hits="1" branch="false" />
            <line number="56" hits="1" branch="false" />
            <line number="57" hits="1" branch="false" />
            <line number="59" hits="1" branch="false" />
            <line number="60" hits="1" branch="false" />
            <line number="64" hits="1" branch="false" />
            <line number="65" hits="1" branch="false" />
            <line number="67" hits="1" branch="false" />
            <line number="68" hits="2" branch="false" />
            <line number="70" hits="1" branch="false" />
            <line number="71" hits="1" branch="false" />
            <line number="72" hits="1" branch="false" />
            <line number="73" hits="1" branch="false" />
            <line number="74" hits="1" branch="false" />
            <line number="76" hits="1" branch="false" />
            <line number="77" hits="1" branch="false" />
            <line number="81" hits="1" branch="false" />
            <line number="82" hits="1" branch="false" />
            <line number="84" hits="1" branch="false" />
            <line number="85" hits="2" branch="false" />
            <line number="87" hits="1" branch="false" />
            <line number="88" hits="1" branch="false" />
            <line number="89" hits="1" branch="false" />
            <line number="90" hits="1" branch="false" />
            <line number="91" hits="1" branch="false" />
            <line number="93" hits="1" branch="false" />
            <line number="94" hits="1" branch="false" />
            <line number="98" hits="1" branch="false" />
            <line number="99" hits="1" branch="false" />
            <line number="101" hits="1" branch="false" />
            <line number="102" hits="2" branch="false" />
            <line number="104" hits="1" branch="false" />
            <line number="106" hits="1" branch="false" />
            <line number="107" hits="1" branch="false" />
            <line number="108" hits="1" branch="false" />
            <line number="109" hits="1" branch="false" />
            <line number="110" hits="1" branch="false" />
            <line number="112" hits="1" branch="false" />
            <line number="113" hits="1" branch="false" />
          </lines>
        </class>
        <class name="CustomLinkedListTesting.Tests" filename="C:\Users\HP\Documents\kpi\.NET\Part 2\lab1-dotnet2\Lab1\CustomLinkedListTesting\CustomLinkedListTests.cs" line-rate="1" branch-rate="1" complexity="33">
          <methods>
            <method name="Setup" signature="()" line-rate="1" branch-rate="1" complexity="1">
              <lines>
                <line number="11" hits="30" branch="false" />
                <line number="12" hits="30" branch="false" />
                <line number="13" hits="30" branch="false" />
              </lines>
            </method>
            <method name="AddFirst_NewNode_EmptyList_ResultListWithOneNode" signature="()" line-rate="1" branch-rate="1" complexity="1">
              <lines>
                <line number="17" hits="1" branch="false" />
                <line number="18" hits="1" branch="false" />
                <line number="20" hits="1" branch="false" />
                <line number="22" hits="1" branch="false" />
                <line number="23" hits="1" branch="false" />
                <line number="24" hits="1" branch="false" />
                <line number="25" hits="1" branch="false" />
                <line number="26" hits="2" branch="false" />
                <line number="27" hits="1" branch="false" />
              </lines>
            </method>
            <method name="AddFirst_NewNode_ListWithOneNode_ResultFirstNodeIsAddedNode" signature="()" line-rate="1" branch-rate="1" complexity="1">
              <lines>
                <line number="31" hits="1" branch="false" />
                <line number="32" hits="1" branch="false" />
                <line number="33" hits="1" branch="false" />
                <line number="35" hits="1" branch="false" />
                <line number="36" hits="1" branch="false" />
                <line number="38" hits="1" branch="false" />
                <line number="39" hits="1" branch="false" />
                <line number="40" hits="1" branch="false" />
                <line number="41" hits="1" branch="false" />
                <line number="42" hits="2" branch="false" />
                <line number="43" hits="1" branch="false" />
              </lines>
            </method>
            <method name="AddLast_NewNode_EmptyList_ResultListWithOneNodeOnLastPlace" signature="()" line-rate="1" branch-rate="1" complexity="1">
              <lines>
                <line number="47" hits="1" branch="false" />
                <line number="48" hits="1" branch="false" />
                <line number="50" hits="1" branch="false" />
                <line number="52" hits="1" branch="false" />
                <line number="53" hits="1" branch="false" />
                <line number="54" hits="1" branch="false" />
                <line number="55" hits="1" branch="false" />
                <line number="56" hits="1" branch="false" />
                <line number="57" hits="2" branch="false" />
                <line number="58" hits="1" branch="false" />
              </lines>
            </method>
            <method name="AddLast_NewNode_ListWithOneNode_ResultLastNodeIsNewNode" signature="()" line-rate="1" branch-rate="1" complexity="1">
              <lines>
                <line number="62" hits="1" branch="false" />
                <line number="63" hits="1" branch="false" />
                <line number="64" hits="1" branch="false" />
                <line number="66" hits="1" branch="false" />
                <line number="67" hits="1" branch="false" />
                <line number="69" hits="1" branch="false" />
                <line number="70" hits="1" branch="false" />
                <line number="71" hits="1" branch="false" />
                <line number="72" hits="1" branch="false" />
                <line number="73" hits="2" branch="false" />
                <line number="74" hits="1" branch="false" />
              </lines>
            </method>
            <method name="Clear_ListWith5Elements_ResultEmptyList" signature="()" line-rate="1" branch-rate="1" complexity="2">
              <lines>
                <line number="78" hits="1" branch="false" />
                <line number="79" hits="12" branch="true" condition-coverage="100% (2/2)" />
                <line number="80" hits="5" branch="false" />
                <line number="81" hits="5" branch="false" />
                <line number="82" hits="5" branch="false" />
                <line number="84" hits="1" branch="false" />
                <line number="86" hits="1" branch="false" />
                <line number="87" hits="1" branch="false" />
                <line number="88" hits="1" branch="false" />
                <line number="89" hits="1" branch="false" />
                <line number="90" hits="2" branch="false" />
                <line number="92" hits="1" branch="false" />
              </lines>
            </method>
            <method name="AddBefore_EmptyList_ResultListWithOneElementOnFirstPlace" signature="()" line-rate="1" branch-rate="1" complexity="1">
              <lines>
                <line number="96" hits="1" branch="false" />
                <line number="97" hits="1" branch="false" />
                <line number="99" hits="1" branch="false" />
                <line number="101" hits="1" branch="false" />
                <line number="102" hits="1" branch="false" />
                <line number="103" hits="1" branch="false" />
                <line number="104" hits="1" branch="false" />
                <line number="105" hits="1" branch="false" />
                <line number="106" hits="2" branch="false" />
                <line number="107" hits="1" branch="false" />
              </lines>
            </method>
            <method name="AddBefore_ListWith1Node_Result2ElementsWithNewNodeOnTheFirstPlace" signature="()" line-rate="1" branch-rate="1" complexity="1">
              <lines>
                <line number="112" hits="1" branch="false" />
                <line number="113" hits="1" branch="false" />
                <line number="114" hits="1" branch="false" />
                <line number="116" hits="1" branch="false" />
                <line number="118" hits="1" branch="false" />
                <line number="121" hits="1" branch="false" />
                <line number="122" hits="1" branch="false" />
                <line number="123" hits="1" branch="false" />
                <line number="124" hits="1" branch="false" />
                <line number="125" hits="1" branch="false" />
                <line number="126" hits="2" branch="false" />
                <line number="127" hits="1" branch="false" />
              </lines>
            </method>
            <method name="AddBefore_ListWith1NodeButOldNodeIsNotFromList_ResultNullRefException" signature="()" line-rate="1" branch-rate="1" complexity="1">
              <lines>
                <line number="131" hits="1" branch="false" />
                <line number="132" hits="1" branch="false" />
                <line number="134" hits="1" branch="false" />
                <line number="136" hits="1" branch="false" />
                <line number="138" hits="1" branch="false" />
                <line number="140" hits="2" branch="false" />
                <line number="141" hits="1" branch="false" />
              </lines>
            </method>
            <method name="AddBefore_ListWith3Elements_ResultAddedNodeBeforeLastElement" signature="()" line-rate="1" branch-rate="1" complexity="1">
              <lines>
                <line number="145" hits="1" branch="false" />
                <line number="146" hits="1" branch="false" />
                <line number="147" hits="1" branch="false" />
                <line number="148" hits="1" branch="false" />
                <line number="150" hits="1" branch="false" />
                <line number="151" hits="1" branch="false" />
                <line number="152" hits="1" branch="false" />
                <line number="154" hits="1" branch="false" />
                <line number="156" hits="1" branch="false" />
                <line number="158" hits="1" branch="false" />
                <line number="159" hits="1" branch="false" />
                <line number="160" hits="1" branch="false" />
                <line number="161" hits="1" branch="false" />
                <line number="162" hits="1" branch="false" />
                <line number="163" hits="1" branch="false" />
                <line number="164" hits="1" branch="false" />
                <line number="165" hits="2" branch="false" />
                <line number="167" hits="1" branch="false" />
              </lines>
            </method>
            <method name="AddAfter_EmptyList_ResultListWith1ElementOnFirstPlace" signature="()" line-rate="1" branch-rate="1" complexity="1">
              <lines>
                <line number="171" hits="1" branch="false" />
                <line number="172" hits="1" branch="false" />
                <line number="174" hits="1" branch="false" />
                <line number="176" hits="1" branch="false" />
                <line number="177" hits="1" branch="false" />
                <line number="178" hits="1" branch="false" />
                <line number="179" hits="1" branch="false" />
                <line number="180" hits="1" branch="false" />
                <line number="181" hits="2" branch="false" />
                <line number="182" hits="1" branch="false" />
              </lines>
            </method>
            <method name="AddAfter_ListWith1Element_ResultListWith2ElementsWithNewNodeOnTheLastPlace" signature="()" line-rate="1" branch-rate="1" complexity="1">
              <lines>
                <line number="186" hits="1" branch="false" />
                <line number="187" hits="1" branch="false" />
                <line number="189" hits="1" branch="false" />
                <line number="191" hits="1" branch="false" />
                <line number="193" hits="1" branch="false" />
                <line number="195" hits="1" branch="false" />
                <line number="196" hits="1" branch="false" />
                <line number="197" hits="1" branch="false" />
                <line number="198" hits="1" branch="false" />
                <line number="199" hits="1" branch="false" />
                <line number="200" hits="1" branch="false" />
                <line number="201" hits="1" branch="false" />
                <line number="202" hits="2" branch="false" />
                <line number="204" hits="1" branch="false" />
              </lines>
            </method>
            <method name="AddAfter_ListWith1NodeButOldNodeIsNotFromList_ResultThrowNullrefException" signature="()" line-rate="1" branch-rate="1" complexity="1">
              <lines>
                <line number="208" hits="1" branch="false" />
                <line number="209" hits="1" branch="false" />
                <line number="210" hits="1" branch="false" />
                <line number="211" hits="1" branch="false" />
                <line number="213" hits="1" branch="false" />
                <line number="215" hits="2" branch="false" />
                <line number="216" hits="1" branch="false" />
              </lines>
            </method>
            <method name="AddAfter_ListWith3Elements_ResultAddedElementAfterFirst" signature="()" line-rate="1" branch-rate="1" complexity="1">
              <lines>
                <line number="220" hits="1" branch="false" />
                <line number="221" hits="1" branch="false" />
                <line number="222" hits="1" branch="false" />
                <line number="223" hits="1" branch="false" />
                <line number="225" hits="1" branch="false" />
                <line number="226" hits="1" branch="false" />
                <line number="227" hits="1" branch="false" />
                <line number="229" hits="1" branch="false" />
                <line number="231" hits="1" branch="false" />
                <line number="233" hits="1" branch="false" />
                <line number="234" hits="1" branch="false" />
                <line number="235" hits="1" branch="false" />
                <line number="236" hits="1" branch="false" />
                <line number="237" hits="1" branch="false" />
                <line number="238" hits="1" branch="false" />
                <line number="239" hits="1" branch="false" />
                <line number="240" hits="2" branch="false" />
                <line number="241" hits="1" branch="false" />
              </lines>
            </method>
            <method name="RemoveFirst_EmptyList_ResultThrowException" signature="()" line-rate="1" branch-rate="1" complexity="1">
              <lines>
                <line number="245" hits="1" branch="false" />
                <line number="246" hits="2" branch="false" />
                <line number="247" hits="1" branch="false" />
              </lines>
            </method>
            <method name="RemoveFirst_ListWith2Elements_ResultListWith1ElementOnTheFirstPlace" signature="()" line-rate="1" branch-rate="1" complexity="1">
              <lines>
                <line number="251" hits="1" branch="false" />
                <line number="252" hits="1" branch="false" />
                <line number="253" hits="1" branch="false" />
                <line number="255" hits="1" branch="false" />
                <line number="256" hits="1" branch="false" />
                <line number="258" hits="1" branch="false" />
                <line number="260" hits="1" branch="false" />
                <line number="261" hits="1" branch="false" />
                <line number="262" hits="1" branch="false" />
                <line number="263" hits="1" branch="false" />
                <line number="264" hits="1" branch="false" />
                <line number="265" hits="2" branch="false" />
                <line number="266" hits="1" branch="false" />
              </lines>
            </method>
            <method name="RemoveLast_EmptyList_ResultThrowException" signature="()" line-rate="1" branch-rate="1" complexity="1">
              <lines>
                <line number="270" hits="1" branch="false" />
                <line number="271" hits="2" branch="false" />
                <line number="272" hits="1" branch="false" />
              </lines>
            </method>
            <method name="RemoveLast_ListWith2Elements_ResultListWith1ElementOnTheFirstPlace" signature="()" line-rate="1" branch-rate="1" complexity="1">
              <lines>
                <line number="276" hits="1" branch="false" />
                <line number="277" hits="1" branch="false" />
                <line number="278" hits="1" branch="false" />
                <line number="280" hits="1" branch="false" />
                <line number="281" hits="1" branch="false" />
                <line number="283" hits="1" branch="false" />
                <line number="285" hits="1" branch="false" />
                <line number="286" hits="1" branch="false" />
                <line number="287" hits="1" branch="false" />
                <line number="288" hits="1" branch="false" />
                <line number="289" hits="1" branch="false" />
                <line number="290" hits="2" branch="false" />
                <line number="291" hits="1" branch="false" />
              </lines>
            </method>
            <method name="Remove_EmptyList_ResultThrowException" signature="()" line-rate="1" branch-rate="1" complexity="1">
              <lines>
                <line number="295" hits="1" branch="false" />
                <line number="296" hits="2" branch="false" />
                <line number="297" hits="1" branch="false" />
              </lines>
            </method>
            <method name="Remove_ListWith1ElementOnFirstPlace_ResultEmptyListReturnedTrue" signature="()" line-rate="1" branch-rate="1" complexity="1">
              <lines>
                <line number="301" hits="1" branch="false" />
                <line number="302" hits="1" branch="false" />
                <line number="304" hits="1" branch="false" />
                <line number="306" hits="1" branch="false" />
                <line number="308" hits="1" branch="false" />
                <line number="309" hits="1" branch="false" />
                <line number="310" hits="1" branch="false" />
                <line number="311" hits="1" branch="false" />
                <line number="312" hits="1" branch="false" />
                <line number="313" hits="1" branch="false" />
                <line number="314" hits="2" branch="false" />
                <line number="315" hits="1" branch="false" />
              </lines>
            </method>
            <method name="Remove_ListWith3Elements_ResultListWith2ElementsReturnedTrue" signature="()" line-rate="1" branch-rate="1" complexity="1">
              <lines>
                <line number="319" hits="1" branch="false" />
                <line number="320" hits="1" branch="false" />
                <line number="321" hits="1" branch="false" />
                <line number="322" hits="1" branch="false" />
                <line number="324" hits="1" branch="false" />
                <line number="325" hits="1" branch="false" />
                <line number="326" hits="1" branch="false" />
                <line number="328" hits="1" branch="false" />
                <line number="330" hits="1" branch="false" />
                <line number="331" hits="1" branch="false" />
                <line number="332" hits="1" branch="false" />
                <line number="333" hits="1" branch="false" />
                <line number="334" hits="1" branch="false" />
                <line number="335" hits="2" branch="false" />
                <line number="337" hits="1" branch="false" />
              </lines>
            </method>
            <method name="Add_EmptyList_ResultListWith1ElementOnTheFirstPlace" signature="()" line-rate="1" branch-rate="1" complexity="1">
              <lines>
                <line number="341" hits="1" branch="false" />
                <line number="342" hits="1" branch="false" />
                <line number="343" hits="1" branch="false" />
                <line number="344" hits="1" branch="false" />
                <line number="345" hits="1" branch="false" />
                <line number="346" hits="1" branch="false" />
                <line number="347" hits="2" branch="false" />
                <line number="348" hits="1" branch="false" />
              </lines>
            </method>
            <method name="Contains_ListWith3Elements_ReturnedTrue" signature="()" line-rate="1" branch-rate="1" complexity="1">
              <lines>
                <line number="352" hits="1" branch="false" />
                <line number="353" hits="1" branch="false" />
                <line number="354" hits="1" branch="false" />
                <line number="355" hits="1" branch="false" />
                <line number="357" hits="1" branch="false" />
                <line number="358" hits="1" branch="false" />
                <line number="359" hits="1" branch="false" />
                <line number="361" hits="1" branch="false" />
                <line number="363" hits="1" branch="false" />
                <line number="364" hits="1" branch="false" />
              </lines>
            </method>
            <method name="Contains_ListWith3Elements_ReturnedFalse" signature="()" line-rate="1" branch-rate="1" complexity="1">
              <lines>
                <line number="368" hits="1" branch="false" />
                <line number="369" hits="1" branch="false" />
                <line number="370" hits="1" branch="false" />
                <line number="371" hits="1" branch="false" />
                <line number="373" hits="1" branch="false" />
                <line number="374" hits="1" branch="false" />
                <line number="375" hits="1" branch="false" />
                <line number="377" hits="1" branch="false" />
                <line number="379" hits="1" branch="false" />
                <line number="380" hits="1" branch="false" />
              </lines>
            </method>
            <method name="CopyTo_ListWith3ElementsAndWrongIndexInParams_ThrowArgumentOutOfrangeExcep" signature="()" line-rate="1" branch-rate="1" complexity="1">
              <lines>
                <line number="384" hits="1" branch="false" />
                <line number="385" hits="1" branch="false" />
                <line number="387" hits="1" branch="false" />
                <line number="388" hits="1" branch="false" />
                <line number="389" hits="1" branch="false" />
                <line number="391" hits="1" branch="false" />
                <line number="392" hits="1" branch="false" />
                <line number="393" hits="1" branch="false" />
                <line number="395" hits="2" branch="false" />
                <line number="397" hits="1" branch="false" />
                <line number="398" hits="1" branch="false" />
              </lines>
            </method>
            <method name="CopyTo_ListWith3ElementsAndIndexParamDoesNotFitToArray_ThrowInvalidOperationException" signature="()" line-rate="1" branch-rate="1" complexity="1">
              <lines>
                <line number="402" hits="1" branch="false" />
                <line number="403" hits="1" branch="false" />
                <line number="405" hits="1" branch="false" />
                <line number="406" hits="1" branch="false" />
                <line number="407" hits="1" branch="false" />
                <line number="409" hits="1" branch="false" />
                <line number="410" hits="1" branch="false" />
                <line number="411" hits="1" branch="false" />
                <line number="413" hits="2" branch="false" />
                <line number="415" hits="1" branch="false" />
                <line number="416" hits="1" branch="false" />
              </lines>
            </method>
            <method name="CopyTo_ListWith3ElementsAndValidIndexParameter_ResultArrayWith3Elements" signature="()" line-rate="1" branch-rate="1" complexity="1">
              <lines>
                <line number="420" hits="1" branch="false" />
                <line number="421" hits="1" branch="false" />
                <line number="423" hits="1" branch="false" />
                <line number="424" hits="1" branch="false" />
                <line number="425" hits="1" branch="false" />
                <line number="427" hits="1" branch="false" />
                <line number="428" hits="1" branch="false" />
                <line number="429" hits="1" branch="false" />
                <line number="431" hits="1" branch="false" />
                <line number="433" hits="1" branch="false" />
                <line number="434" hits="1" branch="false" />
                <line number="435" hits="1" branch="false" />
                <line number="436" hits="1" branch="false" />
                <line number="437" hits="2" branch="false" />
                <line number="438" hits="1" branch="false" />
              </lines>
            </method>
            <method name="Find_EmptyList_ReturnedNull" signature="()" line-rate="1" branch-rate="1" complexity="1">
              <lines>
                <line number="442" hits="1" branch="false" />
                <line number="443" hits="1" branch="false" />
                <line number="445" hits="1" branch="false" />
                <line number="446" hits="1" branch="false" />
              </lines>
            </method>
            <method name="Find_ListWith3ElementsAndItemIsNotNull_ReturnedNode" signature="()" line-rate="1" branch-rate="1" complexity="1">
              <lines>
                <line number="450" hits="1" branch="false" />
                <line number="451" hits="1" branch="false" />
                <line number="452" hits="1" branch="false" />
                <line number="453" hits="1" branch="false" />
                <line number="455" hits="1" branch="false" />
                <line number="456" hits="1" branch="false" />
                <line number="457" hits="1" branch="false" />
                <line number="459" hits="1" branch="false" />
                <line number="461" hits="1" branch="false" />
                <line number="462" hits="1" branch="false" />
                <line number="463" hits="1" branch="false" />
                <line number="464" hits="1" branch="false" />
                <line number="465" hits="1" branch="false" />
                <line number="466" hits="2" branch="false" />
                <line number="467" hits="1" branch="false" />
              </lines>
            </method>
            <method name="Find_ListWith3ElementsAndItemIsNull_ReturnedNull" signature="()" line-rate="1" branch-rate="1" complexity="1">
              <lines>
                <line number="471" hits="1" branch="false" />
                <line number="472" hits="1" branch="false" />
                <line number="473" hits="1" branch="false" />
                <line number="474" hits="1" branch="false" />
                <line number="476" hits="1" branch="false" />
                <line number="477" hits="1" branch="false" />
                <line number="478" hits="1" branch="false" />
                <line number="480" hits="2" branch="false" />
                <line number="482" hits="1" branch="false" />
                <line number="483" hits="1" branch="false" />
              </lines>
            </method>
            <method name="GetEnumerator_ListWith3Elements_AllAreCorrect" signature="()" line-rate="1" branch-rate="1" complexity="2">
              <lines>
                <line number="487" hits="1" branch="false" />
                <line number="488" hits="1" branch="false" />
                <line number="490" hits="1" branch="false" />
                <line number="491" hits="1" branch="false" />
                <line number="492" hits="1" branch="false" />
                <line number="494" hits="1" branch="false" />
                <line number="495" hits="1" branch="false" />
                <line number="496" hits="1" branch="false" />
                <line number="498" hits="9" branch="true" condition-coverage="100% (2/2)" />
                <line number="499" hits="3" branch="false" />
                <line number="500" hits="3" branch="false" />
                <line number="501" hits="3" branch="false" />
                <line number="503" hits="1" branch="false" />
                <line number="504" hits="1" branch="false" />
              </lines>
            </method>
          </methods>
          <lines>
            <line number="11" hits="30" branch="false" />
            <line number="12" hits="30" branch="false" />
            <line number="13" hits="30" branch="false" />
            <line number="17" hits="1" branch="false" />
            <line number="18" hits="1" branch="false" />
            <line number="20" hits="1" branch="false" />
            <line number="22" hits="1" branch="false" />
            <line number="23" hits="1" branch="false" />
            <line number="24" hits="1" branch="false" />
            <line number="25" hits="1" branch="false" />
            <line number="26" hits="2" branch="false" />
            <line number="27" hits="1" branch="false" />
            <line number="31" hits="1" branch="false" />
            <line number="32" hits="1" branch="false" />
            <line number="33" hits="1" branch="false" />
            <line number="35" hits="1" branch="false" />
            <line number="36" hits="1" branch="false" />
            <line number="38" hits="1" branch="false" />
            <line number="39" hits="1" branch="false" />
            <line number="40" hits="1" branch="false" />
            <line number="41" hits="1" branch="false" />
            <line number="42" hits="2" branch="false" />
            <line number="43" hits="1" branch="false" />
            <line number="47" hits="1" branch="false" />
            <line number="48" hits="1" branch="false" />
            <line number="50" hits="1" branch="false" />
            <line number="52" hits="1" branch="false" />
            <line number="53" hits="1" branch="false" />
            <line number="54" hits="1" branch="false" />
            <line number="55" hits="1" branch="false" />
            <line number="56" hits="1" branch="false" />
            <line number="57" hits="2" branch="false" />
            <line number="58" hits="1" branch="false" />
            <line number="62" hits="1" branch="false" />
            <line number="63" hits="1" branch="false" />
            <line number="64" hits="1" branch="false" />
            <line number="66" hits="1" branch="false" />
            <line number="67" hits="1" branch="false" />
            <line number="69" hits="1" branch="false" />
            <line number="70" hits="1" branch="false" />
            <line number="71" hits="1" branch="false" />
            <line number="72" hits="1" branch="false" />
            <line number="73" hits="2" branch="false" />
            <line number="74" hits="1" branch="false" />
            <line number="78" hits="1" branch="false" />
            <line number="79" hits="12" branch="true" condition-coverage="100% (2/2)" />
            <line number="80" hits="5" branch="false" />
            <line number="81" hits="5" branch="false" />
            <line number="82" hits="5" branch="false" />
            <line number="84" hits="1" branch="false" />
            <line number="86" hits="1" branch="false" />
            <line number="87" hits="1" branch="false" />
            <line number="88" hits="1" branch="false" />
            <line number="89" hits="1" branch="false" />
            <line number="90" hits="2" branch="false" />
            <line number="92" hits="1" branch="false" />
            <line number="96" hits="1" branch="false" />
            <line number="97" hits="1" branch="false" />
            <line number="99" hits="1" branch="false" />
            <line number="101" hits="1" branch="false" />
            <line number="102" hits="1" branch="false" />
            <line number="103" hits="1" branch="false" />
            <line number="104" hits="1" branch="false" />
            <line number="105" hits="1" branch="false" />
            <line number="106" hits="2" branch="false" />
            <line number="107" hits="1" branch="false" />
            <line number="112" hits="1" branch="false" />
            <line number="113" hits="1" branch="false" />
            <line number="114" hits="1" branch="false" />
            <line number="116" hits="1" branch="false" />
            <line number="118" hits="1" branch="false" />
            <line number="121" hits="1" branch="false" />
            <line number="122" hits="1" branch="false" />
            <line number="123" hits="1" branch="false" />
            <line number="124" hits="1" branch="false" />
            <line number="125" hits="1" branch="false" />
            <line number="126" hits="2" branch="false" />
            <line number="127" hits="1" branch="false" />
            <line number="131" hits="1" branch="false" />
            <line number="132" hits="1" branch="false" />
            <line number="134" hits="1" branch="false" />
            <line number="136" hits="1" branch="false" />
            <line number="138" hits="1" branch="false" />
            <line number="140" hits="2" branch="false" />
            <line number="141" hits="1" branch="false" />
            <line number="145" hits="1" branch="false" />
            <line number="146" hits="1" branch="false" />
            <line number="147" hits="1" branch="false" />
            <line number="148" hits="1" branch="false" />
            <line number="150" hits="1" branch="false" />
            <line number="151" hits="1" branch="false" />
            <line number="152" hits="1" branch="false" />
            <line number="154" hits="1" branch="false" />
            <line number="156" hits="1" branch="false" />
            <line number="158" hits="1" branch="false" />
            <line number="159" hits="1" branch="false" />
            <line number="160" hits="1" branch="false" />
            <line number="161" hits="1" branch="false" />
            <line number="162" hits="1" branch="false" />
            <line number="163" hits="1" branch="false" />
            <line number="164" hits="1" branch="false" />
            <line number="165" hits="2" branch="false" />
            <line number="167" hits="1" branch="false" />
            <line number="171" hits="1" branch="false" />
            <line number="172" hits="1" branch="false" />
            <line number="174" hits="1" branch="false" />
            <line number="176" hits="1" branch="false" />
            <line number="177" hits="1" branch="false" />
            <line number="178" hits="1" branch="false" />
            <line number="179" hits="1" branch="false" />
            <line number="180" hits="1" branch="false" />
            <line number="181" hits="2" branch="false" />
            <line number="182" hits="1" branch="false" />
            <line number="186" hits="1" branch="false" />
            <line number="187" hits="1" branch="false" />
            <line number="189" hits="1" branch="false" />
            <line number="191" hits="1" branch="false" />
            <line number="193" hits="1" branch="false" />
            <line number="195" hits="1" branch="false" />
            <line number="196" hits="1" branch="false" />
            <line number="197" hits="1" branch="false" />
            <line number="198" hits="1" branch="false" />
            <line number="199" hits="1" branch="false" />
            <line number="200" hits="1" branch="false" />
            <line number="201" hits="1" branch="false" />
            <line number="202" hits="2" branch="false" />
            <line number="204" hits="1" branch="false" />
            <line number="208" hits="1" branch="false" />
            <line number="209" hits="1" branch="false" />
            <line number="210" hits="1" branch="false" />
            <line number="211" hits="1" branch="false" />
            <line number="213" hits="1" branch="false" />
            <line number="215" hits="2" branch="false" />
            <line number="216" hits="1" branch="false" />
            <line number="220" hits="1" branch="false" />
            <line number="221" hits="1" branch="false" />
            <line number="222" hits="1" branch="false" />
            <line number="223" hits="1" branch="false" />
            <line number="225" hits="1" branch="false" />
            <line number="226" hits="1" branch="false" />
            <line number="227" hits="1" branch="false" />
            <line number="229" hits="1" branch="false" />
            <line number="231" hits="1" branch="false" />
            <line number="233" hits="1" branch="false" />
            <line number="234" hits="1" branch="false" />
            <line number="235" hits="1" branch="false" />
            <line number="236" hits="1" branch="false" />
            <line number="237" hits="1" branch="false" />
            <line number="238" hits="1" branch="false" />
            <line number="239" hits="1" branch="false" />
            <line number="240" hits="2" branch="false" />
            <line number="241" hits="1" branch="false" />
            <line number="245" hits="1" branch="false" />
            <line number="246" hits="2" branch="false" />
            <line number="247" hits="1" branch="false" />
            <line number="251" hits="1" branch="false" />
            <line number="252" hits="1" branch="false" />
            <line number="253" hits="1" branch="false" />
            <line number="255" hits="1" branch="false" />
            <line number="256" hits="1" branch="false" />
            <line number="258" hits="1" branch="false" />
            <line number="260" hits="1" branch="false" />
            <line number="261" hits="1" branch="false" />
            <line number="262" hits="1" branch="false" />
            <line number="263" hits="1" branch="false" />
            <line number="264" hits="1" branch="false" />
            <line number="265" hits="2" branch="false" />
            <line number="266" hits="1" branch="false" />
            <line number="270" hits="1" branch="false" />
            <line number="271" hits="2" branch="false" />
            <line number="272" hits="1" branch="false" />
            <line number="276" hits="1" branch="false" />
            <line number="277" hits="1" branch="false" />
            <line number="278" hits="1" branch="false" />
            <line number="280" hits="1" branch="false" />
            <line number="281" hits="1" branch="false" />
            <line number="283" hits="1" branch="false" />
            <line number="285" hits="1" branch="false" />
            <line number="286" hits="1" branch="false" />
            <line number="287" hits="1" branch="false" />
            <line number="288" hits="1" branch="false" />
            <line number="289" hits="1" branch="false" />
            <line number="290" hits="2" branch="false" />
            <line number="291" hits="1" branch="false" />
            <line number="295" hits="1" branch="false" />
            <line number="296" hits="2" branch="false" />
            <line number="297" hits="1" branch="false" />
            <line number="301" hits="1" branch="false" />
            <line number="302" hits="1" branch="false" />
            <line number="304" hits="1" branch="false" />
            <line number="306" hits="1" branch="false" />
            <line number="308" hits="1" branch="false" />
            <line number="309" hits="1" branch="false" />
            <line number="310" hits="1" branch="false" />
            <line number="311" hits="1" branch="false" />
            <line number="312" hits="1" branch="false" />
            <line number="313" hits="1" branch="false" />
            <line number="314" hits="2" branch="false" />
            <line number="315" hits="1" branch="false" />
            <line number="319" hits="1" branch="false" />
            <line number="320" hits="1" branch="false" />
            <line number="321" hits="1" branch="false" />
            <line number="322" hits="1" branch="false" />
            <line number="324" hits="1" branch="false" />
            <line number="325" hits="1" branch="false" />
            <line number="326" hits="1" branch="false" />
            <line number="328" hits="1" branch="false" />
            <line number="330" hits="1" branch="false" />
            <line number="331" hits="1" branch="false" />
            <line number="332" hits="1" branch="false" />
            <line number="333" hits="1" branch="false" />
            <line number="334" hits="1" branch="false" />
            <line number="335" hits="2" branch="false" />
            <line number="337" hits="1" branch="false" />
            <line number="341" hits="1" branch="false" />
            <line number="342" hits="1" branch="false" />
            <line number="343" hits="1" branch="false" />
            <line number="344" hits="1" branch="false" />
            <line number="345" hits="1" branch="false" />
            <line number="346" hits="1" branch="false" />
            <line number="347" hits="2" branch="false" />
            <line number="348" hits="1" branch="false" />
            <line number="352" hits="1" branch="false" />
            <line number="353" hits="1" branch="false" />
            <line number="354" hits="1" branch="false" />
            <line number="355" hits="1" branch="false" />
            <line number="357" hits="1" branch="false" />
            <line number="358" hits="1" branch="false" />
            <line number="359" hits="1" branch="false" />
            <line number="361" hits="1" branch="false" />
            <line number="363" hits="1" branch="false" />
            <line number="364" hits="1" branch="false" />
            <line number="368" hits="1" branch="false" />
            <line number="369" hits="1" branch="false" />
            <line number="370" hits="1" branch="false" />
            <line number="371" hits="1" branch="false" />
            <line number="373" hits="1" branch="false" />
            <line number="374" hits="1" branch="false" />
            <line number="375" hits="1" branch="false" />
            <line number="377" hits="1" branch="false" />
            <line number="379" hits="1" branch="false" />
            <line number="380" hits="1" branch="false" />
            <line number="384" hits="1" branch="false" />
            <line number="385" hits="1" branch="false" />
            <line number="387" hits="1" branch="false" />
            <line number="388" hits="1" branch="false" />
            <line number="389" hits="1" branch="false" />
            <line number="391" hits="1" branch="false" />
            <line number="392" hits="1" branch="false" />
            <line number="393" hits="1" branch="false" />
            <line number="395" hits="2" branch="false" />
            <line number="397" hits="1" branch="false" />
            <line number="398" hits="1" branch="false" />
            <line number="402" hits="1" branch="false" />
            <line number="403" hits="1" branch="false" />
            <line number="405" hits="1" branch="false" />
            <line number="406" hits="1" branch="false" />
            <line number="407" hits="1" branch="false" />
            <line number="409" hits="1" branch="false" />
            <line number="410" hits="1" branch="false" />
            <line number="411" hits="1" branch="false" />
            <line number="413" hits="2" branch="false" />
            <line number="415" hits="1" branch="false" />
            <line number="416" hits="1" branch="false" />
            <line number="420" hits="1" branch="false" />
            <line number="421" hits="1" branch="false" />
            <line number="423" hits="1" branch="false" />
            <line number="424" hits="1" branch="false" />
            <line number="425" hits="1" branch="false" />
            <line number="427" hits="1" branch="false" />
            <line number="428" hits="1" branch="false" />
            <line number="429" hits="1" branch="false" />
            <line number="431" hits="1" branch="false" />
            <line number="433" hits="1" branch="false" />
            <line number="434" hits="1" branch="false" />
            <line number="435" hits="1" branch="false" />
            <line number="436" hits="1" branch="false" />
            <line number="437" hits="2" branch="false" />
            <line number="438" hits="1" branch="false" />
            <line number="442" hits="1" branch="false" />
            <line number="443" hits="1" branch="false" />
            <line number="445" hits="1" branch="false" />
            <line number="446" hits="1" branch="false" />
            <line number="450" hits="1" branch="false" />
            <line number="451" hits="1" branch="false" />
            <line number="452" hits="1" branch="false" />
            <line number="453" hits="1" branch="false" />
            <line number="455" hits="1" branch="false" />
            <line number="456" hits="1" branch="false" />
            <line number="457" hits="1" branch="false" />
            <line number="459" hits="1" branch="false" />
            <line number="461" hits="1" branch="false" />
            <line number="462" hits="1" branch="false" />
            <line number="463" hits="1" branch="false" />
            <line number="464" hits="1" branch="false" />
            <line number="465" hits="1" branch="false" />
            <line number="466" hits="2" branch="false" />
            <line number="467" hits="1" branch="false" />
            <line number="471" hits="1" branch="false" />
            <line number="472" hits="1" branch="false" />
            <line number="473" hits="1" branch="false" />
            <line number="474" hits="1" branch="false" />
            <line number="476" hits="1" branch="false" />
            <line number="477" hits="1" branch="false" />
            <line number="478" hits="1" branch="false" />
            <line number="480" hits="2" branch="false" />
            <line number="482" hits="1" branch="false" />
            <line number="483" hits="1" branch="false" />
            <line number="487" hits="1" branch="false" />
            <line number="488" hits="1" branch="false" />
            <line number="490" hits="1" branch="false" />
            <line number="491" hits="1" branch="false" />
            <line number="492" hits="1" branch="false" />
            <line number="494" hits="1" branch="false" />
            <line number="495" hits="1" branch="false" />
            <line number="496" hits="1" branch="false" />
            <line number="498" hits="9" branch="true" condition-coverage="100% (2/2)" />
            <line number="499" hits="3" branch="false" />
            <line number="500" hits="3" branch="false" />
            <line number="501" hits="3" branch="false" />
            <line number="503" hits="1" branch="false" />
            <line number="504" hits="1" branch="false" />
          </lines>
        </class>
      </classes>
    </package>
    <package name="DataLayer" line-rate="0.961038961038961" branch-rate="0.944444444444444" complexity="114">
      <classes>
        <class name="DataLayer.CustomLinkedList`1" filename="C:\Users\HP\Documents\kpi\.NET\Part 2\lab1-dotnet2\Lab1\CustomLinkedList\CustomLinkedList.cs" line-rate="0.984771573604061" branch-rate="0.943181818181818" complexity="94">
          <methods>
            <method name="get_First" signature="()" line-rate="1" branch-rate="1" complexity="1">
              <lines>
                <line number="15" hits="214" branch="false" />
              </lines>
            </method>
            <method name="get_Last" signature="()" line-rate="1" branch-rate="1" complexity="1">
              <lines>
                <line number="16" hits="231" branch="false" />
              </lines>
            </method>
            <method name="get_Count" signature="()" line-rate="1" branch-rate="1" complexity="1">
              <lines>
                <line number="17" hits="217" branch="false" />
              </lines>
            </method>
            <method name="get_IsReadOnly" signature="()" line-rate="0" branch-rate="1" complexity="1">
              <lines>
                <line number="18" hits="0" branch="false" />
              </lines>
            </method>
            <method name="AddFirst" signature="(...)" line-rate="1" branch-rate="1" complexity="4">
              <lines>
                <line number="27" hits="7" branch="false" />
                <line number="28" hits="7" branch="true" condition-coverage="100% (2/2)" />
                <line number="29" hits="5" branch="false" />
                <line number="30" hits="5" branch="false" />
                <line number="31" hits="5" branch="false" />
                <line number="32" hits="5" branch="false" />
                <line number="34" hits="2" branch="false" />
                <line number="35" hits="2" branch="false" />
                <line number="36" hits="2" branch="false" />
                <line number="37" hits="2" branch="false" />
                <line number="38" hits="2" branch="false" />
                <line number="39" hits="7" branch="false" />
                <line number="41" hits="7" branch="true" condition-coverage="100% (2/2)" />
                <line number="42" hits="7" branch="false" />
              </lines>
            </method>
            <method name="AddLast" signature="(...)" line-rate="1" branch-rate="1" complexity="4">
              <lines>
                <line number="45" hits="63" branch="false" />
                <line number="46" hits="63" branch="true" condition-coverage="100% (2/2)" />
                <line number="47" hits="27" branch="false" />
                <line number="48" hits="27" branch="false" />
                <line number="49" hits="27" branch="false" />
                <line number="50" hits="27" branch="false" />
                <line number="52" hits="36" branch="false" />
                <line number="53" hits="36" branch="false" />
                <line number="54" hits="36" branch="false" />
                <line number="55" hits="36" branch="false" />
                <line number="56" hits="36" branch="false" />
                <line number="59" hits="63" branch="false" />
                <line number="60" hits="63" branch="true" condition-coverage="100% (2/2)" />
                <line number="61" hits="63" branch="false" />
              </lines>
            </method>
            <method name="Clear" signature="()" line-rate="1" branch-rate="1" complexity="2">
              <lines>
                <line number="64" hits="3" branch="false" />
                <line number="65" hits="3" branch="false" />
                <line number="66" hits="3" branch="false" />
                <line number="67" hits="3" branch="false" />
                <line number="69" hits="3" branch="true" condition-coverage="100% (2/2)" />
                <line number="70" hits="3" branch="false" />
              </lines>
            </method>
            <method name="AddBefore" signature="(...)" line-rate="1" branch-rate="0.875" complexity="8">
              <lines>
                <line number="73" hits="4" branch="false" />
                <line number="74" hits="4" branch="true" condition-coverage="100% (4/4)" />
                <line number="75" hits="2" branch="false" />
                <line number="76" hits="2" branch="false" />
                <line number="77" hits="2" branch="false" />
                <line number="80" hits="2" branch="true" condition-coverage="100% (2/2)" />
                <line number="81" hits="1" branch="false" />
                <line number="82" hits="1" branch="false" />
                <line number="85" hits="1" branch="false" />
                <line number="87" hits="1" branch="false" />
                <line number="88" hits="1" branch="false" />
                <line number="89" hits="1" branch="false" />
                <line number="90" hits="1" branch="false" />
                <line number="92" hits="1" branch="false" />
                <line number="94" hits="1" branch="true" condition-coverage="50% (1/2)" />
                <line number="95" hits="3" branch="false" />
              </lines>
            </method>
            <method name="AddAfter" signature="(...)" line-rate="1" branch-rate="1" complexity="10">
              <lines>
                <line number="98" hits="5" branch="false" />
                <line number="99" hits="5" branch="true" condition-coverage="100% (6/6)" />
                <line number="100" hits="2" branch="false" />
                <line number="101" hits="2" branch="false" />
                <line number="102" hits="2" branch="false" />
                <line number="105" hits="3" branch="true" condition-coverage="100% (2/2)" />
                <line number="106" hits="1" branch="false" />
                <line number="107" hits="1" branch="false" />
                <line number="110" hits="2" branch="false" />
                <line number="112" hits="2" branch="false" />
                <line number="113" hits="2" branch="false" />
                <line number="114" hits="2" branch="false" />
                <line number="115" hits="2" branch="false" />
                <line number="117" hits="2" branch="false" />
                <line number="119" hits="2" branch="true" condition-coverage="100% (2/2)" />
                <line number="120" hits="4" branch="false" />
              </lines>
            </method>
            <method name="RemoveFirst" signature="()" line-rate="1" branch-rate="1" complexity="6">
              <lines>
                <line number="123" hits="4" branch="false" />
                <line number="124" hits="4" branch="true" condition-coverage="100% (2/2)" />
                <line number="125" hits="1" branch="false" />
                <line number="126" hits="1" branch="false" />
                <line number="129" hits="3" branch="true" condition-coverage="100% (2/2)" />
                <line number="130" hits="1" branch="false" />
                <line number="131" hits="1" branch="false" />
                <line number="132" hits="1" branch="false" />
                <line number="135" hits="2" branch="false" />
                <line number="136" hits="2" branch="false" />
                <line number="137" hits="2" branch="false" />
                <line number="139" hits="2" branch="true" condition-coverage="100% (2/2)" />
                <line number="140" hits="3" branch="false" />
              </lines>
            </method>
            <method name="RemoveLast" signature="()" line-rate="1" branch-rate="0.75" complexity="4">
              <lines>
                <line number="143" hits="2" branch="false" />
                <line number="144" hits="2" branch="true" condition-coverage="100% (2/2)" />
                <line number="145" hits="1" branch="false" />
                <line number="146" hits="1" branch="false" />
                <line number="149" hits="1" branch="false" />
                <line number="150" hits="1" branch="false" />
                <line number="151" hits="1" branch="false" />
                <line number="153" hits="1" branch="true" condition-coverage="50% (1/2)" />
                <line number="154" hits="1" branch="false" />
              </lines>
            </method>
            <method name="Remove" signature="(...)" line-rate="1" branch-rate="0.833333333333333" complexity="12">
              <lines>
                <line number="157" hits="3" branch="false" />
                <line number="158" hits="3" branch="true" condition-coverage="100% (2/2)" />
                <line number="159" hits="1" branch="false" />
                <line number="160" hits="1" branch="false" />
                <line number="162" hits="2" branch="true" condition-coverage="100% (2/2)" />
                <line number="163" hits="1" branch="false" />
                <line number="164" hits="1" branch="false" />
                <line number="165" hits="1" branch="false" />
                <line number="168" hits="1" branch="false" />
                <line number="169" hits="1" branch="false" />
                <line number="170" hits="1" branch="false" />
                <line number="172" hits="2" branch="true" condition-coverage="75% (3/4)" />
                <line number="173" hits="1" branch="false" />
                <line number="174" hits="1" branch="false" />
                <line number="175" hits="1" branch="false" />
                <line number="176" hits="1" branch="false" />
                <line number="178" hits="1" branch="true" condition-coverage="100% (2/2)" />
                <line number="179" hits="1" branch="false" />
                <line number="180" hits="1" branch="false" />
                <line number="181" hits="1" branch="false" />
                <line number="182" hits="1" branch="false" />
                <line number="183" hits="1" branch="false" />
                <line number="184" hits="1" branch="true" condition-coverage="50% (1/2)" />
                <line number="185" hits="1" branch="false" />
                <line number="188" hits="2" branch="false" />
              </lines>
            </method>
            <method name="Add" signature="(...)" line-rate="1" branch-rate="1" complexity="1">
              <lines>
                <line number="191" hits="4" branch="false" />
                <line number="192" hits="4" branch="false" />
                <line number="193" hits="4" branch="false" />
              </lines>
            </method>
            <method name="Contains" signature="(...)" line-rate="1" branch-rate="1" complexity="6">
              <lines>
                <line number="196" hits="2" branch="false" />
                <line number="197" hits="2" branch="false" />
                <line number="198" hits="5" branch="true" condition-coverage="100% (4/4)" />
                <line number="199" hits="3" branch="false" />
                <line number="200" hits="3" branch="false" />
                <line number="201" hits="3" branch="false" />
                <line number="202" hits="3" branch="true" condition-coverage="100% (2/2)" />
                <line number="203" hits="1" branch="false" />
                <line number="205" hits="2" branch="false" />
              </lines>
            </method>
            <method name="Contains" signature="(...)" line-rate="1" branch-rate="1" complexity="6">
              <lines>
                <line number="208" hits="5" branch="false" />
                <line number="209" hits="5" branch="false" />
                <line number="210" hits="7" branch="true" condition-coverage="100% (4/4)" />
                <line number="211" hits="2" branch="false" />
                <line number="212" hits="2" branch="false" />
                <line number="213" hits="2" branch="false" />
                <line number="214" hits="8" branch="true" condition-coverage="100% (2/2)" />
                <line number="215" hits="2" branch="false" />
                <line number="216" hits="5" branch="false" />
              </lines>
            </method>
            <method name="CopyTo" signature="(...)" line-rate="1" branch-rate="1" complexity="10">
              <lines>
                <line number="219" hits="4" branch="false" />
                <line number="220" hits="4" branch="true" condition-coverage="100% (4/4)" />
                <line number="221" hits="1" branch="false" />
                <line number="222" hits="1" branch="false" />
                <line number="225" hits="3" branch="true" condition-coverage="100% (2/2)" />
                <line number="226" hits="1" branch="false" />
                <line number="227" hits="1" branch="false" />
                <line number="230" hits="2" branch="false" />
                <line number="232" hits="7" branch="true" condition-coverage="100% (2/2)" />
                <line number="233" hits="5" branch="false" />
                <line number="234" hits="5" branch="false" />
                <line number="235" hits="5" branch="false" />
                <line number="236" hits="5" branch="false" />
                <line number="238" hits="2" branch="true" condition-coverage="100% (2/2)" />
                <line number="239" hits="2" branch="false" />
              </lines>
            </method>
            <method name="Find" signature="(...)" line-rate="0.9" branch-rate="0.875" complexity="8">
              <lines>
                <line number="242" hits="3" branch="false" />
                <line number="243" hits="3" branch="false" />
                <line number="244" hits="3" branch="false" />
                <line number="245" hits="3" branch="true" condition-coverage="100% (2/2)" />
                <line number="246" hits="2" branch="false" />
                <line number="247" hits="2" branch="true" condition-coverage="100% (2/2)" />
                <line number="248" hits="1" branch="false" />
                <line number="249" hits="2" branch="true" condition-coverage="50% (1/2)" />
                <line number="250" hits="2" branch="false" />
                <line number="251" hits="2" branch="true" condition-coverage="100% (2/2)" />
                <line number="252" hits="1" branch="false" />
                <line number="253" hits="1" branch="false" />
                <line number="255" hits="1" branch="false" />
                <line number="256" hits="1" branch="false" />
                <line number="257" hits="0" branch="false" />
                <line number="259" hits="1" branch="false" />
                <line number="260" hits="1" branch="false" />
                <line number="262" hits="0" branch="false" />
                <line number="263" hits="1" branch="false" />
                <line number="264" hits="2" branch="false" />
              </lines>
            </method>
            <method name="IsEmpty" signature="()" line-rate="1" branch-rate="1" complexity="4">
              <lines>
                <line number="290" hits="86" branch="false" />
                <line number="291" hits="86" branch="true" condition-coverage="100% (4/4)" />
                <line number="292" hits="86" branch="false" />
              </lines>
            </method>
            <method name=".ctor" signature="()" line-rate="1" branch-rate="1" complexity="1">
              <lines>
                <line number="20" hits="37" branch="false" />
                <line number="21" hits="37" branch="false" />
                <line number="22" hits="37" branch="false" />
                <line number="23" hits="37" branch="false" />
                <line number="24" hits="37" branch="false" />
              </lines>
            </method>
            <method name="GetEnumerator" signature="()" line-rate="1" branch-rate="1" complexity="2">
              <lines>
                <line number="268" hits="1" branch="false" />
                <line number="269" hits="1" branch="false" />
                <line number="271" hits="4" branch="true" condition-coverage="100% (2/2)" />
                <line number="272" hits="3" branch="false" />
                <line number="273" hits="3" branch="false" />
                <line number="274" hits="3" branch="false" />
                <line number="275" hits="3" branch="false" />
                <line number="276" hits="1" branch="false" />
              </lines>
            </method>
            <method name="System-Collections-IEnumerable-GetEnumerator" signature="()" line-rate="1" branch-rate="1" complexity="2">
              <lines>
                <line number="279" hits="2" branch="false" />
                <line number="280" hits="2" branch="false" />
                <line number="282" hits="8" branch="true" condition-coverage="100% (2/2)" />
                <line number="283" hits="6" branch="false" />
                <line number="284" hits="6" branch="false" />
                <line number="285" hits="6" branch="false" />
                <line number="286" hits="6" branch="false" />
                <line number="287" hits="2" branch="false" />
              </lines>
            </method>
          </methods>
          <lines>
            <line number="15" hits="214" branch="false" />
            <line number="16" hits="231" branch="false" />
            <line number="17" hits="217" branch="false" />
            <line number="18" hits="0" branch="false" />
            <line number="20" hits="37" branch="false" />
            <line number="21" hits="37" branch="false" />
            <line number="22" hits="37" branch="false" />
            <line number="23" hits="37" branch="false" />
            <line number="24" hits="37" branch="false" />
            <line number="27" hits="7" branch="false" />
            <line number="28" hits="7" branch="true" condition-coverage="100% (2/2)" />
            <line number="29" hits="5" branch="false" />
            <line number="30" hits="5" branch="false" />
            <line number="31" hits="5" branch="false" />
            <line number="32" hits="5" branch="false" />
            <line number="34" hits="2" branch="false" />
            <line number="35" hits="2" branch="false" />
            <line number="36" hits="2" branch="false" />
            <line number="37" hits="2" branch="false" />
            <line number="38" hits="2" branch="false" />
            <line number="39" hits="7" branch="false" />
            <line number="41" hits="7" branch="true" condition-coverage="100% (2/2)" />
            <line number="42" hits="7" branch="false" />
            <line number="45" hits="63" branch="false" />
            <line number="46" hits="63" branch="true" condition-coverage="100% (2/2)" />
            <line number="47" hits="27" branch="false" />
            <line number="48" hits="27" branch="false" />
            <line number="49" hits="27" branch="false" />
            <line number="50" hits="27" branch="false" />
            <line number="52" hits="36" branch="false" />
            <line number="53" hits="36" branch="false" />
            <line number="54" hits="36" branch="false" />
            <line number="55" hits="36" branch="false" />
            <line number="56" hits="36" branch="false" />
            <line number="59" hits="63" branch="false" />
            <line number="60" hits="63" branch="true" condition-coverage="100% (2/2)" />
            <line number="61" hits="63" branch="false" />
            <line number="64" hits="3" branch="false" />
            <line number="65" hits="3" branch="false" />
            <line number="66" hits="3" branch="false" />
            <line number="67" hits="3" branch="false" />
            <line number="69" hits="3" branch="true" condition-coverage="100% (2/2)" />
            <line number="70" hits="3" branch="false" />
            <line number="73" hits="4" branch="false" />
            <line number="74" hits="4" branch="true" condition-coverage="100% (4/4)" />
            <line number="75" hits="2" branch="false" />
            <line number="76" hits="2" branch="false" />
            <line number="77" hits="2" branch="false" />
            <line number="80" hits="2" branch="true" condition-coverage="100% (2/2)" />
            <line number="81" hits="1" branch="false" />
            <line number="82" hits="1" branch="false" />
            <line number="85" hits="1" branch="false" />
            <line number="87" hits="1" branch="false" />
            <line number="88" hits="1" branch="false" />
            <line number="89" hits="1" branch="false" />
            <line number="90" hits="1" branch="false" />
            <line number="92" hits="1" branch="false" />
            <line number="94" hits="1" branch="true" condition-coverage="50% (1/2)" />
            <line number="95" hits="3" branch="false" />
            <line number="98" hits="5" branch="false" />
            <line number="99" hits="5" branch="true" condition-coverage="100% (6/6)" />
            <line number="100" hits="2" branch="false" />
            <line number="101" hits="2" branch="false" />
            <line number="102" hits="2" branch="false" />
            <line number="105" hits="3" branch="true" condition-coverage="100% (2/2)" />
            <line number="106" hits="1" branch="false" />
            <line number="107" hits="1" branch="false" />
            <line number="110" hits="2" branch="false" />
            <line number="112" hits="2" branch="false" />
            <line number="113" hits="2" branch="false" />
            <line number="114" hits="2" branch="false" />
            <line number="115" hits="2" branch="false" />
            <line number="117" hits="2" branch="false" />
            <line number="119" hits="2" branch="true" condition-coverage="100% (2/2)" />
            <line number="120" hits="4" branch="false" />
            <line number="123" hits="4" branch="false" />
            <line number="124" hits="4" branch="true" condition-coverage="100% (2/2)" />
            <line number="125" hits="1" branch="false" />
            <line number="126" hits="1" branch="false" />
            <line number="129" hits="3" branch="true" condition-coverage="100% (2/2)" />
            <line number="130" hits="1" branch="false" />
            <line number="131" hits="1" branch="false" />
            <line number="132" hits="1" branch="false" />
            <line number="135" hits="2" branch="false" />
            <line number="136" hits="2" branch="false" />
            <line number="137" hits="2" branch="false" />
            <line number="139" hits="2" branch="true" condition-coverage="100% (2/2)" />
            <line number="140" hits="3" branch="false" />
            <line number="143" hits="2" branch="false" />
            <line number="144" hits="2" branch="true" condition-coverage="100% (2/2)" />
            <line number="145" hits="1" branch="false" />
            <line number="146" hits="1" branch="false" />
            <line number="149" hits="1" branch="false" />
            <line number="150" hits="1" branch="false" />
            <line number="151" hits="1" branch="false" />
            <line number="153" hits="1" branch="true" condition-coverage="50% (1/2)" />
            <line number="154" hits="1" branch="false" />
            <line number="157" hits="3" branch="false" />
            <line number="158" hits="3" branch="true" condition-coverage="100% (2/2)" />
            <line number="159" hits="1" branch="false" />
            <line number="160" hits="1" branch="false" />
            <line number="162" hits="2" branch="true" condition-coverage="100% (2/2)" />
            <line number="163" hits="1" branch="false" />
            <line number="164" hits="1" branch="false" />
            <line number="165" hits="1" branch="false" />
            <line number="168" hits="1" branch="false" />
            <line number="169" hits="1" branch="false" />
            <line number="170" hits="1" branch="false" />
            <line number="172" hits="2" branch="true" condition-coverage="75% (3/4)" />
            <line number="173" hits="1" branch="false" />
            <line number="174" hits="1" branch="false" />
            <line number="175" hits="1" branch="false" />
            <line number="176" hits="1" branch="false" />
            <line number="178" hits="1" branch="true" condition-coverage="100% (2/2)" />
            <line number="179" hits="1" branch="false" />
            <line number="180" hits="1" branch="false" />
            <line number="181" hits="1" branch="false" />
            <line number="182" hits="1" branch="false" />
            <line number="183" hits="1" branch="false" />
            <line number="184" hits="1" branch="true" condition-coverage="50% (1/2)" />
            <line number="185" hits="1" branch="false" />
            <line number="188" hits="2" branch="false" />
            <line number="191" hits="4" branch="false" />
            <line number="192" hits="4" branch="false" />
            <line number="193" hits="4" branch="false" />
            <line number="196" hits="2" branch="false" />
            <line number="197" hits="2" branch="false" />
            <line number="198" hits="5" branch="true" condition-coverage="100% (4/4)" />
            <line number="199" hits="3" branch="false" />
            <line number="200" hits="3" branch="false" />
            <line number="201" hits="3" branch="false" />
            <line number="202" hits="3" branch="true" condition-coverage="100% (2/2)" />
            <line number="203" hits="1" branch="false" />
            <line number="205" hits="2" branch="false" />
            <line number="208" hits="5" branch="false" />
            <line number="209" hits="5" branch="false" />
            <line number="210" hits="7" branch="true" condition-coverage="100% (4/4)" />
            <line number="211" hits="2" branch="false" />
            <line number="212" hits="2" branch="false" />
            <line number="213" hits="2" branch="false" />
            <line number="214" hits="8" branch="true" condition-coverage="100% (2/2)" />
            <line number="215" hits="2" branch="false" />
            <line number="216" hits="5" branch="false" />
            <line number="219" hits="4" branch="false" />
            <line number="220" hits="4" branch="true" condition-coverage="100% (4/4)" />
            <line number="221" hits="1" branch="false" />
            <line number="222" hits="1" branch="false" />
            <line number="225" hits="3" branch="true" condition-coverage="100% (2/2)" />
            <line number="226" hits="1" branch="false" />
            <line number="227" hits="1" branch="false" />
            <line number="230" hits="2" branch="false" />
            <line number="232" hits="7" branch="true" condition-coverage="100% (2/2)" />
            <line number="233" hits="5" branch="false" />
            <line number="234" hits="5" branch="false" />
            <line number="235" hits="5" branch="false" />
            <line number="236" hits="5" branch="false" />
            <line number="238" hits="2" branch="true" condition-coverage="100% (2/2)" />
            <line number="239" hits="2" branch="false" />
            <line number="242" hits="3" branch="false" />
            <line number="243" hits="3" branch="false" />
            <line number="244" hits="3" branch="false" />
            <line number="245" hits="3" branch="true" condition-coverage="100% (2/2)" />
            <line number="246" hits="2" branch="false" />
            <line number="247" hits="2" branch="true" condition-coverage="100% (2/2)" />
            <line number="248" hits="1" branch="false" />
            <line number="249" hits="2" branch="true" condition-coverage="50% (1/2)" />
            <line number="250" hits="2" branch="false" />
            <line number="251" hits="2" branch="true" condition-coverage="100% (2/2)" />
            <line number="252" hits="1" branch="false" />
            <line number="253" hits="1" branch="false" />
            <line number="255" hits="1" branch="false" />
            <line number="256" hits="1" branch="false" />
            <line number="257" hits="0" branch="false" />
            <line number="259" hits="1" branch="false" />
            <line number="260" hits="1" branch="false" />
            <line number="262" hits="0" branch="false" />
            <line number="263" hits="1" branch="false" />
            <line number="264" hits="2" branch="false" />
            <line number="268" hits="1" branch="false" />
            <line number="269" hits="1" branch="false" />
            <line number="271" hits="4" branch="true" condition-coverage="100% (2/2)" />
            <line number="272" hits="3" branch="false" />
            <line number="273" hits="3" branch="false" />
            <line number="274" hits="3" branch="false" />
            <line number="275" hits="3" branch="false" />
            <line number="276" hits="1" branch="false" />
            <line number="279" hits="2" branch="false" />
            <line number="280" hits="2" branch="false" />
            <line number="282" hits="8" branch="true" condition-coverage="100% (2/2)" />
            <line number="283" hits="6" branch="false" />
            <line number="284" hits="6" branch="false" />
            <line number="285" hits="6" branch="false" />
            <line number="286" hits="6" branch="false" />
            <line number="287" hits="2" branch="false" />
            <line number="290" hits="86" branch="false" />
            <line number="291" hits="86" branch="true" condition-coverage="100% (4/4)" />
            <line number="292" hits="86" branch="false" />
          </lines>
        </class>
        <class name="DataLayer.MessageManager" filename="C:\Users\HP\Documents\kpi\.NET\Part 2\lab1-dotnet2\Lab1\CustomLinkedList\MessageManager.cs" line-rate="0.714285714285714" branch-rate="1" complexity="13">
          <methods>
            <method name="OnAdding" signature="(...)" line-rate="1" branch-rate="1" complexity="1">
              <lines>
                <line number="12" hits="1" branch="false" />
              </lines>
            </method>
            <method name="OnRemoving" signature="(...)" line-rate="1" branch-rate="1" complexity="1">
              <lines>
                <line number="13" hits="1" branch="false" />
              </lines>
            </method>
            <method name="OnCleared" signature="(...)" line-rate="1" branch-rate="1" complexity="1">
              <lines>
                <line number="14" hits="1" branch="false" />
              </lines>
            </method>
            <method name="OnCopied" signature="(...)" line-rate="1" branch-rate="1" complexity="1">
              <lines>
                <line number="15" hits="1" branch="false" />
              </lines>
            </method>
            <method name="OnEndPlaced" signature="(...)" line-rate="1" branch-rate="1" complexity="1">
              <lines>
                <line number="16" hits="8" branch="false" />
              </lines>
            </method>
            <method name="OnBeginPlaced" signature="(...)" line-rate="1" branch-rate="1" complexity="1">
              <lines>
                <line number="17" hits="1" branch="false" />
              </lines>
            </method>
            <method name="InitHandlers" signature="(...)" line-rate="1" branch-rate="1" complexity="1">
              <lines>
                <line number="20" hits="6" branch="false" />
                <line number="21" hits="6" branch="false" />
                <line number="22" hits="6" branch="false" />
                <line number="23" hits="6" branch="false" />
                <line number="24" hits="6" branch="false" />
                <line number="25" hits="6" branch="false" />
                <line number="26" hits="6" branch="false" />
                <line number="27" hits="6" branch="false" />
                <line number="28" hits="6" branch="false" />
              </lines>
            </method>
            <method name="RemoveAddingHandler" signature="(...)" line-rate="0" branch-rate="1" complexity="1">
              <lines>
                <line number="30" hits="0" branch="false" />
              </lines>
            </method>
            <method name="RemoveRemovingHandler" signature="(...)" line-rate="0" branch-rate="1" complexity="1">
              <lines>
                <line number="31" hits="0" branch="false" />
              </lines>
            </method>
            <method name="RemoveClearHandler" signature="(...)" line-rate="0" branch-rate="1" complexity="1">
              <lines>
                <line number="32" hits="0" branch="false" />
              </lines>
            </method>
            <method name="RemoveCopyHandler" signature="(...)" line-rate="0" branch-rate="1" complexity="1">
              <lines>
                <line number="33" hits="0" branch="false" />
              </lines>
            </method>
            <method name="RemoveEndPlaceHandler" signature="(...)" line-rate="0" branch-rate="1" complexity="1">
              <lines>
                <line number="34" hits="0" branch="false" />
              </lines>
            </method>
            <method name="RemoveBeginPlaceHandler" signature="(...)" line-rate="0" branch-rate="1" complexity="1">
              <lines>
                <line number="35" hits="0" branch="false" />
              </lines>
            </method>
          </methods>
          <lines>
            <line number="12" hits="1" branch="false" />
            <line number="13" hits="1" branch="false" />
            <line number="14" hits="1" branch="false" />
            <line number="15" hits="1" branch="false" />
            <line number="16" hits="8" branch="false" />
            <line number="17" hits="1" branch="false" />
            <line number="20" hits="6" branch="false" />
            <line number="21" hits="6" branch="false" />
            <line number="22" hits="6" branch="false" />
            <line number="23" hits="6" branch="false" />
            <line number="24" hits="6" branch="false" />
            <line number="25" hits="6" branch="false" />
            <line number="26" hits="6" branch="false" />
            <line number="27" hits="6" branch="false" />
            <line number="28" hits="6" branch="false" />
            <line number="30" hits="0" branch="false" />
            <line number="31" hits="0" branch="false" />
            <line number="32" hits="0" branch="false" />
            <line number="33" hits="0" branch="false" />
            <line number="34" hits="0" branch="false" />
            <line number="35" hits="0" branch="false" />
          </lines>
        </class>
        <class name="DataLayer.Node`1" filename="C:\Users\HP\Documents\kpi\.NET\Part 2\lab1-dotnet2\Lab1\CustomLinkedList\Node.cs" line-rate="1" branch-rate="1" complexity="7">
          <methods>
            <method name="get_Data" signature="()" line-rate="1" branch-rate="1" complexity="1">
              <lines>
                <line number="11" hits="40" branch="false" />
              </lines>
            </method>
            <method name="get_Next" signature="()" line-rate="1" branch-rate="1" complexity="1">
              <lines>
                <line number="12" hits="84" branch="false" />
              </lines>
            </method>
            <method name="get_Previous" signature="()" line-rate="1" branch-rate="1" complexity="1">
              <lines>
                <line number="13" hits="51" branch="false" />
              </lines>
            </method>
            <method name="Equals" signature="(...)" line-rate="1" branch-rate="1" complexity="2">
              <lines>
                <line number="21" hits="12" branch="false" />
                <line number="22" hits="12" branch="true" condition-coverage="100% (2/2)" />
                <line number="23" hits="12" branch="false" />
              </lines>
            </method>
            <method name="Equals" signature="(...)" line-rate="1" branch-rate="1" complexity="1">
              <lines>
                <line number="26" hits="11" branch="false" />
                <line number="27" hits="11" branch="false" />
                <line number="28" hits="11" branch="false" />
              </lines>
            </method>
            <method name=".ctor" signature="(...)" line-rate="1" branch-rate="1" complexity="1">
              <lines>
                <line number="15" hits="77" branch="false" />
                <line number="16" hits="77" branch="false" />
                <line number="17" hits="77" branch="false" />
                <line number="18" hits="77" branch="false" />
              </lines>
            </method>
          </methods>
          <lines>
            <line number="11" hits="40" branch="false" />
            <line number="12" hits="84" branch="false" />
            <line number="13" hits="51" branch="false" />
            <line number="15" hits="77" branch="false" />
            <line number="16" hits="77" branch="false" />
            <line number="17" hits="77" branch="false" />
            <line number="18" hits="77" branch="false" />
            <line number="21" hits="12" branch="false" />
            <line number="22" hits="12" branch="true" condition-coverage="100% (2/2)" />
            <line number="23" hits="12" branch="false" />
            <line number="26" hits="11" branch="false" />
            <line number="27" hits="11" branch="false" />
            <line number="28" hits="11" branch="false" />
          </lines>
        </class>
      </classes>
    </package>
  </packages>
</coverage>