TpTrace Verbose: 0 : 16956, 1, 2023/10/01, 20:02:15.290, 278230072293, vstest.console.dll, Version: 17.7.1-release-23418-01 Current process architecture: X64
TpTrace Verbose: 0 : 16956, 1, 2023/10/01, 20:02:15.296, 278230128417, vstest.console.dll, Runtime location: C:\Program Files\dotnet\shared\Microsoft.NETCore.App\7.0.11
TpTrace Verbose: 0 : 16956, 1, 2023/10/01, 20:02:15.303, 278230200014, vstest.console.dll, ArtifactProcessingPostProcessModeProcessorExecutor.Initialize: ArtifactProcessingMode.Collect
TpTrace Verbose: 0 : 16956, 1, 2023/10/01, 20:02:15.304, 278230202833, vstest.console.dll, TestSessionCorrelationIdProcessorModeProcessorExecutor.Initialize: TestSessionCorrelationId '15012_af037570-178c-42ce-9cbb-18531cfada89'
TpTrace Information: 0 : 16956, 1, 2023/10/01, 20:02:15.323, 278230399747, vstest.console.dll, FilePatternParser: The given file C:\Users\HP\Documents\kpi\.NET\Part 2\lab1-dotnet2\Lab1\CustomLinkedListTesting\bin\Debug\net7.0\fine-code-coverage\build-output\CustomLinkedListTesting.dll is a full path.
TpTrace Verbose: 0 : 16956, 1, 2023/10/01, 20:02:15.338, 278230552351, vstest.console.dll, TestPluginCache.DiscoverTestExtensions: finding test extensions in assemblies ends with: RuntimeProvider.dll TPluginInfo: Microsoft.VisualStudio.TestPlatform.Common.ExtensionFramework.Utilities.TestRuntimePluginInformation TExtension: Microsoft.VisualStudio.TestPlatform.ObjectModel.Host.ITestRuntimeProvider
TpTrace Verbose: 0 : 16956, 1, 2023/10/01, 20:02:15.339, 278230562709, vstest.console.dll, TestPluginCache.GetExtensionPaths: Filtered extension paths: 
TpTrace Verbose: 0 : 16956, 1, 2023/10/01, 20:02:15.340, 278230565791, vstest.console.dll, TestPluginCache.GetExtensionPaths: Added default extension paths: C:\Program Files\dotnet\sdk\7.0.401\Extensions\Microsoft.Diagnostics.NETCore.Client.dll
C:\Program Files\dotnet\sdk\7.0.401\Extensions\Microsoft.TestPlatform.Extensions.BlameDataCollector.dll
C:\Program Files\dotnet\sdk\7.0.401\Extensions\Microsoft.TestPlatform.Extensions.EventLogCollector.dll
C:\Program Files\dotnet\sdk\7.0.401\Extensions\Microsoft.TestPlatform.TestHostRuntimeProvider.dll
C:\Program Files\dotnet\sdk\7.0.401\Extensions\Microsoft.VisualStudio.TestPlatform.Extensions.Html.TestLogger.dll
C:\Program Files\dotnet\sdk\7.0.401\Extensions\Microsoft.VisualStudio.TestPlatform.Extensions.Trx.TestLogger.dll
TpTrace Verbose: 0 : 16956, 1, 2023/10/01, 20:02:15.340, 278230567048, vstest.console.dll, TestPluginCache.GetExtensionPaths: Added unfilterableExtensionPaths: 
TpTrace Information: 0 : 16956, 1, 2023/10/01, 20:02:15.342, 278230585670, vstest.console.dll, AssemblyResolver.ctor: Creating AssemblyResolver with searchDirectories C:\Program Files\dotnet\sdk\7.0.401\Extensions,C:\Program Files\dotnet\sdk\7.0.401
TpTrace Verbose: 0 : 16956, 1, 2023/10/01, 20:02:15.344, 278230610504, vstest.console.dll, TestPluginCache.DiscoverTestExtensions: Discovering the extensions using extension path.
TpTrace Verbose: 0 : 16956, 1, 2023/10/01, 20:02:15.345, 278230613789, vstest.console.dll, TestPluginCache.GetExtensionPaths: Filtered extension paths: 
TpTrace Verbose: 0 : 16956, 1, 2023/10/01, 20:02:15.345, 278230615022, vstest.console.dll, TestPluginCache.GetExtensionPaths: Added default extension paths: C:\Program Files\dotnet\sdk\7.0.401\Extensions\Microsoft.Diagnostics.NETCore.Client.dll
C:\Program Files\dotnet\sdk\7.0.401\Extensions\Microsoft.TestPlatform.Extensions.BlameDataCollector.dll
C:\Program Files\dotnet\sdk\7.0.401\Extensions\Microsoft.TestPlatform.Extensions.EventLogCollector.dll
C:\Program Files\dotnet\sdk\7.0.401\Extensions\Microsoft.TestPlatform.TestHostRuntimeProvider.dll
C:\Program Files\dotnet\sdk\7.0.401\Extensions\Microsoft.VisualStudio.TestPlatform.Extensions.Html.TestLogger.dll
C:\Program Files\dotnet\sdk\7.0.401\Extensions\Microsoft.VisualStudio.TestPlatform.Extensions.Trx.TestLogger.dll
TpTrace Verbose: 0 : 16956, 1, 2023/10/01, 20:02:15.345, 278230615931, vstest.console.dll, TestPluginCache.GetExtensionPaths: Added unfilterableExtensionPaths: 
TpTrace Verbose: 0 : 16956, 1, 2023/10/01, 20:02:15.345, 278230618538, vstest.console.dll, TestPluginCache.DiscoverTestExtensions: Discovering the extensions using allExtensionPaths: C:\Program Files\dotnet\sdk\7.0.401\Extensions\Microsoft.Diagnostics.NETCore.Client.dll
C:\Program Files\dotnet\sdk\7.0.401\Extensions\Microsoft.TestPlatform.Extensions.BlameDataCollector.dll
C:\Program Files\dotnet\sdk\7.0.401\Extensions\Microsoft.TestPlatform.Extensions.EventLogCollector.dll
C:\Program Files\dotnet\sdk\7.0.401\Extensions\Microsoft.TestPlatform.TestHostRuntimeProvider.dll
C:\Program Files\dotnet\sdk\7.0.401\Extensions\Microsoft.VisualStudio.TestPlatform.Extensions.Html.TestLogger.dll
C:\Program Files\dotnet\sdk\7.0.401\Extensions\Microsoft.VisualStudio.TestPlatform.Extensions.Trx.TestLogger.dll
TpTrace Information: 0 : 16956, 1, 2023/10/01, 20:02:15.345, 278230622324, vstest.console.dll, AssemblyResolver.AddSearchDirectories: Adding more searchDirectories C:\Program Files\dotnet\sdk\7.0.401\Extensions,C:\Program Files\dotnet\sdk\7.0.401
TpTrace Information: 0 : 16956, 1, 2023/10/01, 20:02:15.346, 278230624048, vstest.console.dll, AssemblyResolver.AddSearchDirectories: Adding more searchDirectories C:\Program Files\dotnet\sdk\7.0.401\Extensions,C:\Program Files\dotnet\sdk\7.0.401
TpTrace Information: 0 : 16956, 1, 2023/10/01, 20:02:15.346, 278230624813, vstest.console.dll, AssemblyResolver.AddSearchDirectories: Adding more searchDirectories C:\Program Files\dotnet\sdk\7.0.401\Extensions,C:\Program Files\dotnet\sdk\7.0.401
TpTrace Information: 0 : 16956, 1, 2023/10/01, 20:02:15.346, 278230625511, vstest.console.dll, AssemblyResolver.AddSearchDirectories: Adding more searchDirectories C:\Program Files\dotnet\sdk\7.0.401\Extensions,C:\Program Files\dotnet\sdk\7.0.401
TpTrace Information: 0 : 16956, 1, 2023/10/01, 20:02:15.346, 278230626329, vstest.console.dll, AssemblyResolver.AddSearchDirectories: Adding more searchDirectories C:\Program Files\dotnet\sdk\7.0.401\Extensions,C:\Program Files\dotnet\sdk\7.0.401
TpTrace Information: 0 : 16956, 1, 2023/10/01, 20:02:15.346, 278230627239, vstest.console.dll, AssemblyResolver.AddSearchDirectories: Adding more searchDirectories C:\Program Files\dotnet\sdk\7.0.401\Extensions,C:\Program Files\dotnet\sdk\7.0.401
TpTrace Information: 0 : 16956, 1, 2023/10/01, 20:02:15.347, 278230636058, vstest.console.dll, AssemblyResolver.OnResolve: Microsoft.Diagnostics.NETCore.Client: Resolving assembly.
TpTrace Information: 0 : 16956, 1, 2023/10/01, 20:02:15.347, 278230638315, vstest.console.dll, AssemblyResolver.OnResolve: Microsoft.Diagnostics.NETCore.Client: Searching in: 'C:\Program Files\dotnet\sdk\7.0.401\Extensions'.
TpTrace Information: 0 : 16956, 1, 2023/10/01, 20:02:15.365, 278230813462, vstest.console.dll, AssemblyResolver.OnResolve: Microsoft.Diagnostics.NETCore.Client: Loading assembly 'C:\Program Files\dotnet\sdk\7.0.401\Extensions\Microsoft.Diagnostics.NETCore.Client.dll'.
TpTrace Information: 0 : 16956, 1, 2023/10/01, 20:02:15.367, 278230833477, vstest.console.dll, AssemblyResolver.OnResolve: Resolved assembly: Microsoft.Diagnostics.NETCore.Client, from path: C:\Program Files\dotnet\sdk\7.0.401\Extensions\Microsoft.Diagnostics.NETCore.Client.dll
TpTrace Verbose: 0 : 16956, 1, 2023/10/01, 20:02:15.373, 278230902010, vstest.console.dll, MetadataReaderExtensionsHelper: Discovering extensions inside assembly 'Microsoft.Diagnostics.NETCore.Client, Version=0.2.8.21101, Culture=neutral, PublicKeyToken=31bf3856ad364e35' file path 'C:\Program Files\dotnet\sdk\7.0.401\Extensions\Microsoft.Diagnostics.NETCore.Client.dll'
TpTrace Information: 0 : 16956, 1, 2023/10/01, 20:02:15.388, 278231049497, vstest.console.dll, AssemblyResolver.OnResolve: Microsoft.Bcl.AsyncInterfaces: Resolving assembly.
TpTrace Information: 0 : 16956, 1, 2023/10/01, 20:02:15.388, 278231051273, vstest.console.dll, AssemblyResolver.OnResolve: Microsoft.Bcl.AsyncInterfaces: Searching in: 'C:\Program Files\dotnet\sdk\7.0.401\Extensions'.
TpTrace Information: 0 : 16956, 1, 2023/10/01, 20:02:15.389, 278231053176, vstest.console.dll, AssemblyResolver.OnResolve: Microsoft.Bcl.AsyncInterfaces: Assembly path does not exist: 'C:\Program Files\dotnet\sdk\7.0.401\Extensions\Microsoft.Bcl.AsyncInterfaces.dll', returning.
TpTrace Information: 0 : 16956, 1, 2023/10/01, 20:02:15.389, 278231055222, vstest.console.dll, AssemblyResolver.OnResolve: Microsoft.Bcl.AsyncInterfaces: Assembly path does not exist: 'C:\Program Files\dotnet\sdk\7.0.401\Extensions\Microsoft.Bcl.AsyncInterfaces.exe', returning.
TpTrace Information: 0 : 16956, 1, 2023/10/01, 20:02:15.389, 278231055958, vstest.console.dll, AssemblyResolver.OnResolve: Microsoft.Bcl.AsyncInterfaces: Searching in: 'C:\Program Files\dotnet\sdk\7.0.401'.
TpTrace Information: 0 : 16956, 1, 2023/10/01, 20:02:15.389, 278231057005, vstest.console.dll, AssemblyResolver.OnResolve: Microsoft.Bcl.AsyncInterfaces: Assembly path does not exist: 'C:\Program Files\dotnet\sdk\7.0.401\Microsoft.Bcl.AsyncInterfaces.dll', returning.
TpTrace Information: 0 : 16956, 1, 2023/10/01, 20:02:15.389, 278231058343, vstest.console.dll, AssemblyResolver.OnResolve: Microsoft.Bcl.AsyncInterfaces: Assembly path does not exist: 'C:\Program Files\dotnet\sdk\7.0.401\Microsoft.Bcl.AsyncInterfaces.exe', returning.
TpTrace Information: 0 : 16956, 1, 2023/10/01, 20:02:15.389, 278231059035, vstest.console.dll, AssemblyResolver.OnResolve: Microsoft.Bcl.AsyncInterfaces: Failed to load assembly.
TpTrace Verbose: 0 : 16956, 1, 2023/10/01, 20:02:15.389, 278231059710, vstest.console.dll, CurrentDomainAssemblyResolve: Resolving assembly 'Microsoft.Bcl.AsyncInterfaces'.
TpTrace Information: 0 : 16956, 1, 2023/10/01, 20:02:15.389, 278231060957, vstest.console.dll, AssemblyResolver.OnResolve: Microsoft.Bcl.AsyncInterfaces: Resolving assembly.
TpTrace Information: 0 : 16956, 1, 2023/10/01, 20:02:15.390, 278231062895, vstest.console.dll, AssemblyResolver.OnResolve: Microsoft.Bcl.AsyncInterfaces: Resolved from cache.
TpTrace Verbose: 0 : 16956, 1, 2023/10/01, 20:02:15.390, 278231063834, vstest.console.dll, CurrentDomainAssemblyResolve: Resolving assembly 'Microsoft.Bcl.AsyncInterfaces'.
TpTrace Verbose: 0 : 16956, 1, 2023/10/01, 20:02:15.390, 278231064567, vstest.console.dll, CurrentDomainAssemblyResolve: Failed to resolve assembly 'Microsoft.Bcl.AsyncInterfaces'.
TpTrace Verbose: 0 : 16956, 1, 2023/10/01, 20:02:15.392, 278231083773, vstest.console.dll, CurrentDomainAssemblyResolve: Failed to resolve assembly 'Microsoft.Bcl.AsyncInterfaces'.
TpTrace Warning: 0 : 16956, 1, 2023/10/01, 20:02:15.411, 278231280708, vstest.console.dll, TestPluginDiscoverer: Failed to get types from assembly 'Microsoft.Diagnostics.NETCore.Client, Version=0.2.8.21101, Culture=neutral, PublicKeyToken=31bf3856ad364e35'. Error: System.Reflection.ReflectionTypeLoadException: Unable to load one or more of the requested types.
Could not load file or assembly 'Microsoft.Bcl.AsyncInterfaces, Version=1.0.0.0, Culture=neutral, PublicKeyToken=cc7b13ffcd2ddd51'. The system cannot find the file specified.
   at System.Reflection.RuntimeModule.GetTypes(RuntimeModule module)
   at System.Reflection.Assembly.GetTypes()
   at Microsoft.VisualStudio.TestPlatform.Common.ExtensionFramework.TestPluginDiscoverer.GetTestExtensionsFromAssembly[TPluginInfo,TExtension](Assembly assembly, Dictionary`2 pluginInfos, String filePath) in /_/src/Microsoft.TestPlatform.Common/ExtensionFramework/TestPluginDiscoverer.cs:line 158
System.IO.FileNotFoundException: Could not load file or assembly 'Microsoft.Bcl.AsyncInterfaces, Version=1.0.0.0, Culture=neutral, PublicKeyToken=cc7b13ffcd2ddd51'. The system cannot find the file specified.
File name: 'Microsoft.Bcl.AsyncInterfaces, Version=1.0.0.0, Culture=neutral, PublicKeyToken=cc7b13ffcd2ddd51'
 ---> System.IO.FileNotFoundException: Could not load file or assembly 'Microsoft.Bcl.AsyncInterfaces, Culture=neutral, PublicKeyToken=null'. The system cannot find the file specified.
File name: 'Microsoft.Bcl.AsyncInterfaces, Culture=neutral, PublicKeyToken=null'
   at System.Reflection.RuntimeAssembly.InternalLoad(AssemblyName assemblyName, StackCrawlMark& stackMark, AssemblyLoadContext assemblyLoadContext, RuntimeAssembly requestingAssembly, Boolean throwOnFileNotFound)
   at System.Reflection.Assembly.Load(AssemblyName assemblyRef)
   at Microsoft.VisualStudio.TestPlatform.Common.ExtensionFramework.TestPluginCache.CurrentDomainAssemblyResolve(Object sender, AssemblyResolveEventArgs args) in /_/src/Microsoft.TestPlatform.Common/ExtensionFramework/TestPluginCache.cs:line 513
   at System.Runtime.Loader.AssemblyLoadContext.GetFirstResolvedAssemblyFromResolvingEvent(AssemblyName assemblyName)
   at System.Runtime.Loader.AssemblyLoadContext.ResolveUsingEvent(AssemblyName assemblyName)
   at System.Runtime.Loader.AssemblyLoadContext.ResolveUsingResolvingEvent(IntPtr gchManagedAssemblyLoadContext, AssemblyName assemblyName)
TpTrace Warning: 0 : 16956, 1, 2023/10/01, 20:02:15.412, 278231285521, vstest.console.dll, LoaderExceptions: System.IO.FileNotFoundException: Could not load file or assembly 'Microsoft.Bcl.AsyncInterfaces, Version=1.0.0.0, Culture=neutral, PublicKeyToken=cc7b13ffcd2ddd51'. The system cannot find the file specified.
File name: 'Microsoft.Bcl.AsyncInterfaces, Version=1.0.0.0, Culture=neutral, PublicKeyToken=cc7b13ffcd2ddd51'
 ---> System.IO.FileNotFoundException: Could not load file or assembly 'Microsoft.Bcl.AsyncInterfaces, Culture=neutral, PublicKeyToken=null'. The system cannot find the file specified.
File name: 'Microsoft.Bcl.AsyncInterfaces, Culture=neutral, PublicKeyToken=null'
   at System.Reflection.RuntimeAssembly.InternalLoad(AssemblyName assemblyName, StackCrawlMark& stackMark, AssemblyLoadContext assemblyLoadContext, RuntimeAssembly requestingAssembly, Boolean throwOnFileNotFound)
   at System.Reflection.Assembly.Load(AssemblyName assemblyRef)
   at Microsoft.VisualStudio.TestPlatform.Common.ExtensionFramework.TestPluginCache.CurrentDomainAssemblyResolve(Object sender, AssemblyResolveEventArgs args) in /_/src/Microsoft.TestPlatform.Common/ExtensionFramework/TestPluginCache.cs:line 513
   at System.Runtime.Loader.AssemblyLoadContext.GetFirstResolvedAssemblyFromResolvingEvent(AssemblyName assemblyName)
   at System.Runtime.Loader.AssemblyLoadContext.ResolveUsingEvent(AssemblyName assemblyName)
   at System.Runtime.Loader.AssemblyLoadContext.ResolveUsingResolvingEvent(IntPtr gchManagedAssemblyLoadContext, AssemblyName assemblyName)
TpTrace Information: 0 : 16956, 1, 2023/10/01, 20:02:15.412, 278231287754, vstest.console.dll, AssemblyResolver.OnResolve: Microsoft.TestPlatform.Extensions.BlameDataCollector: Resolving assembly.
TpTrace Information: 0 : 16956, 1, 2023/10/01, 20:02:15.412, 278231288473, vstest.console.dll, AssemblyResolver.OnResolve: Microsoft.TestPlatform.Extensions.BlameDataCollector: Searching in: 'C:\Program Files\dotnet\sdk\7.0.401\Extensions'.
TpTrace Information: 0 : 16956, 1, 2023/10/01, 20:02:15.413, 278231297862, vstest.console.dll, AssemblyResolver.OnResolve: Microsoft.TestPlatform.Extensions.BlameDataCollector: Loading assembly 'C:\Program Files\dotnet\sdk\7.0.401\Extensions\Microsoft.TestPlatform.Extensions.BlameDataCollector.dll'.
TpTrace Information: 0 : 16956, 1, 2023/10/01, 20:02:15.414, 278231308444, vstest.console.dll, AssemblyResolver.OnResolve: Resolved assembly: Microsoft.TestPlatform.Extensions.BlameDataCollector, from path: C:\Program Files\dotnet\sdk\7.0.401\Extensions\Microsoft.TestPlatform.Extensions.BlameDataCollector.dll
TpTrace Verbose: 0 : 16956, 1, 2023/10/01, 20:02:15.414, 278231310437, vstest.console.dll, MetadataReaderExtensionsHelper: Discovering extensions inside assembly 'Microsoft.TestPlatform.Extensions.BlameDataCollector, Version=15.0.0.0, Culture=neutral, PublicKeyToken=b03f5f7f11d50a3a' file path 'C:\Program Files\dotnet\sdk\7.0.401\Extensions\Microsoft.TestPlatform.Extensions.BlameDataCollector.dll'
TpTrace Information: 0 : 16956, 1, 2023/10/01, 20:02:15.418, 278231347650, vstest.console.dll, AssemblyResolver.OnResolve: Microsoft.TestPlatform.Extensions.EventLogCollector: Resolving assembly.
TpTrace Information: 0 : 16956, 1, 2023/10/01, 20:02:15.418, 278231349246, vstest.console.dll, AssemblyResolver.OnResolve: Microsoft.TestPlatform.Extensions.EventLogCollector: Searching in: 'C:\Program Files\dotnet\sdk\7.0.401\Extensions'.
TpTrace Information: 0 : 16956, 1, 2023/10/01, 20:02:15.419, 278231358571, vstest.console.dll, AssemblyResolver.OnResolve: Microsoft.TestPlatform.Extensions.EventLogCollector: Loading assembly 'C:\Program Files\dotnet\sdk\7.0.401\Extensions\Microsoft.TestPlatform.Extensions.EventLogCollector.dll'.
TpTrace Information: 0 : 16956, 1, 2023/10/01, 20:02:15.420, 278231366649, vstest.console.dll, AssemblyResolver.OnResolve: Resolved assembly: Microsoft.TestPlatform.Extensions.EventLogCollector, from path: C:\Program Files\dotnet\sdk\7.0.401\Extensions\Microsoft.TestPlatform.Extensions.EventLogCollector.dll
TpTrace Verbose: 0 : 16956, 1, 2023/10/01, 20:02:15.420, 278231368164, vstest.console.dll, MetadataReaderExtensionsHelper: Discovering extensions inside assembly 'Microsoft.TestPlatform.Extensions.EventLogCollector, Version=15.0.0.0, Culture=neutral, PublicKeyToken=b03f5f7f11d50a3a' file path 'C:\Program Files\dotnet\sdk\7.0.401\Extensions\Microsoft.TestPlatform.Extensions.EventLogCollector.dll'
TpTrace Information: 0 : 16956, 1, 2023/10/01, 20:02:15.424, 278231411082, vstest.console.dll, AssemblyResolver.OnResolve: Microsoft.TestPlatform.TestHostRuntimeProvider: Resolving assembly.
TpTrace Information: 0 : 16956, 1, 2023/10/01, 20:02:15.424, 278231412777, vstest.console.dll, AssemblyResolver.OnResolve: Microsoft.TestPlatform.TestHostRuntimeProvider: Searching in: 'C:\Program Files\dotnet\sdk\7.0.401\Extensions'.
TpTrace Information: 0 : 16956, 1, 2023/10/01, 20:02:15.425, 278231422069, vstest.console.dll, AssemblyResolver.OnResolve: Microsoft.TestPlatform.TestHostRuntimeProvider: Loading assembly 'C:\Program Files\dotnet\sdk\7.0.401\Extensions\Microsoft.TestPlatform.TestHostRuntimeProvider.dll'.
TpTrace Information: 0 : 16956, 1, 2023/10/01, 20:02:15.427, 278231439908, vstest.console.dll, AssemblyResolver.OnResolve: Resolved assembly: Microsoft.TestPlatform.TestHostRuntimeProvider, from path: C:\Program Files\dotnet\sdk\7.0.401\Extensions\Microsoft.TestPlatform.TestHostRuntimeProvider.dll
TpTrace Verbose: 0 : 16956, 1, 2023/10/01, 20:02:15.427, 278231441848, vstest.console.dll, MetadataReaderExtensionsHelper: Discovering extensions inside assembly 'Microsoft.TestPlatform.TestHostRuntimeProvider, Version=15.0.0.0, Culture=neutral, PublicKeyToken=b03f5f7f11d50a3a' file path 'C:\Program Files\dotnet\sdk\7.0.401\Extensions\Microsoft.TestPlatform.TestHostRuntimeProvider.dll'
TpTrace Information: 0 : 16956, 1, 2023/10/01, 20:02:15.431, 278231474163, vstest.console.dll, GetTestExtensionFromType: Register extension with identifier data 'HostProvider://DefaultTestHost' and type 'Microsoft.VisualStudio.TestPlatform.CrossPlatEngine.Hosting.DefaultTestHostManager, Microsoft.TestPlatform.TestHostRuntimeProvider, Version=15.0.0.0, Culture=neutral, PublicKeyToken=b03f5f7f11d50a3a' inside file 'C:\Program Files\dotnet\sdk\7.0.401\Extensions\Microsoft.TestPlatform.TestHostRuntimeProvider.dll'
TpTrace Information: 0 : 16956, 1, 2023/10/01, 20:02:15.431, 278231481494, vstest.console.dll, GetTestExtensionFromType: Register extension with identifier data 'HostProvider://DotnetTestHost' and type 'Microsoft.VisualStudio.TestPlatform.CrossPlatEngine.Hosting.DotnetTestHostManager, Microsoft.TestPlatform.TestHostRuntimeProvider, Version=15.0.0.0, Culture=neutral, PublicKeyToken=b03f5f7f11d50a3a' inside file 'C:\Program Files\dotnet\sdk\7.0.401\Extensions\Microsoft.TestPlatform.TestHostRuntimeProvider.dll'
TpTrace Information: 0 : 16956, 1, 2023/10/01, 20:02:15.432, 278231483838, vstest.console.dll, AssemblyResolver.OnResolve: Microsoft.VisualStudio.TestPlatform.Extensions.Html.TestLogger: Resolving assembly.
TpTrace Information: 0 : 16956, 1, 2023/10/01, 20:02:15.432, 278231485169, vstest.console.dll, AssemblyResolver.OnResolve: Microsoft.VisualStudio.TestPlatform.Extensions.Html.TestLogger: Searching in: 'C:\Program Files\dotnet\sdk\7.0.401\Extensions'.
TpTrace Information: 0 : 16956, 1, 2023/10/01, 20:02:15.433, 278231494564, vstest.console.dll, AssemblyResolver.OnResolve: Microsoft.VisualStudio.TestPlatform.Extensions.Html.TestLogger: Loading assembly 'C:\Program Files\dotnet\sdk\7.0.401\Extensions\Microsoft.VisualStudio.TestPlatform.Extensions.Html.TestLogger.dll'.
TpTrace Information: 0 : 16956, 1, 2023/10/01, 20:02:15.434, 278231505187, vstest.console.dll, AssemblyResolver.OnResolve: Resolved assembly: Microsoft.VisualStudio.TestPlatform.Extensions.Html.TestLogger, from path: C:\Program Files\dotnet\sdk\7.0.401\Extensions\Microsoft.VisualStudio.TestPlatform.Extensions.Html.TestLogger.dll
TpTrace Verbose: 0 : 16956, 1, 2023/10/01, 20:02:15.434, 278231506962, vstest.console.dll, MetadataReaderExtensionsHelper: Discovering extensions inside assembly 'Microsoft.VisualStudio.TestPlatform.Extensions.Html.TestLogger, Version=15.0.0.0, Culture=neutral, PublicKeyToken=b03f5f7f11d50a3a' file path 'C:\Program Files\dotnet\sdk\7.0.401\Extensions\Microsoft.VisualStudio.TestPlatform.Extensions.Html.TestLogger.dll'
TpTrace Information: 0 : 16956, 1, 2023/10/01, 20:02:15.436, 278231525494, vstest.console.dll, AssemblyResolver.OnResolve: Microsoft.VisualStudio.TestPlatform.Extensions.Trx.TestLogger: Resolving assembly.
TpTrace Information: 0 : 16956, 1, 2023/10/01, 20:02:15.436, 278231526730, vstest.console.dll, AssemblyResolver.OnResolve: Microsoft.VisualStudio.TestPlatform.Extensions.Trx.TestLogger: Searching in: 'C:\Program Files\dotnet\sdk\7.0.401\Extensions'.
TpTrace Information: 0 : 16956, 1, 2023/10/01, 20:02:15.437, 278231534196, vstest.console.dll, AssemblyResolver.OnResolve: Microsoft.VisualStudio.TestPlatform.Extensions.Trx.TestLogger: Loading assembly 'C:\Program Files\dotnet\sdk\7.0.401\Extensions\Microsoft.VisualStudio.TestPlatform.Extensions.Trx.TestLogger.dll'.
TpTrace Information: 0 : 16956, 1, 2023/10/01, 20:02:15.438, 278231544836, vstest.console.dll, AssemblyResolver.OnResolve: Resolved assembly: Microsoft.VisualStudio.TestPlatform.Extensions.Trx.TestLogger, from path: C:\Program Files\dotnet\sdk\7.0.401\Extensions\Microsoft.VisualStudio.TestPlatform.Extensions.Trx.TestLogger.dll
TpTrace Verbose: 0 : 16956, 1, 2023/10/01, 20:02:15.438, 278231546461, vstest.console.dll, MetadataReaderExtensionsHelper: Discovering extensions inside assembly 'Microsoft.VisualStudio.TestPlatform.Extensions.Trx.TestLogger, Version=15.0.0.0, Culture=neutral, PublicKeyToken=b03f5f7f11d50a3a' file path 'C:\Program Files\dotnet\sdk\7.0.401\Extensions\Microsoft.VisualStudio.TestPlatform.Extensions.Trx.TestLogger.dll'
TpTrace Verbose: 0 : 16956, 1, 2023/10/01, 20:02:15.440, 278231571656, vstest.console.dll, TestPluginCache: Discovered the extensions using extension path ''.
TpTrace Verbose: 0 : 16956, 1, 2023/10/01, 20:02:15.441, 278231573468, vstest.console.dll, TestPluginCache: Discoverers are ''.
TpTrace Verbose: 0 : 16956, 1, 2023/10/01, 20:02:15.441, 278231574725, vstest.console.dll, TestPluginCache: Executors are ''.
TpTrace Verbose: 0 : 16956, 1, 2023/10/01, 20:02:15.441, 278231575451, vstest.console.dll, TestPluginCache: Executors2 are ''.
TpTrace Verbose: 0 : 16956, 1, 2023/10/01, 20:02:15.441, 278231576210, vstest.console.dll, TestPluginCache: Setting providers are ''.
TpTrace Verbose: 0 : 16956, 1, 2023/10/01, 20:02:15.441, 278231576922, vstest.console.dll, TestPluginCache: Loggers are ''.
TpTrace Verbose: 0 : 16956, 1, 2023/10/01, 20:02:15.441, 278231580357, vstest.console.dll, TestPluginCache: TestHosts are 'HostProvider://DefaultTestHost,HostProvider://DotnetTestHost'.
TpTrace Verbose: 0 : 16956, 1, 2023/10/01, 20:02:15.441, 278231582450, vstest.console.dll, TestPluginCache: DataCollectors are ''.
TpTrace Information: 0 : 16956, 1, 2023/10/01, 20:02:15.468, 278231847768, vstest.console.dll, RunTestsArgumentProcessor:Execute: Test run is starting.
TpTrace Verbose: 0 : 16956, 1, 2023/10/01, 20:02:15.468, 278231852780, vstest.console.dll, RunTestsArgumentProcessor:Execute: Queuing Test run.
TpTrace Information: 0 : 16956, 1, 2023/10/01, 20:02:15.469, 278231857802, vstest.console.dll, TestRequestManager.RunTests: run tests started.
TpTrace Information: 0 : 16956, 1, 2023/10/01, 20:02:15.471, 278231879056, vstest.console.dll, AssemblyMetadataProvider.GetFrameworkName: Determined framework:'.NETCoreApp,Version=v7.0' for source: 'C:\Users\HP\Documents\kpi\.NET\Part 2\lab1-dotnet2\Lab1\CustomLinkedListTesting\bin\Debug\net7.0\fine-code-coverage\build-output\CustomLinkedListTesting.dll'
TpTrace Information: 0 : 16956, 1, 2023/10/01, 20:02:15.472, 278231884744, vstest.console.dll, Determined framework for all sources: .NETCoreApp,Version=v7.0
TpTrace Verbose: 0 : 16956, 1, 2023/10/01, 20:02:15.473, 278231895568, vstest.console.dll, TestRequestManager.UpdateRunSettingsIfRequired: Default architecture: X64 IsDefaultTargetArchitecture: True, Current process architecture: X64 OperatingSystem: Windows.
TpTrace Information: 0 : 16956, 1, 2023/10/01, 20:02:15.478, 278231944299, vstest.console.dll, AssemblyMetadataProvider.GetArchitecture: Determined architecture:AnyCPU info for assembly: C:\Users\HP\Documents\kpi\.NET\Part 2\lab1-dotnet2\Lab1\CustomLinkedListTesting\bin\Debug\net7.0\fine-code-coverage\build-output\CustomLinkedListTesting.dll
TpTrace Information: 0 : 16956, 1, 2023/10/01, 20:02:15.478, 278231946045, vstest.console.dll, Determined platform for source 'C:\Users\HP\Documents\kpi\.NET\Part 2\lab1-dotnet2\Lab1\CustomLinkedListTesting\bin\Debug\net7.0\fine-code-coverage\build-output\CustomLinkedListTesting.dll' was AnyCPU and it will use the default plaform X64.
TpTrace Information: 0 : 16956, 1, 2023/10/01, 20:02:15.478, 278231946795, vstest.console.dll, None of the sources provided any runnable platform, using the default platform: X64
TpTrace Information: 0 : 16956, 1, 2023/10/01, 20:02:15.478, 278231951793, vstest.console.dll, Platform was updated to 'X64'.
TpTrace Information: 0 : 16956, 1, 2023/10/01, 20:02:15.486, 278232028000, vstest.console.dll, InferRunSettingsHelper.IsTestSettingsEnabled: Unable to navigate to RunSettings/MSTest. Current node: RunSettings
TpTrace Information: 0 : 16956, 1, 2023/10/01, 20:02:15.487, 278232037215, vstest.console.dll, AssemblyResolver.OnResolve: Microsoft.VisualStudio.TestPlatform.Fakes: Resolving assembly.
TpTrace Information: 0 : 16956, 1, 2023/10/01, 20:02:15.487, 278232038721, vstest.console.dll, AssemblyResolver.OnResolve: Microsoft.VisualStudio.TestPlatform.Fakes: Searching in: 'C:\Program Files\dotnet\sdk\7.0.401\Extensions'.
TpTrace Information: 0 : 16956, 1, 2023/10/01, 20:02:15.487, 278232040222, vstest.console.dll, AssemblyResolver.OnResolve: Microsoft.VisualStudio.TestPlatform.Fakes: Assembly path does not exist: 'C:\Program Files\dotnet\sdk\7.0.401\Extensions\Microsoft.VisualStudio.TestPlatform.Fakes.dll', returning.
TpTrace Information: 0 : 16956, 1, 2023/10/01, 20:02:15.487, 278232041430, vstest.console.dll, AssemblyResolver.OnResolve: Microsoft.VisualStudio.TestPlatform.Fakes: Assembly path does not exist: 'C:\Program Files\dotnet\sdk\7.0.401\Extensions\Microsoft.VisualStudio.TestPlatform.Fakes.exe', returning.
TpTrace Information: 0 : 16956, 1, 2023/10/01, 20:02:15.487, 278232042313, vstest.console.dll, AssemblyResolver.OnResolve: Microsoft.VisualStudio.TestPlatform.Fakes: Searching in: 'C:\Program Files\dotnet\sdk\7.0.401'.
TpTrace Information: 0 : 16956, 1, 2023/10/01, 20:02:15.488, 278232043332, vstest.console.dll, AssemblyResolver.OnResolve: Microsoft.VisualStudio.TestPlatform.Fakes: Assembly path does not exist: 'C:\Program Files\dotnet\sdk\7.0.401\Microsoft.VisualStudio.TestPlatform.Fakes.dll', returning.
TpTrace Information: 0 : 16956, 1, 2023/10/01, 20:02:15.488, 278232044240, vstest.console.dll, AssemblyResolver.OnResolve: Microsoft.VisualStudio.TestPlatform.Fakes: Assembly path does not exist: 'C:\Program Files\dotnet\sdk\7.0.401\Microsoft.VisualStudio.TestPlatform.Fakes.exe', returning.
TpTrace Information: 0 : 16956, 1, 2023/10/01, 20:02:15.488, 278232044712, vstest.console.dll, AssemblyResolver.OnResolve: Microsoft.VisualStudio.TestPlatform.Fakes: Failed to load assembly.
TpTrace Information: 0 : 16956, 1, 2023/10/01, 20:02:15.488, 278232048078, vstest.console.dll, Failed to load assembly Microsoft.VisualStudio.TestPlatform.Fakes, Version=17.0.0.0, Culture=neutral. Reason:System.IO.FileNotFoundException: Could not load file or assembly 'Microsoft.VisualStudio.TestPlatform.Fakes, Version=17.0.0.0, Culture=neutral, PublicKeyToken=null'. The system cannot find the file specified.
File name: 'Microsoft.VisualStudio.TestPlatform.Fakes, Version=17.0.0.0, Culture=neutral, PublicKeyToken=null'
   at System.Reflection.RuntimeAssembly.InternalLoad(AssemblyName assemblyName, StackCrawlMark& stackMark, AssemblyLoadContext assemblyLoadContext, RuntimeAssembly requestingAssembly, Boolean throwOnFileNotFound)
   at System.Reflection.Assembly.Load(AssemblyName assemblyRef)
   at Microsoft.VisualStudio.TestPlatform.Common.Utilities.FakesUtilities.LoadTestPlatformAssembly() in /_/src/Microsoft.TestPlatform.Common/Utilities/FakesUtilities.cs:line 272
TpTrace Verbose: 0 : 16956, 1, 2023/10/01, 20:02:15.495, 278232114847, vstest.console.dll, TestPluginCache.DiscoverTestExtensions: finding test extensions in assemblies ends with: TestLogger.dll TPluginInfo: Microsoft.VisualStudio.TestPlatform.Common.ExtensionFramework.Utilities.TestLoggerPluginInformation TExtension: Microsoft.VisualStudio.TestPlatform.ObjectModel.Client.ITestLogger
TpTrace Verbose: 0 : 16956, 1, 2023/10/01, 20:02:15.495, 278232116338, vstest.console.dll, TestPluginCache.GetExtensionPaths: Filtered extension paths: 
TpTrace Verbose: 0 : 16956, 1, 2023/10/01, 20:02:15.495, 278232117010, vstest.console.dll, TestPluginCache.GetExtensionPaths: Added default extension paths: C:\Program Files\dotnet\sdk\7.0.401\Extensions\Microsoft.Diagnostics.NETCore.Client.dll
C:\Program Files\dotnet\sdk\7.0.401\Extensions\Microsoft.TestPlatform.Extensions.BlameDataCollector.dll
C:\Program Files\dotnet\sdk\7.0.401\Extensions\Microsoft.TestPlatform.Extensions.EventLogCollector.dll
C:\Program Files\dotnet\sdk\7.0.401\Extensions\Microsoft.TestPlatform.TestHostRuntimeProvider.dll
C:\Program Files\dotnet\sdk\7.0.401\Extensions\Microsoft.VisualStudio.TestPlatform.Extensions.Html.TestLogger.dll
C:\Program Files\dotnet\sdk\7.0.401\Extensions\Microsoft.VisualStudio.TestPlatform.Extensions.Trx.TestLogger.dll
TpTrace Verbose: 0 : 16956, 1, 2023/10/01, 20:02:15.495, 278232117901, vstest.console.dll, TestPluginCache.GetExtensionPaths: Added unfilterableExtensionPaths: 
TpTrace Information: 0 : 16956, 1, 2023/10/01, 20:02:15.495, 278232120231, vstest.console.dll, AssemblyResolver.AddSearchDirectories: Adding more searchDirectories C:\Program Files\dotnet\sdk\7.0.401\Extensions,C:\Program Files\dotnet\sdk\7.0.401
TpTrace Verbose: 0 : 16956, 1, 2023/10/01, 20:02:15.495, 278232121114, vstest.console.dll, TestPluginCache.DiscoverTestExtensions: Discovering the extensions using extension path.
TpTrace Verbose: 0 : 16956, 1, 2023/10/01, 20:02:15.495, 278232121942, vstest.console.dll, TestPluginCache.GetExtensionPaths: Filtered extension paths: 
TpTrace Verbose: 0 : 16956, 1, 2023/10/01, 20:02:15.495, 278232122539, vstest.console.dll, TestPluginCache.GetExtensionPaths: Added default extension paths: C:\Program Files\dotnet\sdk\7.0.401\Extensions\Microsoft.Diagnostics.NETCore.Client.dll
C:\Program Files\dotnet\sdk\7.0.401\Extensions\Microsoft.TestPlatform.Extensions.BlameDataCollector.dll
C:\Program Files\dotnet\sdk\7.0.401\Extensions\Microsoft.TestPlatform.Extensions.EventLogCollector.dll
C:\Program Files\dotnet\sdk\7.0.401\Extensions\Microsoft.TestPlatform.TestHostRuntimeProvider.dll
C:\Program Files\dotnet\sdk\7.0.401\Extensions\Microsoft.VisualStudio.TestPlatform.Extensions.Html.TestLogger.dll
C:\Program Files\dotnet\sdk\7.0.401\Extensions\Microsoft.VisualStudio.TestPlatform.Extensions.Trx.TestLogger.dll
TpTrace Verbose: 0 : 16956, 1, 2023/10/01, 20:02:15.496, 278232123227, vstest.console.dll, TestPluginCache.GetExtensionPaths: Added unfilterableExtensionPaths: 
TpTrace Verbose: 0 : 16956, 1, 2023/10/01, 20:02:15.496, 278232123664, vstest.console.dll, TestPluginCache.DiscoverTestExtensions: Discovering the extensions using allExtensionPaths: C:\Program Files\dotnet\sdk\7.0.401\Extensions\Microsoft.Diagnostics.NETCore.Client.dll
C:\Program Files\dotnet\sdk\7.0.401\Extensions\Microsoft.TestPlatform.Extensions.BlameDataCollector.dll
C:\Program Files\dotnet\sdk\7.0.401\Extensions\Microsoft.TestPlatform.Extensions.EventLogCollector.dll
C:\Program Files\dotnet\sdk\7.0.401\Extensions\Microsoft.TestPlatform.TestHostRuntimeProvider.dll
C:\Program Files\dotnet\sdk\7.0.401\Extensions\Microsoft.VisualStudio.TestPlatform.Extensions.Html.TestLogger.dll
C:\Program Files\dotnet\sdk\7.0.401\Extensions\Microsoft.VisualStudio.TestPlatform.Extensions.Trx.TestLogger.dll
TpTrace Information: 0 : 16956, 1, 2023/10/01, 20:02:15.496, 278232124888, vstest.console.dll, AssemblyResolver.AddSearchDirectories: Adding more searchDirectories C:\Program Files\dotnet\sdk\7.0.401\Extensions,C:\Program Files\dotnet\sdk\7.0.401
TpTrace Information: 0 : 16956, 1, 2023/10/01, 20:02:15.496, 278232125405, vstest.console.dll, AssemblyResolver.AddSearchDirectories: Adding more searchDirectories C:\Program Files\dotnet\sdk\7.0.401\Extensions,C:\Program Files\dotnet\sdk\7.0.401
TpTrace Information: 0 : 16956, 1, 2023/10/01, 20:02:15.496, 278232125806, vstest.console.dll, AssemblyResolver.AddSearchDirectories: Adding more searchDirectories C:\Program Files\dotnet\sdk\7.0.401\Extensions,C:\Program Files\dotnet\sdk\7.0.401
TpTrace Information: 0 : 16956, 1, 2023/10/01, 20:02:15.496, 278232126253, vstest.console.dll, AssemblyResolver.AddSearchDirectories: Adding more searchDirectories C:\Program Files\dotnet\sdk\7.0.401\Extensions,C:\Program Files\dotnet\sdk\7.0.401
TpTrace Information: 0 : 16956, 1, 2023/10/01, 20:02:15.496, 278232126648, vstest.console.dll, AssemblyResolver.AddSearchDirectories: Adding more searchDirectories C:\Program Files\dotnet\sdk\7.0.401\Extensions,C:\Program Files\dotnet\sdk\7.0.401
TpTrace Information: 0 : 16956, 1, 2023/10/01, 20:02:15.496, 278232127028, vstest.console.dll, AssemblyResolver.AddSearchDirectories: Adding more searchDirectories C:\Program Files\dotnet\sdk\7.0.401\Extensions,C:\Program Files\dotnet\sdk\7.0.401
TpTrace Verbose: 0 : 16956, 1, 2023/10/01, 20:02:15.496, 278232128458, vstest.console.dll, MetadataReaderExtensionsHelper: Discovering extensions inside assembly 'Microsoft.Diagnostics.NETCore.Client, Version=0.2.8.21101, Culture=neutral, PublicKeyToken=31bf3856ad364e35' file path 'C:\Program Files\dotnet\sdk\7.0.401\Extensions\Microsoft.Diagnostics.NETCore.Client.dll'
TpTrace Information: 0 : 16956, 1, 2023/10/01, 20:02:15.498, 278232143291, vstest.console.dll, AssemblyResolver.OnResolve: Microsoft.Bcl.AsyncInterfaces: Resolving assembly.
TpTrace Information: 0 : 16956, 1, 2023/10/01, 20:02:15.498, 278232144608, vstest.console.dll, AssemblyResolver.OnResolve: Microsoft.Bcl.AsyncInterfaces: Resolved from cache.
TpTrace Verbose: 0 : 16956, 1, 2023/10/01, 20:02:15.498, 278232145308, vstest.console.dll, CurrentDomainAssemblyResolve: Resolving assembly 'Microsoft.Bcl.AsyncInterfaces'.
TpTrace Information: 0 : 16956, 1, 2023/10/01, 20:02:15.498, 278232146245, vstest.console.dll, AssemblyResolver.OnResolve: Microsoft.Bcl.AsyncInterfaces: Resolving assembly.
TpTrace Information: 0 : 16956, 1, 2023/10/01, 20:02:15.498, 278232146838, vstest.console.dll, AssemblyResolver.OnResolve: Microsoft.Bcl.AsyncInterfaces: Resolved from cache.
TpTrace Verbose: 0 : 16956, 1, 2023/10/01, 20:02:15.498, 278232147382, vstest.console.dll, CurrentDomainAssemblyResolve: Resolving assembly 'Microsoft.Bcl.AsyncInterfaces'.
TpTrace Verbose: 0 : 16956, 1, 2023/10/01, 20:02:15.498, 278232147964, vstest.console.dll, CurrentDomainAssemblyResolve: Failed to resolve assembly 'Microsoft.Bcl.AsyncInterfaces'.
TpTrace Verbose: 0 : 16956, 1, 2023/10/01, 20:02:15.498, 278232149768, vstest.console.dll, CurrentDomainAssemblyResolve: Failed to resolve assembly 'Microsoft.Bcl.AsyncInterfaces'.
TpTrace Warning: 0 : 16956, 1, 2023/10/01, 20:02:15.499, 278232154372, vstest.console.dll, TestPluginDiscoverer: Failed to get types from assembly 'Microsoft.Diagnostics.NETCore.Client, Version=0.2.8.21101, Culture=neutral, PublicKeyToken=31bf3856ad364e35'. Error: System.Reflection.ReflectionTypeLoadException: Unable to load one or more of the requested types.
Could not load file or assembly 'Microsoft.Bcl.AsyncInterfaces, Version=1.0.0.0, Culture=neutral, PublicKeyToken=cc7b13ffcd2ddd51'. The system cannot find the file specified.
   at System.Reflection.RuntimeModule.GetTypes(RuntimeModule module)
   at System.Reflection.Assembly.GetTypes()
   at Microsoft.VisualStudio.TestPlatform.Common.ExtensionFramework.TestPluginDiscoverer.GetTestExtensionsFromAssembly[TPluginInfo,TExtension](Assembly assembly, Dictionary`2 pluginInfos, String filePath) in /_/src/Microsoft.TestPlatform.Common/ExtensionFramework/TestPluginDiscoverer.cs:line 158
System.IO.FileNotFoundException: Could not load file or assembly 'Microsoft.Bcl.AsyncInterfaces, Version=1.0.0.0, Culture=neutral, PublicKeyToken=cc7b13ffcd2ddd51'. The system cannot find the file specified.
File name: 'Microsoft.Bcl.AsyncInterfaces, Version=1.0.0.0, Culture=neutral, PublicKeyToken=cc7b13ffcd2ddd51'
 ---> System.IO.FileNotFoundException: Could not load file or assembly 'Microsoft.Bcl.AsyncInterfaces, Culture=neutral, PublicKeyToken=null'. The system cannot find the file specified.
File name: 'Microsoft.Bcl.AsyncInterfaces, Culture=neutral, PublicKeyToken=null'
   at System.Reflection.RuntimeAssembly.InternalLoad(AssemblyName assemblyName, StackCrawlMark& stackMark, AssemblyLoadContext assemblyLoadContext, RuntimeAssembly requestingAssembly, Boolean throwOnFileNotFound)
   at System.Reflection.Assembly.Load(AssemblyName assemblyRef)
   at Microsoft.VisualStudio.TestPlatform.Common.ExtensionFramework.TestPluginCache.CurrentDomainAssemblyResolve(Object sender, AssemblyResolveEventArgs args) in /_/src/Microsoft.TestPlatform.Common/ExtensionFramework/TestPluginCache.cs:line 513
   at System.Runtime.Loader.AssemblyLoadContext.GetFirstResolvedAssemblyFromResolvingEvent(AssemblyName assemblyName)
   at System.Runtime.Loader.AssemblyLoadContext.ResolveUsingEvent(AssemblyName assemblyName)
   at System.Runtime.Loader.AssemblyLoadContext.ResolveUsingResolvingEvent(IntPtr gchManagedAssemblyLoadContext, AssemblyName assemblyName)
TpTrace Warning: 0 : 16956, 1, 2023/10/01, 20:02:15.499, 278232160052, vstest.console.dll, LoaderExceptions: System.IO.FileNotFoundException: Could not load file or assembly 'Microsoft.Bcl.AsyncInterfaces, Version=1.0.0.0, Culture=neutral, PublicKeyToken=cc7b13ffcd2ddd51'. The system cannot find the file specified.
File name: 'Microsoft.Bcl.AsyncInterfaces, Version=1.0.0.0, Culture=neutral, PublicKeyToken=cc7b13ffcd2ddd51'
 ---> System.IO.FileNotFoundException: Could not load file or assembly 'Microsoft.Bcl.AsyncInterfaces, Culture=neutral, PublicKeyToken=null'. The system cannot find the file specified.
File name: 'Microsoft.Bcl.AsyncInterfaces, Culture=neutral, PublicKeyToken=null'
   at System.Reflection.RuntimeAssembly.InternalLoad(AssemblyName assemblyName, StackCrawlMark& stackMark, AssemblyLoadContext assemblyLoadContext, RuntimeAssembly requestingAssembly, Boolean throwOnFileNotFound)
   at System.Reflection.Assembly.Load(AssemblyName assemblyRef)
   at Microsoft.VisualStudio.TestPlatform.Common.ExtensionFramework.TestPluginCache.CurrentDomainAssemblyResolve(Object sender, AssemblyResolveEventArgs args) in /_/src/Microsoft.TestPlatform.Common/ExtensionFramework/TestPluginCache.cs:line 513
   at System.Runtime.Loader.AssemblyLoadContext.GetFirstResolvedAssemblyFromResolvingEvent(AssemblyName assemblyName)
   at System.Runtime.Loader.AssemblyLoadContext.ResolveUsingEvent(AssemblyName assemblyName)
   at System.Runtime.Loader.AssemblyLoadContext.ResolveUsingResolvingEvent(IntPtr gchManagedAssemblyLoadContext, AssemblyName assemblyName)
TpTrace Verbose: 0 : 16956, 1, 2023/10/01, 20:02:15.499, 278232162092, vstest.console.dll, MetadataReaderExtensionsHelper: Discovering extensions inside assembly 'Microsoft.TestPlatform.Extensions.BlameDataCollector, Version=15.0.0.0, Culture=neutral, PublicKeyToken=b03f5f7f11d50a3a' file path 'C:\Program Files\dotnet\sdk\7.0.401\Extensions\Microsoft.TestPlatform.Extensions.BlameDataCollector.dll'
TpTrace Information: 0 : 16956, 1, 2023/10/01, 20:02:15.501, 278232175398, vstest.console.dll, GetTestExtensionFromType: Register extension with identifier data 'logger://Microsoft/TestPlatform/Extensions/Blame/v1' and type 'Microsoft.TestPlatform.Extensions.BlameDataCollector.BlameLogger, Microsoft.TestPlatform.Extensions.BlameDataCollector, Version=15.0.0.0, Culture=neutral, PublicKeyToken=b03f5f7f11d50a3a' inside file 'C:\Program Files\dotnet\sdk\7.0.401\Extensions\Microsoft.TestPlatform.Extensions.BlameDataCollector.dll'
TpTrace Verbose: 0 : 16956, 1, 2023/10/01, 20:02:15.501, 278232176983, vstest.console.dll, MetadataReaderExtensionsHelper: Discovering extensions inside assembly 'Microsoft.TestPlatform.Extensions.EventLogCollector, Version=15.0.0.0, Culture=neutral, PublicKeyToken=b03f5f7f11d50a3a' file path 'C:\Program Files\dotnet\sdk\7.0.401\Extensions\Microsoft.TestPlatform.Extensions.EventLogCollector.dll'
TpTrace Verbose: 0 : 16956, 1, 2023/10/01, 20:02:15.502, 278232188281, vstest.console.dll, MetadataReaderExtensionsHelper: Discovering extensions inside assembly 'Microsoft.TestPlatform.TestHostRuntimeProvider, Version=15.0.0.0, Culture=neutral, PublicKeyToken=b03f5f7f11d50a3a' file path 'C:\Program Files\dotnet\sdk\7.0.401\Extensions\Microsoft.TestPlatform.TestHostRuntimeProvider.dll'
TpTrace Verbose: 0 : 16956, 1, 2023/10/01, 20:02:15.503, 278232198189, vstest.console.dll, MetadataReaderExtensionsHelper: Discovering extensions inside assembly 'Microsoft.VisualStudio.TestPlatform.Extensions.Html.TestLogger, Version=15.0.0.0, Culture=neutral, PublicKeyToken=b03f5f7f11d50a3a' file path 'C:\Program Files\dotnet\sdk\7.0.401\Extensions\Microsoft.VisualStudio.TestPlatform.Extensions.Html.TestLogger.dll'
TpTrace Information: 0 : 16956, 1, 2023/10/01, 20:02:15.504, 278232211167, vstest.console.dll, GetTestExtensionFromType: Register extension with identifier data 'logger://Microsoft/TestPlatform/HtmlLogger/v1' and type 'Microsoft.VisualStudio.TestPlatform.Extensions.HtmlLogger.HtmlLogger, Microsoft.VisualStudio.TestPlatform.Extensions.Html.TestLogger, Version=15.0.0.0, Culture=neutral, PublicKeyToken=b03f5f7f11d50a3a' inside file 'C:\Program Files\dotnet\sdk\7.0.401\Extensions\Microsoft.VisualStudio.TestPlatform.Extensions.Html.TestLogger.dll'
TpTrace Verbose: 0 : 16956, 1, 2023/10/01, 20:02:15.504, 278232212779, vstest.console.dll, MetadataReaderExtensionsHelper: Discovering extensions inside assembly 'Microsoft.VisualStudio.TestPlatform.Extensions.Trx.TestLogger, Version=15.0.0.0, Culture=neutral, PublicKeyToken=b03f5f7f11d50a3a' file path 'C:\Program Files\dotnet\sdk\7.0.401\Extensions\Microsoft.VisualStudio.TestPlatform.Extensions.Trx.TestLogger.dll'
TpTrace Information: 0 : 16956, 1, 2023/10/01, 20:02:15.506, 278232223057, vstest.console.dll, GetTestExtensionFromType: Register extension with identifier data 'logger://Microsoft/TestPlatform/TrxLogger/v1' and type 'Microsoft.VisualStudio.TestPlatform.Extensions.TrxLogger.TrxLogger, Microsoft.VisualStudio.TestPlatform.Extensions.Trx.TestLogger, Version=15.0.0.0, Culture=neutral, PublicKeyToken=b03f5f7f11d50a3a' inside file 'C:\Program Files\dotnet\sdk\7.0.401\Extensions\Microsoft.VisualStudio.TestPlatform.Extensions.Trx.TestLogger.dll'
TpTrace Verbose: 0 : 16956, 1, 2023/10/01, 20:02:15.506, 278232225215, vstest.console.dll, TestPluginCache: Discovered the extensions using extension path ''.
TpTrace Verbose: 0 : 16956, 1, 2023/10/01, 20:02:15.506, 278232225929, vstest.console.dll, TestPluginCache: Discoverers are ''.
TpTrace Verbose: 0 : 16956, 1, 2023/10/01, 20:02:15.506, 278232226463, vstest.console.dll, TestPluginCache: Executors are ''.
TpTrace Verbose: 0 : 16956, 1, 2023/10/01, 20:02:15.506, 278232226974, vstest.console.dll, TestPluginCache: Executors2 are ''.
TpTrace Verbose: 0 : 16956, 1, 2023/10/01, 20:02:15.506, 278232227524, vstest.console.dll, TestPluginCache: Setting providers are ''.
TpTrace Verbose: 0 : 16956, 1, 2023/10/01, 20:02:15.506, 278232228713, vstest.console.dll, TestPluginCache: Loggers are 'logger://Microsoft/TestPlatform/Extensions/Blame/v1,logger://Microsoft/TestPlatform/HtmlLogger/v1,logger://Microsoft/TestPlatform/TrxLogger/v1'.
TpTrace Verbose: 0 : 16956, 1, 2023/10/01, 20:02:15.506, 278232231066, vstest.console.dll, TestPluginCache: TestHosts are 'HostProvider://DefaultTestHost,HostProvider://DotnetTestHost'.
TpTrace Verbose: 0 : 16956, 1, 2023/10/01, 20:02:15.506, 278232231698, vstest.console.dll, TestPluginCache: DataCollectors are ''.
TpTrace Information: 0 : 16956, 1, 2023/10/01, 20:02:15.508, 278232243685, vstest.console.dll, TestPluginManager.CreateTestExtension: Attempting to load test extension: Microsoft.TestPlatform.Extensions.BlameDataCollector.BlameLogger
TpTrace Verbose: 0 : 16956, 1, 2023/10/01, 20:02:15.522, 278232384464, vstest.console.dll, TestEngine: Initializing Parallel Execution as MaxCpuCount is set to: 1
TpTrace Information: 0 : 16956, 1, 2023/10/01, 20:02:15.531, 278232479692, vstest.console.dll, TestPluginManager.CreateTestExtension: Attempting to load test extension: Microsoft.VisualStudio.TestPlatform.CrossPlatEngine.Hosting.DefaultTestHostManager
TpTrace Information: 0 : 16956, 1, 2023/10/01, 20:02:15.534, 278232510135, vstest.console.dll, TestPluginManager.CreateTestExtension: Attempting to load test extension: Microsoft.VisualStudio.TestPlatform.CrossPlatEngine.Hosting.DotnetTestHostManager
TpTrace Information: 0 : 16956, 1, 2023/10/01, 20:02:15.535, 278232521906, vstest.console.dll, InferRunSettingsHelper.IsTestSettingsEnabled: Unable to navigate to RunSettings/MSTest. Current node: RunSettings
TpTrace Verbose: 0 : 16956, 1, 2023/10/01, 20:02:15.537, 278232535401, vstest.console.dll, ParallelOperationManager.ClearSlots: Clearing all slots. Slots should accept more work: True
TpTrace Verbose: 0 : 16956, 1, 2023/10/01, 20:02:15.539, 278232562738, vstest.console.dll, ParallelOperationManager.SetOccupiedSlotCount: Setting slot counts AvailableSlotCount = 1, OccupiedSlotCount = 0.
TpTrace Verbose: 0 : 16956, 1, 2023/10/01, 20:02:15.541, 278232577018, vstest.console.dll, Occupied slots:

TpTrace Verbose: 0 : 16956, 1, 2023/10/01, 20:02:15.548, 278232646160, vstest.console.dll, TestEngine.GetExecutionManager: Chosen execution manager 'Microsoft.VisualStudio.TestPlatform.CrossPlatEngine.Client.Parallel.ParallelProxyExecutionManager, Microsoft.TestPlatform.CrossPlatEngine, Version=15.0.0.0, Culture=neutral, PublicKeyToken=b03f5f7f11d50a3a' ParallelLevel '1'.
TpTrace Verbose: 0 : 16956, 1, 2023/10/01, 20:02:15.548, 278232649105, vstest.console.dll, TestRunRequest.ExecuteAsync: Creating test run request.
TpTrace Verbose: 0 : 16956, 1, 2023/10/01, 20:02:15.549, 278232653660, vstest.console.dll, TestRunRequest.ExecuteAsync: Starting.
TpTrace Information: 0 : 16956, 1, 2023/10/01, 20:02:15.549, 278232659384, vstest.console.dll, TestRunRequest.ExecuteAsync: Starting run with settings:TestRunCriteria:
   KeepAlive=False,FrequencyOfRunStatsChangeEvent=10,RunStatsChangeEventTimeout=00:00:01.5000000,TestCaseFilter=,TestExecutorLauncher=
   Settingsxml=<RunSettings>
  <RunConfiguration>
    <ResultsDirectory>C:\Users\HP\Documents\kpi\.NET\Part 2\lab1-dotnet2\Lab1\CustomLinkedListTesting\bin\Debug\net7.0\fine-code-coverage\coverage-tool-output</ResultsDirectory>
    <TargetPlatform>X64</TargetPlatform>
    <TargetFrameworkVersion>.NETCoreApp,Version=v7.0</TargetFrameworkVersion>
    <DesignMode>False</DesignMode>
    <CollectSourceInformation>False</CollectSourceInformation>
  </RunConfiguration>
  <LoggerRunSettings>
    <Loggers>
      <Logger friendlyName="blame" enabled="True" />
      <Logger friendlyName="Console" uri="logger://microsoft/TestPlatform/ConsoleLogger/v1" assemblyQualifiedName="Microsoft.VisualStudio.TestPlatform.CommandLine.Internal.ConsoleLogger, vstest.console, Version=15.0.0.0, Culture=neutral, PublicKeyToken=b03f5f7f11d50a3a" codeBase="C:\Program Files\dotnet\sdk\7.0.401\vstest.console.dll" enabled="True" />
    </Loggers>
  </LoggerRunSettings>
  <DataCollectionRunSettings>
    <DataCollectors>
      <DataCollector friendlyName="blame" enabled="True">
        <Configuration>
          <ResultsDirectory>C:\Users\HP\Documents\kpi\.NET\Part 2\lab1-dotnet2\Lab1\CustomLinkedListTesting\bin\Debug\net7.0\fine-code-coverage\coverage-tool-output</ResultsDirectory>
        </Configuration>
      </DataCollector>
    </DataCollectors>
  </DataCollectionRunSettings>
</RunSettings>

TpTrace Verbose: 0 : 16956, 1, 2023/10/01, 20:02:15.549, 278232660731, vstest.console.dll, TestRunRequest.ExecuteAsync: Wait for the first run request is over.
TpTrace Verbose: 0 : 16956, 1, 2023/10/01, 20:02:15.550, 278232665895, vstest.console.dll, MulticastDelegateUtilities.SafeInvoke: TestRun.TestRunStart: Invoking callbacks was skipped because there are no subscribers.
TpTrace Verbose: 0 : 16956, 4, 2023/10/01, 20:02:15.550, 278232669653, vstest.console.dll, MulticastDelegateUtilities.SafeInvoke: InternalTestLoggerEvents.SendTestRunStart: Invoking callback 1/1 for Microsoft.VisualStudio.TestPlatform.CommandLine.Internal.ConsoleLogger., took 0 ms.
TpTrace Verbose: 0 : 16956, 1, 2023/10/01, 20:02:15.554, 278232709500, vstest.console.dll, ParallelProxyExecutionManager: Start execution. Total sources: 1
TpTrace Verbose: 0 : 16956, 1, 2023/10/01, 20:02:15.555, 278232719002, vstest.console.dll, ParallelOperationManager.StartWork: Starting adding 1 workloads.
TpTrace Verbose: 0 : 16956, 1, 2023/10/01, 20:02:15.556, 278232723071, vstest.console.dll, ParallelOperationManager.ClearSlots: Clearing all slots. Slots should accept more work: True
TpTrace Verbose: 0 : 16956, 1, 2023/10/01, 20:02:15.556, 278232724773, vstest.console.dll, ParallelOperationManager.SetOccupiedSlotCount: Setting slot counts AvailableSlotCount = 1, OccupiedSlotCount = 0.
TpTrace Verbose: 0 : 16956, 1, 2023/10/01, 20:02:15.556, 278232725564, vstest.console.dll, Occupied slots:

TpTrace Verbose: 0 : 16956, 1, 2023/10/01, 20:02:15.559, 278232758378, vstest.console.dll, TestRequestSender is acting as server.
TpTrace Verbose: 0 : 16956, 1, 2023/10/01, 20:02:15.562, 278232783571, vstest.console.dll, ParallelOperationManager.RunWorkInParallel: Adding 1 workload to slot, remaining workloads 0.
TpTrace Verbose: 0 : 16956, 1, 2023/10/01, 20:02:15.562, 278232786774, vstest.console.dll, ParallelOperationManager.SetOccupiedSlotCount: Setting slot counts AvailableSlotCount = 0, OccupiedSlotCount = 1.
TpTrace Verbose: 0 : 16956, 1, 2023/10/01, 20:02:15.562, 278232789624, vstest.console.dll, Occupied slots:
0: C:\Users\HP\Documents\kpi\.NET\Part 2\lab1-dotnet2\Lab1\CustomLinkedListTesting\bin\Debug\net7.0\fine-code-coverage\build-output\CustomLinkedListTesting.dll
TpTrace Verbose: 0 : 16956, 1, 2023/10/01, 20:02:15.564, 278232812224, vstest.console.dll, ParallelOperationManager.RunWorkInParallel: Started host in slot number 0 for work (source): C:\Users\HP\Documents\kpi\.NET\Part 2\lab1-dotnet2\Lab1\CustomLinkedListTesting\bin\Debug\net7.0\fine-code-coverage\build-output\CustomLinkedListTesting.dll.
TpTrace Verbose: 0 : 16956, 5, 2023/10/01, 20:02:15.567, 278232836135, vstest.console.dll, ParallelProxyExecutionManager.StartTestRunOnConcurrentManager: Initializing uninitialized client. Started clients: 0
TpTrace Verbose: 0 : 16956, 5, 2023/10/01, 20:02:15.567, 278232840130, vstest.console.dll, DataCollectionRequestSender.InitializeCommunication : Initialize communication. 
TpTrace Verbose: 0 : 16956, 1, 2023/10/01, 20:02:15.573, 278232894018, vstest.console.dll, ParallelOperationManager.RunWorkInParallel: We started 1 work items, which is the max parallel level. Won't start more work.
TpTrace Verbose: 0 : 16956, 1, 2023/10/01, 20:02:15.573, 278232895617, vstest.console.dll, ParallelOperationManager.RunWorkInParallel: We started 1 work items in here, returning True.
TpTrace Information: 0 : 16956, 1, 2023/10/01, 20:02:15.573, 278232896533, vstest.console.dll, TestRunRequest.ExecuteAsync: Started.
TpTrace Verbose: 0 : 16956, 1, 2023/10/01, 20:02:15.573, 278232897812, vstest.console.dll, TestRunRequest.WaitForCompletion: Waiting with timeout -1.
TpTrace Information: 0 : 16956, 5, 2023/10/01, 20:02:15.576, 278232926288, vstest.console.dll, Listening on Endpoint : 127.0.0.1:62863
TpTrace Verbose: 0 : 16956, 5, 2023/10/01, 20:02:15.592, 278233087429, vstest.console.dll, DotnetDataCollectionLauncher: Adding  --runtimeconfig "C:\Program Files\dotnet\sdk\7.0.401\datacollector.runtimeconfig.json" in args
TpTrace Verbose: 0 : 16956, 5, 2023/10/01, 20:02:15.593, 278233098076, vstest.console.dll, DotnetDataCollectionLauncher: Adding  --depsfile "C:\Program Files\dotnet\sdk\7.0.401\datacollector.deps.json" in args
TpTrace Verbose: 0 : 16956, 5, 2023/10/01, 20:02:15.594, 278233110126, vstest.console.dll, DotnetDataCollectionLauncher: Full path of dotnet.exe is C:\Program Files\dotnet\dotnet.exe
TpTrace Information: 0 : 16956, 5, 2023/10/01, 20:02:15.632, 278233492539, vstest.console.dll, ProxyDataCollectionManager.Initialize: Launched datacollector processId: 13908 port: 62863
TpTrace Information: 0 : 16956, 5, 2023/10/01, 20:02:15.633, 278233494609, vstest.console.dll, ProxyDataCollectionManager.Initialize: waiting for connection with timeout: 90 seconds
TpTrace Verbose: 0 : 16956, 5, 2023/10/01, 20:02:15.633, 278233495499, vstest.console.dll, DataCollectionRequestSender.WaitForRequestHandlerConnection : Waiting for connection with timeout: 90000
TpTrace Verbose: 0 : 16956, 5, 2023/10/01, 20:02:16.201, 278239176057, vstest.console.dll, SocketCommunicationManager.WaitForClientConnection took: 567 ms, with 90000 ms timeout, and finished with True.
TpTrace Information: 0 : 16956, 10, 2023/10/01, 20:02:16.201, 278239176012, vstest.console.dll, Using the buffer size of 16384 bytes
TpTrace Verbose: 0 : 16956, 5, 2023/10/01, 20:02:16.201, 278239178454, vstest.console.dll, ProxyDataCollectionManager.InvokeDataCollectionServiceAction: Starting.
TpTrace Information: 0 : 16956, 10, 2023/10/01, 20:02:16.201, 278239178513, vstest.console.dll, Accepted Client request and set the flag
TpTrace Information: 0 : 16956, 5, 2023/10/01, 20:02:16.201, 278239180011, vstest.console.dll, ProxyDataCollectionManager.BeforeTestRunStart: Get environment variable and port for datacollector processId: 13908 port: 62863
TpTrace Verbose: 0 : 16956, 5, 2023/10/01, 20:02:16.201, 278239181683, vstest.console.dll, DataCollectionRequestSender.SendBeforeTestRunStartAndGetResult: Send BeforeTestRunStart message with settingsXml <RunSettings><RunConfiguration><ResultsDirectory>C:\Users\HP\Documents\kpi\.NET\Part 2\lab1-dotnet2\Lab1\CustomLinkedListTesting\bin\Debug\net7.0\fine-code-coverage\coverage-tool-output</ResultsDirectory><TargetPlatform>X64</TargetPlatform><TargetFrameworkVersion>.NETCoreApp,Version=v7.0</TargetFrameworkVersion><DesignMode>False</DesignMode><CollectSourceInformation>False</CollectSourceInformation><TestAdaptersPaths>C:\Program Files\dotnet\sdk\7.0.401\Extensions</TestAdaptersPaths></RunConfiguration><LoggerRunSettings><Loggers><Logger friendlyName="blame" enabled="True" /><Logger friendlyName="Console" uri="logger://microsoft/TestPlatform/ConsoleLogger/v1" assemblyQualifiedName="Microsoft.VisualStudio.TestPlatform.CommandLine.Internal.ConsoleLogger, vstest.console, Version=15.0.0.0, Culture=neutral, PublicKeyToken=b03f5f7f11d50a3a" codeBase="C:\Program Files\dotnet\sdk\7.0.401\vstest.console.dll" enabled="True" /></Loggers></LoggerRunSettings><DataCollectionRunSettings><DataCollectors><DataCollector friendlyName="blame" enabled="True"><Configuration><ResultsDirectory>C:\Users\HP\Documents\kpi\.NET\Part 2\lab1-dotnet2\Lab1\CustomLinkedListTesting\bin\Debug\net7.0\fine-code-coverage\coverage-tool-output</ResultsDirectory></Configuration></DataCollector></DataCollectors></DataCollectionRunSettings></RunSettings> and sources System.Collections.Generic.List`1[System.String]: 
TpTrace Verbose: 0 : 16956, 5, 2023/10/01, 20:02:16.403, 278241199217, vstest.console.dll, DataCollectionRequestSender.SendBeforeTestRunStartAndGetResult: Received message: (DataCollection.SendMessage) -> {"MessageType":"DataCollection.SendMessage","Payload":{"FriendlyName":null,"Uri":null,"TestCaseId":"00000000-0000-0000-0000-000000000000","Message":"Logging DataCollector Diagnostics in file: C:\\Users\\HP\\Documents\\kpi\\.NET\\Part 2\\lab1-dotnet2\\Lab1\\CustomLinkedListTesting\\bin\\Debug\\net7.0\\fine-code-coverage\\coverage-tool-output\\diagnostics.datacollector.23-10-01_20-02-15_59200_5.log","Level":0}}
TpTrace Verbose: 0 : 16956, 5, 2023/10/01, 20:02:16.644, 278243608025, vstest.console.dll, DataCollectionRequestSender.SendBeforeTestRunStartAndGetResult: Received message: (DataCollection.BeforeTestRunStartResult) -> {"MessageType":"DataCollection.BeforeTestRunStartResult","Payload":{"EnvironmentVariables":{},"DataCollectionEventsPort":62865}}
TpTrace Information: 0 : 16956, 5, 2023/10/01, 20:02:16.653, 278243700033, vstest.console.dll, ProxyDataCollectionManager.BeforeTestRunStart: SendBeforeTestRunStartAndGetResult successful, env variable from datacollector:   and testhost port: 62865
TpTrace Information: 0 : 16956, 5, 2023/10/01, 20:02:16.653, 278243701317, vstest.console.dll, ProxyDataCollectionManager.InvokeDataCollectionServiceAction: Completed.
TpTrace Verbose: 0 : 16956, 5, 2023/10/01, 20:02:16.653, 278243701844, vstest.console.dll, ParallelProxyExecutionManager.StartTestRunOnConcurrentManager: Initializing test run. Started clients: 0
TpTrace Verbose: 0 : 16956, 5, 2023/10/01, 20:02:16.654, 278243703109, vstest.console.dll, ProxyExecutionManager: Test host is always Lazy initialize.
TpTrace Verbose: 0 : 16956, 5, 2023/10/01, 20:02:16.654, 278243707552, vstest.console.dll, TestRequestSender.InitializeCommunication: initialize communication. 
TpTrace Information: 0 : 16956, 5, 2023/10/01, 20:02:16.655, 278243715772, vstest.console.dll, SocketServer.Start: Listening on endpoint : 127.0.0.1:62866
TpTrace Verbose: 0 : 16956, 5, 2023/10/01, 20:02:16.656, 278243731602, vstest.console.dll, DotnetTestHostmanager.GetTestHostProcessStartInfo: Platform environment 'X64' target architecture 'X64' framework '.NETCoreApp,Version=v7.0' OS 'Windows'
TpTrace Verbose: 0 : 16956, 5, 2023/10/01, 20:02:16.657, 278243735415, vstest.console.dll, DotnetTestHostmanager: Adding  --runtimeconfig "C:\Users\HP\Documents\kpi\.NET\Part 2\lab1-dotnet2\Lab1\CustomLinkedListTesting\bin\Debug\net7.0\fine-code-coverage\build-output\CustomLinkedListTesting.runtimeconfig.json" in args
TpTrace Verbose: 0 : 16956, 5, 2023/10/01, 20:02:16.657, 278243737067, vstest.console.dll, DotnetTestHostmanager: Adding  --depsfile "C:\Users\HP\Documents\kpi\.NET\Part 2\lab1-dotnet2\Lab1\CustomLinkedListTesting\bin\Debug\net7.0\fine-code-coverage\build-output\CustomLinkedListTesting.deps.json" in args
TpTrace Verbose: 0 : 16956, 5, 2023/10/01, 20:02:16.657, 278243739815, vstest.console.dll, DotnetTestHostmanager.IsWinOnArm: Current PROCESSOR_ARCHITECTURE from environment variable 'AMD64'
TpTrace Verbose: 0 : 16956, 5, 2023/10/01, 20:02:16.657, 278243740799, vstest.console.dll, DotnetTestHostmanager.IsWinOnArm: Is Windows on ARM 'False'
TpTrace Verbose: 0 : 16956, 5, 2023/10/01, 20:02:16.657, 278243742596, vstest.console.dll, DotnetTestHostManager: testhost.exe found at path: C:\Users\HP\Documents\kpi\.NET\Part 2\lab1-dotnet2\Lab1\CustomLinkedListTesting\bin\Debug\net7.0\fine-code-coverage\build-output\testhost.exe
TpTrace Verbose: 0 : 16956, 5, 2023/10/01, 20:02:16.658, 278243743530, vstest.console.dll, DotnetTestHostmanager: Full path of host exe is C:\Users\HP\Documents\kpi\.NET\Part 2\lab1-dotnet2\Lab1\CustomLinkedListTesting\bin\Debug\net7.0\fine-code-coverage\build-output\testhost.exe
TpTrace Verbose: 0 : 16956, 5, 2023/10/01, 20:02:16.658, 278243745971, vstest.console.dll, DotnetTestHostmanager.LaunchTestHostAsync: Found 'VSTEST_WINAPPHOST_DOTNET_ROOT' in env variables, value 'C:\Program Files\dotnet', forwarding to 'DOTNET_ROOT'
TpTrace Verbose: 0 : 16956, 5, 2023/10/01, 20:02:16.658, 278243749126, vstest.console.dll, DotnetTestHostManager: Starting process 'C:\Users\HP\Documents\kpi\.NET\Part 2\lab1-dotnet2\Lab1\CustomLinkedListTesting\bin\Debug\net7.0\fine-code-coverage\build-output\testhost.exe' with command line ' --runtimeconfig "C:\Users\HP\Documents\kpi\.NET\Part 2\lab1-dotnet2\Lab1\CustomLinkedListTesting\bin\Debug\net7.0\fine-code-coverage\build-output\CustomLinkedListTesting.runtimeconfig.json" --depsfile "C:\Users\HP\Documents\kpi\.NET\Part 2\lab1-dotnet2\Lab1\CustomLinkedListTesting\bin\Debug\net7.0\fine-code-coverage\build-output\CustomLinkedListTesting.deps.json" --port 62866 --endpoint 127.0.0.1:062866 --role client --parentprocessid 16956 --diag "C:\Users\HP\Documents\kpi\.NET\Part 2\lab1-dotnet2\Lab1\CustomLinkedListTesting\bin\Debug\net7.0\fine-code-coverage\coverage-tool-output\diagnostics.host.23-10-01_20-02-16_65610_5.log" --tracelevel 4 --datacollectionport 62865 --telemetryoptedin false'
TpTrace Verbose: 0 : 16956, 5, 2023/10/01, 20:02:16.675, 278243915834, vstest.console.dll, MulticastDelegateUtilities.SafeInvoke: HostProviderEvents.OnHostLaunched: Invoking callback 1/2 for Microsoft.VisualStudio.TestPlatform.CrossPlatEngine.Client.ProxyExecutionManagerWithDataCollection., took 1 ms.
TpTrace Verbose: 0 : 16956, 5, 2023/10/01, 20:02:16.675, 278243920174, vstest.console.dll, Test Runtime launched
TpTrace Verbose: 0 : 16956, 5, 2023/10/01, 20:02:16.675, 278243921356, vstest.console.dll, MulticastDelegateUtilities.SafeInvoke: HostProviderEvents.OnHostLaunched: Invoking callback 2/2 for Microsoft.VisualStudio.TestPlatform.CrossPlatEngine.Client.ProxyOperationManager., took 0 ms.
TpTrace Verbose: 0 : 16956, 5, 2023/10/01, 20:02:16.676, 278243923579, vstest.console.dll, TestRequestSender.WaitForRequestHandlerConnection: waiting for connection with timeout: 90000.
TpTrace Verbose: 0 : 16956, 5, 2023/10/01, 20:02:17.304, 278250204862, vstest.console.dll, TestRequestSender.WaitForRequestHandlerConnection: waiting took 628 ms, with timeout 90000 ms, and result 0, which is success.
TpTrace Verbose: 0 : 16956, 10, 2023/10/01, 20:02:17.304, 278250209488, vstest.console.dll, MulticastDelegateUtilities.SafeInvoke: SocketServer: ClientConnected: Invoking callback 1/1 for Microsoft.VisualStudio.TestPlatform.CommunicationUtilities.TestRequestSender., took 0 ms.
TpTrace Verbose: 0 : 16956, 10, 2023/10/01, 20:02:17.304, 278250210525, vstest.console.dll, SocketServer.OnClientConnected: Client connected for endPoint: 127.0.0.1:62866, starting MessageLoopAsync:
TpTrace Verbose: 0 : 16956, 10, 2023/10/01, 20:02:17.305, 278250216285, vstest.console.dll, TcpClientExtensions.MessageLoopAsync: Polling on remoteEndPoint: 127.0.0.1:62867 localEndPoint: 127.0.0.1:62866
TpTrace Verbose: 0 : 16956, 5, 2023/10/01, 20:02:17.306, 278250223777, vstest.console.dll, TestRequestSender.CheckVersionWithTestHost: Sending check version message: {"MessageType":"ProtocolVersion","Payload":7}
TpTrace Verbose: 0 : 16956, 10, 2023/10/01, 20:02:17.600, 278253168843, vstest.console.dll, TcpClientExtensions.MessageLoopAsync: NotifyDataAvailable remoteEndPoint: 127.0.0.1:62867 localEndPoint: 127.0.0.1:62866
TpTrace Verbose: 0 : 16956, 10, 2023/10/01, 20:02:17.600, 278253171261, vstest.console.dll, TestRequestSender.CheckVersionWithTestHost: onMessageReceived received message: (ProtocolVersion) -> {"MessageType":"ProtocolVersion","Payload":7}
TpTrace Verbose: 0 : 16956, 10, 2023/10/01, 20:02:17.601, 278253179715, vstest.console.dll, MulticastDelegateUtilities.SafeInvoke: LengthPrefixCommunicationChannel: MessageReceived: Invoking callback 1/1 for Microsoft.VisualStudio.TestPlatform.CommunicationUtilities.TestRequestSender+<>c__DisplayClass29_0., took 0 ms.
TpTrace Verbose: 0 : 16956, 5, 2023/10/01, 20:02:17.601, 278253180687, vstest.console.dll, TestPluginCache.GetExtensionPaths: Filtered extension paths: 
TpTrace Verbose: 0 : 16956, 10, 2023/10/01, 20:02:17.601, 278253181083, vstest.console.dll, TcpClientExtensions.MessageLoopAsync: Polling on remoteEndPoint: 127.0.0.1:62867 localEndPoint: 127.0.0.1:62866
TpTrace Verbose: 0 : 16956, 5, 2023/10/01, 20:02:17.601, 278253182257, vstest.console.dll, TestPluginCache.GetExtensionPaths: Added default extension paths: C:\Program Files\dotnet\sdk\7.0.401\Extensions\Microsoft.Diagnostics.NETCore.Client.dll
C:\Program Files\dotnet\sdk\7.0.401\Extensions\Microsoft.TestPlatform.Extensions.BlameDataCollector.dll
C:\Program Files\dotnet\sdk\7.0.401\Extensions\Microsoft.TestPlatform.Extensions.EventLogCollector.dll
C:\Program Files\dotnet\sdk\7.0.401\Extensions\Microsoft.TestPlatform.TestHostRuntimeProvider.dll
C:\Program Files\dotnet\sdk\7.0.401\Extensions\Microsoft.VisualStudio.TestPlatform.Extensions.Html.TestLogger.dll
C:\Program Files\dotnet\sdk\7.0.401\Extensions\Microsoft.VisualStudio.TestPlatform.Extensions.Trx.TestLogger.dll
TpTrace Verbose: 0 : 16956, 5, 2023/10/01, 20:02:17.602, 278253183056, vstest.console.dll, TestPluginCache.GetExtensionPaths: Added unfilterableExtensionPaths: 
TpTrace Verbose: 0 : 16956, 5, 2023/10/01, 20:02:17.607, 278253234712, vstest.console.dll, TestRequestSender.InitializeExecution: Sending initialize execution with message: {"Version":7,"MessageType":"TestExecution.Initialize","Payload":["C:\\Users\\HP\\Documents\\kpi\\.NET\\Part 2\\lab1-dotnet2\\Lab1\\CustomLinkedListTesting\\bin\\Debug\\net7.0\\fine-code-coverage\\build-output\\NUnit3.TestAdapter.dll"]}
TpTrace Verbose: 0 : 16956, 5, 2023/10/01, 20:02:17.607, 278253238634, vstest.console.dll, ParallelProxyExecutionManager.StartTestRunOnConcurrentManager: Execution starting. Started clients: 1
TpTrace Verbose: 0 : 16956, 5, 2023/10/01, 20:02:17.608, 278253243806, vstest.console.dll, TestRunRequest:SendTestRunMessage: Starting.
TpTrace Verbose: 0 : 16956, 5, 2023/10/01, 20:02:17.608, 278253246630, vstest.console.dll, MulticastDelegateUtilities.SafeInvoke: TestRun.LogMessages: Invoking callback 1/1 for Microsoft.VisualStudio.TestPlatform.CommandLine.TestRunResultAggregator., took 0 ms.
TpTrace Information: 0 : 16956, 5, 2023/10/01, 20:02:17.608, 278253247531, vstest.console.dll, TestRunRequest:SendTestRunMessage: Completed.
TpTrace Verbose: 0 : 16956, 4, 2023/10/01, 20:02:17.608, 278253249045, vstest.console.dll, MulticastDelegateUtilities.SafeInvoke: InternalTestLoggerEvents.SendTestRunMessage: Invoking callback 1/1 for Microsoft.VisualStudio.TestPlatform.CommandLine.Internal.ConsoleLogger., took 0 ms.
TpTrace Warning: 0 : 16956, 5, 2023/10/01, 20:02:17.609, 278253255227, vstest.console.dll, InferRunSettingsHelper.MakeRunsettingsCompatible: Removing the following settings: TargetPlatform from RunSettings file. To use those settings please move to latest version of Microsoft.NET.Test.Sdk
TpTrace Verbose: 0 : 16956, 10, 2023/10/01, 20:02:17.619, 278253360268, vstest.console.dll, TcpClientExtensions.MessageLoopAsync: NotifyDataAvailable remoteEndPoint: 127.0.0.1:62867 localEndPoint: 127.0.0.1:62866
TpTrace Verbose: 0 : 16956, 10, 2023/10/01, 20:02:17.620, 278253363964, vstest.console.dll, TestRequestSender.OnExecutionMessageReceived: Received message: {"Version":7,"MessageType":"TestSession.Message","Payload":{"MessageLevel":0,"Message":"Logging TestHost Diagnostics in file: C:\\Users\\HP\\Documents\\kpi\\.NET\\Part 2\\lab1-dotnet2\\Lab1\\CustomLinkedListTesting\\bin\\Debug\\net7.0\\fine-code-coverage\\coverage-tool-output\\diagnostics.host.23-10-01_20-02-16_65610_5.log"}}
TpTrace Verbose: 0 : 16956, 10, 2023/10/01, 20:02:17.623, 278253400166, vstest.console.dll, TestRunRequest:SendTestRunMessage: Starting.
TpTrace Verbose: 0 : 16956, 10, 2023/10/01, 20:02:17.624, 278253403985, vstest.console.dll, MulticastDelegateUtilities.SafeInvoke: TestRun.LogMessages: Invoking callback 1/1 for Microsoft.VisualStudio.TestPlatform.CommandLine.TestRunResultAggregator., took 0 ms.
TpTrace Verbose: 0 : 16956, 4, 2023/10/01, 20:02:17.624, 278253404150, vstest.console.dll, MulticastDelegateUtilities.SafeInvoke: InternalTestLoggerEvents.SendTestRunMessage: Invoking callback 1/1 for Microsoft.VisualStudio.TestPlatform.CommandLine.Internal.ConsoleLogger., took 0 ms.
TpTrace Information: 0 : 16956, 10, 2023/10/01, 20:02:17.624, 278253405181, vstest.console.dll, TestRunRequest:SendTestRunMessage: Completed.
TpTrace Verbose: 0 : 16956, 10, 2023/10/01, 20:02:17.624, 278253407055, vstest.console.dll, MulticastDelegateUtilities.SafeInvoke: LengthPrefixCommunicationChannel: MessageReceived: Invoking callback 1/1 for Microsoft.VisualStudio.TestPlatform.CommunicationUtilities.TestRequestSender+<>c__DisplayClass34_0., took 4 ms.
TpTrace Verbose: 0 : 16956, 10, 2023/10/01, 20:02:17.624, 278253407823, vstest.console.dll, TcpClientExtensions.MessageLoopAsync: Polling on remoteEndPoint: 127.0.0.1:62867 localEndPoint: 127.0.0.1:62866
TpTrace Verbose: 0 : 16956, 5, 2023/10/01, 20:02:17.626, 278253432431, vstest.console.dll, TestRequestSender.StartTestRun: Sending test run with message: {"Version":7,"MessageType":"TestExecution.StartWithSources","Payload":{"AdapterSourceMap":{"_none_":["C:\\Users\\HP\\Documents\\kpi\\.NET\\Part 2\\lab1-dotnet2\\Lab1\\CustomLinkedListTesting\\bin\\Debug\\net7.0\\fine-code-coverage\\build-output\\CustomLinkedListTesting.dll"]},"RunSettings":"<RunSettings>\r\n  <RunConfiguration>\r\n    <ResultsDirectory>C:\\Users\\HP\\Documents\\kpi\\.NET\\Part 2\\lab1-dotnet2\\Lab1\\CustomLinkedListTesting\\bin\\Debug\\net7.0\\fine-code-coverage\\coverage-tool-output</ResultsDirectory>\r\n    <TargetFrameworkVersion>.NETCoreApp,Version=v7.0</TargetFrameworkVersion>\r\n    <DesignMode>False</DesignMode>\r\n    <CollectSourceInformation>False</CollectSourceInformation>\r\n  </RunConfiguration>\r\n  <LoggerRunSettings>\r\n    <Loggers>\r\n      <Logger friendlyName=\"blame\" enabled=\"True\" />\r\n      <Logger friendlyName=\"Console\" uri=\"logger://microsoft/TestPlatform/ConsoleLogger/v1\" assemblyQualifiedName=\"Microsoft.VisualStudio.TestPlatform.CommandLine.Internal.ConsoleLogger, vstest.console, Version=15.0.0.0, Culture=neutral, PublicKeyToken=b03f5f7f11d50a3a\" codeBase=\"C:\\Program Files\\dotnet\\sdk\\7.0.401\\vstest.console.dll\" enabled=\"True\" />\r\n    </Loggers>\r\n  </LoggerRunSettings>\r\n  <DataCollectionRunSettings>\r\n    <DataCollectors>\r\n      <DataCollector friendlyName=\"blame\" enabled=\"True\">\r\n        <Configuration>\r\n          <ResultsDirectory>C:\\Users\\HP\\Documents\\kpi\\.NET\\Part 2\\lab1-dotnet2\\Lab1\\CustomLinkedListTesting\\bin\\Debug\\net7.0\\fine-code-coverage\\coverage-tool-output</ResultsDirectory>\r\n        </Configuration>\r\n      </DataCollector>\r\n    </DataCollectors>\r\n  </DataCollectionRunSettings>\r\n</RunSettings>","TestExecutionContext":{"FrequencyOfRunStatsChangeEvent":10,"RunStatsChangeEventTimeout":"00:00:01.5000000","InIsolation":false,"KeepAlive":false,"AreTestCaseLevelEventsRequired":false,"IsDebug":false,"TestCaseFilter":null,"FilterOptions":null},"Package":null}}
TpTrace Verbose: 0 : 16956, 5, 2023/10/01, 20:02:17.627, 278253435404, vstest.console.dll, ParallelProxyExecutionManager.StartTestRunOnConcurrentManager: Execution started. Started clients: 1
TpTrace Verbose: 0 : 16956, 10, 2023/10/01, 20:02:17.927, 278256438517, vstest.console.dll, TcpClientExtensions.MessageLoopAsync: NotifyDataAvailable remoteEndPoint: 127.0.0.1:62867 localEndPoint: 127.0.0.1:62866
TpTrace Verbose: 0 : 16956, 10, 2023/10/01, 20:02:17.928, 278256443441, vstest.console.dll, TestRequestSender.OnExecutionMessageReceived: Received message: {"Version":7,"MessageType":"TestSession.Message","Payload":{"MessageLevel":0,"Message":"NUnit Adapter 4.4.0.0: Test execution started"}}
TpTrace Verbose: 0 : 16956, 10, 2023/10/01, 20:02:17.928, 278256447595, vstest.console.dll, TestRunRequest:SendTestRunMessage: Starting.
TpTrace Verbose: 0 : 16956, 10, 2023/10/01, 20:02:17.928, 278256448904, vstest.console.dll, MulticastDelegateUtilities.SafeInvoke: TestRun.LogMessages: Invoking callback 1/1 for Microsoft.VisualStudio.TestPlatform.CommandLine.TestRunResultAggregator., took 0 ms.
TpTrace Information: 0 : 16956, 10, 2023/10/01, 20:02:17.928, 278256449521, vstest.console.dll, TestRunRequest:SendTestRunMessage: Completed.
TpTrace Verbose: 0 : 16956, 10, 2023/10/01, 20:02:17.928, 278256450084, vstest.console.dll, MulticastDelegateUtilities.SafeInvoke: LengthPrefixCommunicationChannel: MessageReceived: Invoking callback 1/1 for Microsoft.VisualStudio.TestPlatform.CommunicationUtilities.TestRequestSender+<>c__DisplayClass34_0., took 0 ms.
TpTrace Verbose: 0 : 16956, 10, 2023/10/01, 20:02:17.928, 278256450773, vstest.console.dll, TcpClientExtensions.MessageLoopAsync: Polling on remoteEndPoint: 127.0.0.1:62867 localEndPoint: 127.0.0.1:62866
TpTrace Verbose: 0 : 16956, 4, 2023/10/01, 20:02:17.928, 278256451522, vstest.console.dll, MulticastDelegateUtilities.SafeInvoke: InternalTestLoggerEvents.SendTestRunMessage: Invoking callback 1/1 for Microsoft.VisualStudio.TestPlatform.CommandLine.Internal.ConsoleLogger., took 0 ms.
TpTrace Verbose: 0 : 16956, 10, 2023/10/01, 20:02:17.969, 278256858165, vstest.console.dll, TcpClientExtensions.MessageLoopAsync: NotifyDataAvailable remoteEndPoint: 127.0.0.1:62867 localEndPoint: 127.0.0.1:62866
TpTrace Verbose: 0 : 16956, 10, 2023/10/01, 20:02:17.969, 278256860233, vstest.console.dll, TestRequestSender.OnExecutionMessageReceived: Received message: {"Version":7,"MessageType":"TestSession.Message","Payload":{"MessageLevel":0,"Message":"Running all tests in C:\\Users\\HP\\Documents\\kpi\\.NET\\Part 2\\lab1-dotnet2\\Lab1\\CustomLinkedListTesting\\bin\\Debug\\net7.0\\fine-code-coverage\\build-output\\CustomLinkedListTesting.dll"}}
TpTrace Verbose: 0 : 16956, 10, 2023/10/01, 20:02:17.969, 278256861946, vstest.console.dll, TestRunRequest:SendTestRunMessage: Starting.
TpTrace Verbose: 0 : 16956, 10, 2023/10/01, 20:02:17.970, 278256863037, vstest.console.dll, MulticastDelegateUtilities.SafeInvoke: TestRun.LogMessages: Invoking callback 1/1 for Microsoft.VisualStudio.TestPlatform.CommandLine.TestRunResultAggregator., took 0 ms.
TpTrace Verbose: 0 : 16956, 4, 2023/10/01, 20:02:17.970, 278256863281, vstest.console.dll, MulticastDelegateUtilities.SafeInvoke: InternalTestLoggerEvents.SendTestRunMessage: Invoking callback 1/1 for Microsoft.VisualStudio.TestPlatform.CommandLine.Internal.ConsoleLogger., took 0 ms.
TpTrace Information: 0 : 16956, 10, 2023/10/01, 20:02:17.970, 278256863680, vstest.console.dll, TestRunRequest:SendTestRunMessage: Completed.
TpTrace Verbose: 0 : 16956, 10, 2023/10/01, 20:02:17.970, 278256865244, vstest.console.dll, MulticastDelegateUtilities.SafeInvoke: LengthPrefixCommunicationChannel: MessageReceived: Invoking callback 1/1 for Microsoft.VisualStudio.TestPlatform.CommunicationUtilities.TestRequestSender+<>c__DisplayClass34_0., took 0 ms.
TpTrace Verbose: 0 : 16956, 10, 2023/10/01, 20:02:17.970, 278256865923, vstest.console.dll, TcpClientExtensions.MessageLoopAsync: Polling on remoteEndPoint: 127.0.0.1:62867 localEndPoint: 127.0.0.1:62866
TpTrace Verbose: 0 : 16956, 10, 2023/10/01, 20:02:18.181, 278258979929, vstest.console.dll, TcpClientExtensions.MessageLoopAsync: NotifyDataAvailable remoteEndPoint: 127.0.0.1:62867 localEndPoint: 127.0.0.1:62866
TpTrace Verbose: 0 : 16956, 10, 2023/10/01, 20:02:18.181, 278258981755, vstest.console.dll, TestRequestSender.OnExecutionMessageReceived: Received message: {"Version":7,"MessageType":"TestSession.Message","Payload":{"MessageLevel":0,"Message":"   NUnit3TestExecutor discovered 13 of 13 NUnit test cases using Current Discovery mode, Non-Explicit run"}}
TpTrace Verbose: 0 : 16956, 10, 2023/10/01, 20:02:18.182, 278258983393, vstest.console.dll, TestRunRequest:SendTestRunMessage: Starting.
TpTrace Verbose: 0 : 16956, 10, 2023/10/01, 20:02:18.182, 278258984521, vstest.console.dll, MulticastDelegateUtilities.SafeInvoke: TestRun.LogMessages: Invoking callback 1/1 for Microsoft.VisualStudio.TestPlatform.CommandLine.TestRunResultAggregator., took 0 ms.
TpTrace Verbose: 0 : 16956, 4, 2023/10/01, 20:02:18.182, 278258984619, vstest.console.dll, MulticastDelegateUtilities.SafeInvoke: InternalTestLoggerEvents.SendTestRunMessage: Invoking callback 1/1 for Microsoft.VisualStudio.TestPlatform.CommandLine.Internal.ConsoleLogger., took 0 ms.
TpTrace Information: 0 : 16956, 10, 2023/10/01, 20:02:18.182, 278258985200, vstest.console.dll, TestRunRequest:SendTestRunMessage: Completed.
TpTrace Verbose: 0 : 16956, 10, 2023/10/01, 20:02:18.182, 278258986202, vstest.console.dll, MulticastDelegateUtilities.SafeInvoke: LengthPrefixCommunicationChannel: MessageReceived: Invoking callback 1/1 for Microsoft.VisualStudio.TestPlatform.CommunicationUtilities.TestRequestSender+<>c__DisplayClass34_0., took 0 ms.
TpTrace Verbose: 0 : 16956, 10, 2023/10/01, 20:02:18.182, 278258986945, vstest.console.dll, TcpClientExtensions.MessageLoopAsync: Polling on remoteEndPoint: 127.0.0.1:62867 localEndPoint: 127.0.0.1:62866
TpTrace Verbose: 0 : 16956, 10, 2023/10/01, 20:02:18.445, 278261622482, vstest.console.dll, TcpClientExtensions.MessageLoopAsync: NotifyDataAvailable remoteEndPoint: 127.0.0.1:62867 localEndPoint: 127.0.0.1:62866
TpTrace Verbose: 0 : 16956, 10, 2023/10/01, 20:02:18.446, 278261627880, vstest.console.dll, TestRequestSender.OnExecutionMessageReceived: Received message: {"Version":7,"MessageType":"TestExecution.StatsChange","Payload":{"NewTestResults":[{"TestCase":{"Id":"20b01c94-407c-1b2d-1e07-88de076b75fe","FullyQualifiedName":"CustomLinkedListTesting.Tests.AddAfter_EmptyList_ResultListWith1ElementOnFirstPlace","DisplayName":"AddAfter_EmptyList_ResultListWith1ElementOnFirstPlace","ExecutorUri":"executor://NUnit3TestExecutor","Source":"C:\\Users\\HP\\Documents\\kpi\\.NET\\Part 2\\lab1-dotnet2\\Lab1\\CustomLinkedListTesting\\bin\\Debug\\net7.0\\fine-code-coverage\\build-output\\CustomLinkedListTesting.dll","CodeFilePath":null,"LineNumber":0,"Properties":[{"Key":{"Id":"NUnit.Seed","Label":"Seed","Category":"","Description":"","Attributes":0,"ValueType":"System.String"},"Value":"1096787301"}]},"Attachments":[],"Outcome":1,"ErrorMessage":null,"ErrorStackTrace":null,"DisplayName":"AddAfter_EmptyList_ResultListWith1ElementOnFirstPlace","Messages":[],"ComputerName":"HP-SASHA","Duration":"00:00:00.0372420","StartTime":"2023-10-01T17:02:18.2307408+00:00","EndTime":"2023-10-01T17:02:18.2678443+00:00","Properties":[{"Key":{"Id":"NUnit.Seed","Label":"Seed","Category":"","Description":"","Attributes":0,"ValueType":"System.String"},"Value":"1096787301"}]},{"TestCase":{"Id":"02831767-e13b-1b1d-930a-222ef1dcbfa7","FullyQualifiedName":"CustomLinkedListTesting.Tests.AddAfter_ListWith1Element_ResultListWith2ElementsWithNewNodeOnTheLastPlace","DisplayName":"AddAfter_ListWith1Element_ResultListWith2ElementsWithNewNodeOnTheLastPlace","ExecutorUri":"executor://NUnit3TestExecutor","Source":"C:\\Users\\HP\\Documents\\kpi\\.NET\\Part 2\\lab1-dotnet2\\Lab1\\CustomLinkedListTesting\\bin\\Debug\\net7.0\\fine-code-coverage\\build-output\\CustomLinkedListTesting.dll","CodeFilePath":null,"LineNumber":0,"Properties":[{"Key":{"Id":"NUnit.Seed","Label":"Seed","Category":"","Description":"","Attributes":0,"ValueType":"System.String"},"Value":"426224930"}]},"Attachments":[],"Outcome":1,"ErrorMessage":null,"ErrorStackTrace":null,"DisplayName":"AddAfter_ListWith1Element_ResultListWith2ElementsWithNewNodeOnTheLastPlace","Messages":[],"ComputerName":"HP-SASHA","Duration":"00:00:00.0019880","StartTime":"2023-10-01T17:02:18.2798294+00:00","EndTime":"2023-10-01T17:02:18.2818171+00:00","Properties":[{"Key":{"Id":"NUnit.Seed","Label":"Seed","Category":"","Description":"","Attributes":0,"ValueType":"System.String"},"Value":"426224930"}]},{"TestCase":{"Id":"98464772-c38c-603e-18ea-4edf9e4afcce","FullyQualifiedName":"CustomLinkedListTesting.Tests.AddAfter_ListWith1NodeButOldNodeIsNotFromList_ResultThrowNullrefException","DisplayName":"AddAfter_ListWith1NodeButOldNodeIsNotFromList_ResultThrowNullrefException","ExecutorUri":"executor://NUnit3TestExecutor","Source":"C:\\Users\\HP\\Documents\\kpi\\.NET\\Part 2\\lab1-dotnet2\\Lab1\\CustomLinkedListTesting\\bin\\Debug\\net7.0\\fine-code-coverage\\build-output\\CustomLinkedListTesting.dll","CodeFilePath":null,"LineNumber":0,"Properties":[{"Key":{"Id":"NUnit.Seed","Label":"Seed","Category":"","Description":"","Attributes":0,"ValueType":"System.String"},"Value":"174788579"}]},"Attachments":[],"Outcome":1,"ErrorMessage":null,"ErrorStackTrace":null,"DisplayName":"AddAfter_ListWith1NodeButOldNodeIsNotFromList_ResultThrowNullrefException","Messages":[],"ComputerName":"HP-SASHA","Duration":"00:00:00.0107280","StartTime":"2023-10-01T17:02:18.2822482+00:00","EndTime":"2023-10-01T17:02:18.2929758+00:00","Properties":[{"Key":{"Id":"NUnit.Seed","Label":"Seed","Category":"","Description":"","Attributes":0,"ValueType":"System.String"},"Value":"174788579"}]},{"TestCase":{"Id":"8b0e5282-68f3-4bb6-940a-b36de1dcdcb1","FullyQualifiedName":"CustomLinkedListTesting.Tests.AddAfter_ListWith3Elements_ResultAddedElementAfterFirst","DisplayName":"AddAfter_ListWith3Elements_ResultAddedElementAfterFirst","ExecutorUri":"executor://NUnit3TestExecutor","Source":"C:\\Users\\HP\\Documents\\kpi\\.NET\\Part 2\\lab1-dotnet2\\Lab1\\CustomLinkedListTesting\\bin\\Debug\\net7.0\\fine-code-coverage\\build-output\\CustomLinkedListTesting.dll","CodeFilePath":null,"LineNumber":0,"Properties":[{"Key":{"Id":"NUnit.Seed","Label":"Seed","Category":"","Description":"","Attributes":0,"ValueType":"System.String"},"Value":"334137937"}]},"Attachments":[],"Outcome":1,"ErrorMessage":null,"ErrorStackTrace":null,"DisplayName":"AddAfter_ListWith3Elements_ResultAddedElementAfterFirst","Messages":[],"ComputerName":"HP-SASHA","Duration":"00:00:00.0025510","StartTime":"2023-10-01T17:02:18.2974039+00:00","EndTime":"2023-10-01T17:02:18.2999549+00:00","Properties":[{"Key":{"Id":"NUnit.Seed","Label":"Seed","Category":"","Description":"","Attributes":0,"ValueType":"System.String"},"Value":"334137937"}]},{"TestCase":{"Id":"9976a33c-a022-7dba-15b9-4b3a6675c00f","FullyQualifiedName":"CustomLinkedListTesting.Tests.AddBefore_EmptyList_ResultListWithOneElementOnFirstPlace","DisplayName":"AddBefore_EmptyList_ResultListWithOneElementOnFirstPlace","ExecutorUri":"executor://NUnit3TestExecutor","Source":"C:\\Users\\HP\\Documents\\kpi\\.NET\\Part 2\\lab1-dotnet2\\Lab1\\CustomLinkedListTesting\\bin\\Debug\\net7.0\\fine-code-coverage\\build-output\\CustomLinkedListTesting.dll","CodeFilePath":null,"LineNumber":0,"Properties":[{"Key":{"Id":"NUnit.Seed","Label":"Seed","Category":"","Description":"","Attributes":0,"ValueType":"System.String"},"Value":"823214585"}]},"Attachments":[],"Outcome":1,"ErrorMessage":null,"ErrorStackTrace":null,"DisplayName":"AddBefore_EmptyList_ResultListWithOneElementOnFirstPlace","Messages":[],"ComputerName":"HP-SASHA","Duration":"00:00:00.0017170","StartTime":"2023-10-01T17:02:18.3100544+00:00","EndTime":"2023-10-01T17:02:18.3117716+00:00","Properties":[{"Key":{"Id":"NUnit.Seed","Label":"Seed","Category":"","Description":"","Attributes":0,"ValueType":"System.String"},"Value":"823214585"}]},{"TestCase":{"Id":"88a6e5c2-b3b5-6f61-954e-64646231a5bd","FullyQualifiedName":"CustomLinkedListTesting.Tests.AddBefore_ListWith1Node_Result2ElementsWithNewNodeOnTheFirstPlace","DisplayName":"AddBefore_ListWith1Node_Result2ElementsWithNewNodeOnTheFirstPlace","ExecutorUri":"executor://NUnit3TestExecutor","Source":"C:\\Users\\HP\\Documents\\kpi\\.NET\\Part 2\\lab1-dotnet2\\Lab1\\CustomLinkedListTesting\\bin\\Debug\\net7.0\\fine-code-coverage\\build-output\\CustomLinkedListTesting.dll","CodeFilePath":null,"LineNumber":0,"Properties":[{"Key":{"Id":"NUnit.Seed","Label":"Seed","Category":"","Description":"","Attributes":0,"ValueType":"System.String"},"Value":"1349055533"}]},"Attachments":[],"Outcome":1,"ErrorMessage":null,"ErrorStackTrace":null,"DisplayName":"AddBefore_ListWith1Node_Result2ElementsWithNewNodeOnTheFirstPlace","Messages":[],"ComputerName":"HP-SASHA","Duration":"00:00:00.0008120","StartTime":"2023-10-01T17:02:18.3119475+00:00","EndTime":"2023-10-01T17:02:18.312759+00:00","Properties":[{"Key":{"Id":"NUnit.Seed","Label":"Seed","Category":"","Description":"","Attributes":0,"ValueType":"System.String"},"Value":"1349055533"}]},{"TestCase":{"Id":"4de9d524-e576-6281-b87f-2d2629ab66a8","FullyQualifiedName":"CustomLinkedListTesting.Tests.AddBefore_ListWith1NodeButOldNodeIsNotFromList_ResultNullRefException","DisplayName":"AddBefore_ListWith1NodeButOldNodeIsNotFromList_ResultNullRefException","ExecutorUri":"executor://NUnit3TestExecutor","Source":"C:\\Users\\HP\\Documents\\kpi\\.NET\\Part 2\\lab1-dotnet2\\Lab1\\CustomLinkedListTesting\\bin\\Debug\\net7.0\\fine-code-coverage\\build-output\\CustomLinkedListTesting.dll","CodeFilePath":null,"LineNumber":0,"Properties":[{"Key":{"Id":"NUnit.Seed","Label":"Seed","Category":"","Description":"","Attributes":0,"ValueType":"System.String"},"Value":"1649534478"}]},"Attachments":[],"Outcome":1,"ErrorMessage":null,"ErrorStackTrace":null,"DisplayName":"AddBefore_ListWith1NodeButOldNodeIsNotFromList_ResultNullRefException","Messages":[],"ComputerName":"HP-SASHA","Duration":"00:00:00.0007690","StartTime":"2023-10-01T17:02:18.3132582+00:00","EndTime":"2023-10-01T17:02:18.3140276+00:00","Properties":[{"Key":{"Id":"NUnit.Seed","Label":"Seed","Category":"","Description":"","Attributes":0,"ValueType":"System.String"},"Value":"1649534478"}]},{"TestCase":{"Id":"1bb6cd53-ef03-fcc8-b425-ec3462a82105","FullyQualifiedName":"CustomLinkedListTesting.Tests.AddBefore_ListWith3Elements_ResultAddedNodeBeforeLastElement","DisplayName":"AddBefore_ListWith3Elements_ResultAddedNodeBeforeLastElement","ExecutorUri":"executor://NUnit3TestExecutor","Source":"C:\\Users\\HP\\Documents\\kpi\\.NET\\Part 2\\lab1-dotnet2\\Lab1\\CustomLinkedListTesting\\bin\\Debug\\net7.0\\fine-code-coverage\\build-output\\CustomLinkedListTesting.dll","CodeFilePath":null,"LineNumber":0,"Properties":[{"Key":{"Id":"NUnit.Seed","Label":"Seed","Category":"","Description":"","Attributes":0,"ValueType":"System.String"},"Value":"805197239"}]},"Attachments":[],"Outcome":1,"ErrorMessage":null,"ErrorStackTrace":null,"DisplayName":"AddBefore_ListWith3Elements_ResultAddedNodeBeforeLastElement","Messages":[],"ComputerName":"HP-SASHA","Duration":"00:00:00.0011379","StartTime":"2023-10-01T17:02:18.314621+00:00","EndTime":"2023-10-01T17:02:18.3157593+00:00","Properties":[{"Key":{"Id":"NUnit.Seed","Label":"Seed","Category":"","Description":"","Attributes":0,"ValueType":"System.String"},"Value":"805197239"}]},{"TestCase":{"Id":"0c42f9d3-7566-4e13-9bb8-e47685a175db","FullyQualifiedName":"CustomLinkedListTesting.Tests.AddFirst_NewNode_EmptyList_ResultListWithOneNode","DisplayName":"AddFirst_NewNode_EmptyList_ResultListWithOneNode","ExecutorUri":"executor://NUnit3TestExecutor","Source":"C:\\Users\\HP\\Documents\\kpi\\.NET\\Part 2\\lab1-dotnet2\\Lab1\\CustomLinkedListTesting\\bin\\Debug\\net7.0\\fine-code-coverage\\build-output\\CustomLinkedListTesting.dll","CodeFilePath":null,"LineNumber":0,"Properties":[{"Key":{"Id":"NUnit.Seed","Label":"Seed","Category":"","Description":"","Attributes":0,"ValueType":"System.String"},"Value":"877588343"}]},"Attachments":[],"Outcome":1,"ErrorMessage":null,"ErrorStackTrace":null,"DisplayName":"AddFirst_NewNode_EmptyList_ResultListWithOneNode","Messages":[],"ComputerName":"HP-SASHA","Duration":"00:00:00.0007249","StartTime":"2023-10-01T17:02:18.3159939+00:00","EndTime":"2023-10-01T17:02:18.3167185+00:00","Properties":[{"Key":{"Id":"NUnit.Seed","Label":"Seed","Category":"","Description":"","Attributes":0,"ValueType":"System.String"},"Value":"877588343"}]}],"TestRunStatistics":{"ExecutedTests":9,"Stats":{"Passed":9}},"ActiveTests":[{"Id":"b38dee7f-8fea-0471-74f8-ff11a0fd7d55","FullyQualifiedName":"CustomLinkedListTesting.Tests.AddFirst_NewNode_ListWithOneNode_ResultFirstNodeIsAddedNode","DisplayName":"AddFirst_NewNode_ListWithOneNode_ResultFirstNodeIsAddedNode","ExecutorUri":"executor://NUnit3TestExecutor","Source":"C:\\Users\\HP\\Documents\\kpi\\.NET\\Part 2\\lab1-dotnet2\\Lab1\\CustomLinkedListTesting\\bin\\Debug\\net7.0\\fine-code-coverage\\build-output\\CustomLinkedListTesting.dll","CodeFilePath":null,"LineNumber":0,"Properties":[{"Key":{"Id":"NUnit.Seed","Label":"Seed","Category":"","Description":"","Attributes":0,"ValueType":"System.String"},"Value":"1874138814"}]}]}}
TpTrace Verbose: 0 : 16956, 10, 2023/10/01, 20:02:18.486, 278262031681, vstest.console.dll, TestRunRequest:SendTestRunStatsChange: Starting.
TpTrace Verbose: 0 : 16956, 10, 2023/10/01, 20:02:18.487, 278262034290, vstest.console.dll, InProgress is AddFirst_NewNode_ListWithOneNode_ResultFirstNodeIsAddedNode
TpTrace Verbose: 0 : 16956, 10, 2023/10/01, 20:02:18.487, 278262038069, vstest.console.dll, MulticastDelegateUtilities.SafeInvoke: TestRun.RunStatsChanged: Invoking callbacks was skipped because there are no subscribers.
TpTrace Information: 0 : 16956, 10, 2023/10/01, 20:02:18.487, 278262039217, vstest.console.dll, TestRunRequest:SendTestRunStatsChange: Completed.
TpTrace Verbose: 0 : 16956, 10, 2023/10/01, 20:02:18.487, 278262039970, vstest.console.dll, MulticastDelegateUtilities.SafeInvoke: LengthPrefixCommunicationChannel: MessageReceived: Invoking callback 1/1 for Microsoft.VisualStudio.TestPlatform.CommunicationUtilities.TestRequestSender+<>c__DisplayClass34_0., took 41 ms.
TpTrace Verbose: 0 : 16956, 10, 2023/10/01, 20:02:18.487, 278262040514, vstest.console.dll, TcpClientExtensions.MessageLoopAsync: Polling on remoteEndPoint: 127.0.0.1:62867 localEndPoint: 127.0.0.1:62866
TpTrace Verbose: 0 : 16956, 10, 2023/10/01, 20:02:18.490, 278262066934, vstest.console.dll, TcpClientExtensions.MessageLoopAsync: NotifyDataAvailable remoteEndPoint: 127.0.0.1:62867 localEndPoint: 127.0.0.1:62866
TpTrace Verbose: 0 : 16956, 10, 2023/10/01, 20:02:18.490, 278262068731, vstest.console.dll, TestRequestSender.OnExecutionMessageReceived: Received message: {"Version":7,"MessageType":"TestSession.Message","Payload":{"MessageLevel":0,"Message":"NUnit Adapter 4.4.0.0: Test execution complete"}}
TpTrace Verbose: 0 : 16956, 10, 2023/10/01, 20:02:18.490, 278262070228, vstest.console.dll, TestRunRequest:SendTestRunMessage: Starting.
TpTrace Verbose: 0 : 16956, 10, 2023/10/01, 20:02:18.490, 278262071147, vstest.console.dll, MulticastDelegateUtilities.SafeInvoke: TestRun.LogMessages: Invoking callback 1/1 for Microsoft.VisualStudio.TestPlatform.CommandLine.TestRunResultAggregator., took 0 ms.
TpTrace Information: 0 : 16956, 10, 2023/10/01, 20:02:18.490, 278262071741, vstest.console.dll, TestRunRequest:SendTestRunMessage: Completed.
TpTrace Verbose: 0 : 16956, 10, 2023/10/01, 20:02:18.490, 278262072310, vstest.console.dll, MulticastDelegateUtilities.SafeInvoke: LengthPrefixCommunicationChannel: MessageReceived: Invoking callback 1/1 for Microsoft.VisualStudio.TestPlatform.CommunicationUtilities.TestRequestSender+<>c__DisplayClass34_0., took 0 ms.
TpTrace Verbose: 0 : 16956, 10, 2023/10/01, 20:02:18.491, 278262072860, vstest.console.dll, TcpClientExtensions.MessageLoopAsync: Polling on remoteEndPoint: 127.0.0.1:62867 localEndPoint: 127.0.0.1:62866
TpTrace Verbose: 0 : 16956, 4, 2023/10/01, 20:02:18.491, 278262076850, vstest.console.dll, MulticastDelegateUtilities.SafeInvoke: InternalTestLoggerEvents.SendTestResult: Invoking callback 1/1 for Microsoft.VisualStudio.TestPlatform.CommandLine.Internal.ConsoleLogger., took 3 ms.
TpTrace Verbose: 0 : 16956, 4, 2023/10/01, 20:02:18.491, 278262080603, vstest.console.dll, MulticastDelegateUtilities.SafeInvoke: InternalTestLoggerEvents.SendTestResult: Invoking callback 1/1 for Microsoft.VisualStudio.TestPlatform.CommandLine.Internal.ConsoleLogger., took 0 ms.
TpTrace Verbose: 0 : 16956, 4, 2023/10/01, 20:02:18.491, 278262082304, vstest.console.dll, MulticastDelegateUtilities.SafeInvoke: InternalTestLoggerEvents.SendTestResult: Invoking callback 1/1 for Microsoft.VisualStudio.TestPlatform.CommandLine.Internal.ConsoleLogger., took 0 ms.
TpTrace Verbose: 0 : 16956, 4, 2023/10/01, 20:02:18.492, 278262082899, vstest.console.dll, MulticastDelegateUtilities.SafeInvoke: InternalTestLoggerEvents.SendTestResult: Invoking callback 1/1 for Microsoft.VisualStudio.TestPlatform.CommandLine.Internal.ConsoleLogger., took 0 ms.
TpTrace Verbose: 0 : 16956, 4, 2023/10/01, 20:02:18.492, 278262083354, vstest.console.dll, MulticastDelegateUtilities.SafeInvoke: InternalTestLoggerEvents.SendTestResult: Invoking callback 1/1 for Microsoft.VisualStudio.TestPlatform.CommandLine.Internal.ConsoleLogger., took 0 ms.
TpTrace Verbose: 0 : 16956, 4, 2023/10/01, 20:02:18.492, 278262083814, vstest.console.dll, MulticastDelegateUtilities.SafeInvoke: InternalTestLoggerEvents.SendTestResult: Invoking callback 1/1 for Microsoft.VisualStudio.TestPlatform.CommandLine.Internal.ConsoleLogger., took 0 ms.
TpTrace Verbose: 0 : 16956, 4, 2023/10/01, 20:02:18.492, 278262084270, vstest.console.dll, MulticastDelegateUtilities.SafeInvoke: InternalTestLoggerEvents.SendTestResult: Invoking callback 1/1 for Microsoft.VisualStudio.TestPlatform.CommandLine.Internal.ConsoleLogger., took 0 ms.
TpTrace Verbose: 0 : 16956, 4, 2023/10/01, 20:02:18.492, 278262084829, vstest.console.dll, MulticastDelegateUtilities.SafeInvoke: InternalTestLoggerEvents.SendTestResult: Invoking callback 1/1 for Microsoft.VisualStudio.TestPlatform.CommandLine.Internal.ConsoleLogger., took 0 ms.
TpTrace Verbose: 0 : 16956, 4, 2023/10/01, 20:02:18.492, 278262085560, vstest.console.dll, MulticastDelegateUtilities.SafeInvoke: InternalTestLoggerEvents.SendTestResult: Invoking callback 1/1 for Microsoft.VisualStudio.TestPlatform.CommandLine.Internal.ConsoleLogger., took 0 ms.
TpTrace Verbose: 0 : 16956, 4, 2023/10/01, 20:02:18.492, 278262085981, vstest.console.dll, MulticastDelegateUtilities.SafeInvoke: InternalTestLoggerEvents.SendTestRunMessage: Invoking callback 1/1 for Microsoft.VisualStudio.TestPlatform.CommandLine.Internal.ConsoleLogger., took 0 ms.
TpTrace Verbose: 0 : 16956, 10, 2023/10/01, 20:02:18.519, 278262359022, vstest.console.dll, TcpClientExtensions.MessageLoopAsync: NotifyDataAvailable remoteEndPoint: 127.0.0.1:62867 localEndPoint: 127.0.0.1:62866
TpTrace Verbose: 0 : 16956, 10, 2023/10/01, 20:02:18.519, 278262361869, vstest.console.dll, TestRequestSender.OnExecutionMessageReceived: Received message: {"Version":7,"MessageType":"TestExecution.Completed","Payload":{"TestRunCompleteArgs":{"TestRunStatistics":{"ExecutedTests":13,"Stats":{"Passed":13}},"IsCanceled":false,"IsAborted":false,"Error":null,"AttachmentSets":[],"InvokedDataCollectors":[],"ElapsedTimeInRunningTests":"00:00:00.6090358","Metrics":{},"DiscoveredExtensions":{"TestDiscoverers":["NUnit.VisualStudio.TestAdapter.NUnit3TestDiscoverer, NUnit3.TestAdapter, Version=4.4.0.0, Culture=neutral, PublicKeyToken=4cb40d35494691ac"],"TestExecutors":["executor://NUnit3TestExecutor"],"TestExecutors2":[],"TestSettingsProviders":[]}},"LastRunTests":{"NewTestResults":[{"TestCase":{"Id":"b38dee7f-8fea-0471-74f8-ff11a0fd7d55","FullyQualifiedName":"CustomLinkedListTesting.Tests.AddFirst_NewNode_ListWithOneNode_ResultFirstNodeIsAddedNode","DisplayName":"AddFirst_NewNode_ListWithOneNode_ResultFirstNodeIsAddedNode","ExecutorUri":"executor://NUnit3TestExecutor","Source":"C:\\Users\\HP\\Documents\\kpi\\.NET\\Part 2\\lab1-dotnet2\\Lab1\\CustomLinkedListTesting\\bin\\Debug\\net7.0\\fine-code-coverage\\build-output\\CustomLinkedListTesting.dll","CodeFilePath":null,"LineNumber":0,"Properties":[{"Key":{"Id":"NUnit.Seed","Label":"Seed","Category":"","Description":"","Attributes":0,"ValueType":"System.String"},"Value":"1874138814"}]},"Attachments":[],"Outcome":1,"ErrorMessage":null,"ErrorStackTrace":null,"DisplayName":"AddFirst_NewNode_ListWithOneNode_ResultFirstNodeIsAddedNode","Messages":[],"ComputerName":"HP-SASHA","Duration":"00:00:00.0006650","StartTime":"2023-10-01T17:02:18.3170239+00:00","EndTime":"2023-10-01T17:02:18.3176887+00:00","Properties":[{"Key":{"Id":"NUnit.Seed","Label":"Seed","Category":"","Description":"","Attributes":0,"ValueType":"System.String"},"Value":"1874138814"}]},{"TestCase":{"Id":"58187992-a47b-a59a-1318-22687c38b697","FullyQualifiedName":"CustomLinkedListTesting.Tests.AddLast_NewNode_EmptyList_ResultListWithOneNodeOnLastPlace","DisplayName":"AddLast_NewNode_EmptyList_ResultListWithOneNodeOnLastPlace","ExecutorUri":"executor://NUnit3TestExecutor","Source":"C:\\Users\\HP\\Documents\\kpi\\.NET\\Part 2\\lab1-dotnet2\\Lab1\\CustomLinkedListTesting\\bin\\Debug\\net7.0\\fine-code-coverage\\build-output\\CustomLinkedListTesting.dll","CodeFilePath":null,"LineNumber":0,"Properties":[{"Key":{"Id":"NUnit.Seed","Label":"Seed","Category":"","Description":"","Attributes":0,"ValueType":"System.String"},"Value":"952374345"}]},"Attachments":[],"Outcome":1,"ErrorMessage":null,"ErrorStackTrace":null,"DisplayName":"AddLast_NewNode_EmptyList_ResultListWithOneNodeOnLastPlace","Messages":[],"ComputerName":"HP-SASHA","Duration":"00:00:00.0008660","StartTime":"2023-10-01T17:02:18.3195554+00:00","EndTime":"2023-10-01T17:02:18.3204216+00:00","Properties":[{"Key":{"Id":"NUnit.Seed","Label":"Seed","Category":"","Description":"","Attributes":0,"ValueType":"System.String"},"Value":"952374345"}]},{"TestCase":{"Id":"5c3c62c4-f2f1-4e89-4d5b-5826f7dfaf1c","FullyQualifiedName":"CustomLinkedListTesting.Tests.AddLast_NewNode_ListWithOneNode_ResultLastNodeIsNewNode","DisplayName":"AddLast_NewNode_ListWithOneNode_ResultLastNodeIsNewNode","ExecutorUri":"executor://NUnit3TestExecutor","Source":"C:\\Users\\HP\\Documents\\kpi\\.NET\\Part 2\\lab1-dotnet2\\Lab1\\CustomLinkedListTesting\\bin\\Debug\\net7.0\\fine-code-coverage\\build-output\\CustomLinkedListTesting.dll","CodeFilePath":null,"LineNumber":0,"Properties":[{"Key":{"Id":"NUnit.Seed","Label":"Seed","Category":"","Description":"","Attributes":0,"ValueType":"System.String"},"Value":"1075961702"}]},"Attachments":[],"Outcome":1,"ErrorMessage":null,"ErrorStackTrace":null,"DisplayName":"AddLast_NewNode_ListWithOneNode_ResultLastNodeIsNewNode","Messages":[],"ComputerName":"HP-SASHA","Duration":"00:00:00.0006040","StartTime":"2023-10-01T17:02:18.3205709+00:00","EndTime":"2023-10-01T17:02:18.3211743+00:00","Properties":[{"Key":{"Id":"NUnit.Seed","Label":"Seed","Category":"","Description":"","Attributes":0,"ValueType":"System.String"},"Value":"1075961702"}]},{"TestCase":{"Id":"f716f8f2-74cb-9f57-476e-6b204c67dc5b","FullyQualifiedName":"CustomLinkedListTesting.Tests.Clear_ListWith5Elements_ResultEmptyList","DisplayName":"Clear_ListWith5Elements_ResultEmptyList","ExecutorUri":"executor://NUnit3TestExecutor","Source":"C:\\Users\\HP\\Documents\\kpi\\.NET\\Part 2\\lab1-dotnet2\\Lab1\\CustomLinkedListTesting\\bin\\Debug\\net7.0\\fine-code-coverage\\build-output\\CustomLinkedListTesting.dll","CodeFilePath":null,"LineNumber":0,"Properties":[{"Key":{"Id":"NUnit.Seed","Label":"Seed","Category":"","Description":"","Attributes":0,"ValueType":"System.String"},"Value":"1972097308"}]},"Attachments":[],"Outcome":1,"ErrorMessage":null,"ErrorStackTrace":null,"DisplayName":"Clear_ListWith5Elements_ResultEmptyList","Messages":[],"ComputerName":"HP-SASHA","Duration":"00:00:00.0015969","StartTime":"2023-10-01T17:02:18.3213446+00:00","EndTime":"2023-10-01T17:02:18.3229419+00:00","Properties":[{"Key":{"Id":"NUnit.Seed","Label":"Seed","Category":"","Description":"","Attributes":0,"ValueType":"System.String"},"Value":"1972097308"}]}],"TestRunStatistics":{"ExecutedTests":13,"Stats":{"Passed":13}},"ActiveTests":[]},"RunAttachments":[],"ExecutorUris":["executor://nunit3testexecutor/"]}}
TpTrace Verbose: 0 : 16956, 10, 2023/10/01, 20:02:18.520, 278262364206, vstest.console.dll, TestRequestSender.EndSession: Sending end session.
TpTrace Verbose: 0 : 16956, 10, 2023/10/01, 20:02:18.520, 278262366953, vstest.console.dll, ProxyOperationManager.Close: waiting for test host to exit for 100 ms
TpTrace Verbose: 0 : 16956, 11, 2023/10/01, 20:02:18.549, 278262659319, vstest.console.dll, TestHostManagerCallbacks.ctor: Experimental forwarding output is disabled.
TpTrace Warning: 0 : 16956, 11, 2023/10/01, 20:02:18.549, 278262660774, vstest.console.dll, TestHostManagerCallbacks.ErrorReceivedCallback Test host standard error line: 
TpTrace Verbose: 0 : 16956, 11, 2023/10/01, 20:02:18.564, 278262806797, vstest.console.dll, TestHostProvider.ExitCallBack: Host exited starting callback.
TpTrace Information: 0 : 16956, 11, 2023/10/01, 20:02:18.564, 278262808948, vstest.console.dll, TestHostManagerCallbacks.ExitCallBack: Testhost processId: 16644 exited with exitcode: 0 error: ''
TpTrace Verbose: 0 : 16956, 11, 2023/10/01, 20:02:18.564, 278262809480, vstest.console.dll, DotnetTestHostManager.OnHostExited: invoking OnHostExited callback
TpTrace Verbose: 0 : 16956, 11, 2023/10/01, 20:02:18.564, 278262810104, vstest.console.dll, CrossPlatEngine.TestHostManagerHostExited: calling on client process exit callback.
TpTrace Information: 0 : 16956, 11, 2023/10/01, 20:02:18.564, 278262810660, vstest.console.dll, TestRequestSender.OnClientProcessExit: Test host process exited. Standard error: 
TpTrace Information: 0 : 16956, 11, 2023/10/01, 20:02:18.564, 278262811088, vstest.console.dll, SocketServer.Stop: Stop server endPoint: 127.0.0.1:62866
TpTrace Information: 0 : 16956, 11, 2023/10/01, 20:02:18.564, 278262811544, vstest.console.dll, SocketServer.Stop: Cancellation requested. Stopping message loop.
TpTrace Information: 0 : 16956, 10, 2023/10/01, 20:02:18.564, 278262812200, vstest.console.dll, SocketServer.Stop: Stop server endPoint: 127.0.0.1:62866
TpTrace Verbose: 0 : 16956, 11, 2023/10/01, 20:02:18.564, 278262812511, vstest.console.dll, MulticastDelegateUtilities.SafeInvoke: HostProviderEvents.OnHostExited: Invoking callback 1/1 for Microsoft.VisualStudio.TestPlatform.CrossPlatEngine.Client.ProxyOperationManager., took 0 ms.
TpTrace Information: 0 : 16956, 10, 2023/10/01, 20:02:18.565, 278262813110, vstest.console.dll, SocketServer.Stop: Cancellation requested. Stopping message loop.
TpTrace Information: 0 : 16956, 10, 2023/10/01, 20:02:18.565, 278262814902, vstest.console.dll, Closing the connection
TpTrace Verbose: 0 : 16956, 10, 2023/10/01, 20:02:18.565, 278262818628, vstest.console.dll, ProxyDataCollectionManager.InvokeDataCollectionServiceAction: Starting.
TpTrace Information: 0 : 16956, 10, 2023/10/01, 20:02:18.565, 278262819452, vstest.console.dll, ProxyDataCollectionManager.AfterTestRunEnd: Get attachment set and invoked data collectors processId: 13908 port: 62863
TpTrace Verbose: 0 : 16956, 10, 2023/10/01, 20:02:18.565, 278262820353, vstest.console.dll, DataCollectionRequestSender.SendAfterTestRunStartAndGetResult: Send AfterTestRunEnd message with isCancelled: False
TpTrace Verbose: 0 : 16956, 10, 2023/10/01, 20:02:18.577, 278262940911, vstest.console.dll, DataCollectionRequestSender.SendAfterTestRunStartAndGetResult: Received message: (DataCollection.AfterTestRunEndResult) -> {"MessageType":"DataCollection.AfterTestRunEndResult","Payload":{"AttachmentSets":[],"InvokedDataCollectors":[{"Uri":"datacollector://Microsoft/TestPlatform/Extensions/Blame/v1","FriendlyName":"Blame","AssemblyQualifiedName":"Microsoft.TestPlatform.Extensions.BlameDataCollector.BlameCollector, Microsoft.TestPlatform.Extensions.BlameDataCollector, Version=15.0.0.0, Culture=neutral, PublicKeyToken=b03f5f7f11d50a3a","FilePath":"C:\\Program Files\\dotnet\\sdk\\7.0.401\\Extensions\\Microsoft.TestPlatform.Extensions.BlameDataCollector.dll","HasAttachmentProcessor":false}],"Metrics":{}}}
TpTrace Warning: 0 : 16956, 6, 2023/10/01, 20:02:18.584, 278263006358, vstest.console.dll, DataCollectionLauncher.ErrorReceivedCallback datacollector standard error line: 
TpTrace Information: 0 : 16956, 10, 2023/10/01, 20:02:18.586, 278263028518, vstest.console.dll, ProxyDataCollectionManager.InvokeDataCollectionServiceAction: Completed.
TpTrace Information: 0 : 16956, 6, 2023/10/01, 20:02:18.602, 278263187214, vstest.console.dll, DataCollectionLauncher.ExitCallBack: Data collector exited with exitcode: 0 error: ''
TpTrace Verbose: 0 : 16956, 10, 2023/10/01, 20:02:18.660, 278263769833, vstest.console.dll, TestRunRequest:SendTestRunStatsChange: Starting.
TpTrace Verbose: 0 : 16956, 10, 2023/10/01, 20:02:18.660, 278263771599, vstest.console.dll, MulticastDelegateUtilities.SafeInvoke: TestRun.RunStatsChanged: Invoking callbacks was skipped because there are no subscribers.
TpTrace Information: 0 : 16956, 10, 2023/10/01, 20:02:18.660, 278263772184, vstest.console.dll, TestRunRequest:SendTestRunStatsChange: Completed.
TpTrace Verbose: 0 : 16956, 4, 2023/10/01, 20:02:18.660, 278263772435, vstest.console.dll, MulticastDelegateUtilities.SafeInvoke: InternalTestLoggerEvents.SendTestResult: Invoking callback 1/1 for Microsoft.VisualStudio.TestPlatform.CommandLine.Internal.ConsoleLogger., took 0 ms.
TpTrace Verbose: 0 : 16956, 4, 2023/10/01, 20:02:18.661, 278263774343, vstest.console.dll, MulticastDelegateUtilities.SafeInvoke: InternalTestLoggerEvents.SendTestResult: Invoking callback 1/1 for Microsoft.VisualStudio.TestPlatform.CommandLine.Internal.ConsoleLogger., took 0 ms.
TpTrace Verbose: 0 : 16956, 4, 2023/10/01, 20:02:18.661, 278263775308, vstest.console.dll, MulticastDelegateUtilities.SafeInvoke: InternalTestLoggerEvents.SendTestResult: Invoking callback 1/1 for Microsoft.VisualStudio.TestPlatform.CommandLine.Internal.ConsoleLogger., took 0 ms.
TpTrace Verbose: 0 : 16956, 10, 2023/10/01, 20:02:18.661, 278263780271, vstest.console.dll, ParallelProxyExecutionManager: HandlePartialRunComplete: Total workloads = 1, Total started clients = 1 Total completed clients = 1, Run complete = True, Run canceled: False.
TpTrace Verbose: 0 : 16956, 10, 2023/10/01, 20:02:18.661, 278263780972, vstest.console.dll, ParallelProxyExecutionManager: HandlePartialRunComplete: All runs completed stopping all managers.
TpTrace Verbose: 0 : 16956, 10, 2023/10/01, 20:02:18.661, 278263781557, vstest.console.dll, ParallelOperationManager.StopAllManagers: Stopping all managers.
TpTrace Verbose: 0 : 16956, 10, 2023/10/01, 20:02:18.661, 278263782086, vstest.console.dll, ParallelOperationManager.ClearSlots: Clearing all slots. Slots should accept more work: False
TpTrace Verbose: 0 : 16956, 10, 2023/10/01, 20:02:18.662, 278263782821, vstest.console.dll, ParallelOperationManager.SetOccupiedSlotCount: Setting slot counts AvailableSlotCount = 1, OccupiedSlotCount = 0.
TpTrace Verbose: 0 : 16956, 10, 2023/10/01, 20:02:18.662, 278263783643, vstest.console.dll, Occupied slots:

TpTrace Verbose: 0 : 16956, 4, 2023/10/01, 20:02:18.662, 278263791087, vstest.console.dll, MulticastDelegateUtilities.SafeInvoke: InternalTestLoggerEvents.SendTestResult: Invoking callback 1/1 for Microsoft.VisualStudio.TestPlatform.CommandLine.Internal.ConsoleLogger., took 1 ms.
TpTrace Verbose: 0 : 16956, 4, 2023/10/01, 20:02:18.680, 278263963523, vstest.console.dll, MulticastDelegateUtilities.SafeInvoke: InternalTestLoggerEvents.SendTestRunComplete: Invoking callback 1/2 for Microsoft.TestPlatform.Extensions.BlameDataCollector.BlameLogger., took 0 ms.
TpTrace Verbose: 0 : 16956, 4, 2023/10/01, 20:02:18.691, 278264074160, vstest.console.dll, MulticastDelegateUtilities.SafeInvoke: InternalTestLoggerEvents.SendTestRunComplete: Invoking callback 2/2 for Microsoft.VisualStudio.TestPlatform.CommandLine.Internal.ConsoleLogger., took 10 ms.
TpTrace Verbose: 0 : 16956, 10, 2023/10/01, 20:02:18.692, 278264090589, vstest.console.dll, TestRunRequest:TestRunComplete: Starting. IsAborted:False IsCanceled:False.
TpTrace Verbose: 0 : 16956, 10, 2023/10/01, 20:02:18.693, 278264097847, vstest.console.dll, ParallelOperationManager.DoActionOnAllManagers: Calling an action on all managers.
TpTrace Verbose: 0 : 16956, 10, 2023/10/01, 20:02:18.695, 278264116995, vstest.console.dll, TestLoggerManager.HandleTestRunComplete: Ignoring as the object is disposed.
TpTrace Verbose: 0 : 16956, 10, 2023/10/01, 20:02:18.695, 278264120987, vstest.console.dll, MulticastDelegateUtilities.SafeInvoke: TestRun.TestRunComplete: Invoking callback 1/2 for Microsoft.VisualStudio.TestPlatform.CommandLine.TestRunResultAggregator., took 0 ms.
TpTrace Verbose: 0 : 16956, 10, 2023/10/01, 20:02:18.696, 278264123659, vstest.console.dll, MulticastDelegateUtilities.SafeInvoke: TestRun.TestRunComplete: Invoking callback 2/2 for Microsoft.VisualStudio.TestPlatform.CommandLine.Processors.RunTestsArgumentExecutor+TestRunRequestEventsRegistrar., took 0 ms.
TpTrace Information: 0 : 16956, 10, 2023/10/01, 20:02:18.704, 278264206000, vstest.console.dll, TestRunRequest:TestRunComplete: Completed.
TpTrace Verbose: 0 : 16956, 1, 2023/10/01, 20:02:18.704, 278264206389, vstest.console.dll, TestRunRequest.Dispose: Starting.
TpTrace Verbose: 0 : 16956, 10, 2023/10/01, 20:02:18.704, 278264207717, vstest.console.dll, TestRequestSender.SetOperationComplete: Setting operation complete.
TpTrace Information: 0 : 16956, 1, 2023/10/01, 20:02:18.704, 278264208690, vstest.console.dll, TestRunRequest.Dispose: Completed.
TpTrace Information: 0 : 16956, 10, 2023/10/01, 20:02:18.704, 278264209644, vstest.console.dll, SocketServer.Stop: Stop server endPoint: 127.0.0.1:62866
TpTrace Information: 0 : 16956, 1, 2023/10/01, 20:02:18.704, 278264210717, vstest.console.dll, TestRequestManager.RunTests: run tests completed.
TpTrace Information: 0 : 16956, 10, 2023/10/01, 20:02:18.704, 278264211152, vstest.console.dll, SocketServer.Stop: Cancellation requested. Stopping message loop.
TpTrace Verbose: 0 : 16956, 10, 2023/10/01, 20:02:18.705, 278264212918, vstest.console.dll, MulticastDelegateUtilities.SafeInvoke: LengthPrefixCommunicationChannel: MessageReceived: Invoking callback 1/1 for Microsoft.VisualStudio.TestPlatform.CommunicationUtilities.TestRequestSender+<>c__DisplayClass34_0., took 185 ms.
TpTrace Information: 0 : 16956, 1, 2023/10/01, 20:02:18.705, 278264213717, vstest.console.dll, RunTestsArgumentProcessor:Execute: Test run is completed.
TpTrace Information: 0 : 16956, 10, 2023/10/01, 20:02:18.705, 278264213818, vstest.console.dll, SocketServer.PrivateStop: Stopping server endPoint: 127.0.0.1:62866 error: 
TpTrace Verbose: 0 : 16956, 1, 2023/10/01, 20:02:18.705, 278264216629, vstest.console.dll, Executor.Execute: Exiting with exit code of 0
